{"/Users/badrbaddou/Projects/openinnovation/evalutation-framework/src/app.controller.ts": {"path":"/Users/badrbaddou/Projects/openinnovation/evalutation-framework/src/app.controller.ts","statementMap":{"0":{"start":{"line":1,"column":0},"end":{"line":1,"column":48}},"1":{"start":{"line":2,"column":0},"end":{"line":2,"column":42}},"2":{"start":{"line":5,"column":7},"end":{"line":20,"column":null}},"3":{"start":{"line":6,"column":31},"end":{"line":6,"column":43}},"4":{"start":{"line":10,"column":4},"end":{"line":10,"column":null}},"5":{"start":{"line":15,"column":4},"end":{"line":18,"column":null}},"6":{"start":{"line":5,"column":13},"end":{"line":5,"column":26}},"7":{"start":{"line":9,"column":2},"end":{"line":11,"column":null}},"8":{"start":{"line":14,"column":2},"end":{"line":19,"column":null}},"9":{"start":{"line":5,"column":13},"end":{"line":20,"column":null}}},"fnMap":{"0":{"name":"(anonymous_2)","decl":{"start":{"line":6,"column":2},"end":{"line":6,"column":31}},"loc":{"start":{"line":6,"column":53},"end":{"line":6,"column":57}}},"1":{"name":"(anonymous_3)","decl":{"start":{"line":9,"column":2},"end":{"line":9,"column":10}},"loc":{"start":{"line":9,"column":10},"end":{"line":11,"column":3}}},"2":{"name":"(anonymous_4)","decl":{"start":{"line":14,"column":2},"end":{"line":14,"column":13}},"loc":{"start":{"line":14,"column":13},"end":{"line":19,"column":3}}}},"branchMap":{},"s":{"0":0,"1":0,"2":0,"3":0,"4":0,"5":0,"6":0,"7":0,"8":0,"9":0},"f":{"0":0,"1":0,"2":0},"b":{}}
,"/Users/badrbaddou/Projects/openinnovation/evalutation-framework/src/app.module.ts": {"path":"/Users/badrbaddou/Projects/openinnovation/evalutation-framework/src/app.module.ts","statementMap":{"0":{"start":{"line":1,"column":0},"end":{"line":1,"column":39}},"1":{"start":{"line":2,"column":0},"end":{"line":2,"column":45}},"2":{"start":{"line":3,"column":0},"end":{"line":3,"column":48}},"3":{"start":{"line":4,"column":0},"end":{"line":4,"column":42}},"4":{"start":{"line":5,"column":0},"end":{"line":5,"column":47}},"5":{"start":{"line":6,"column":0},"end":{"line":6,"column":91}},"6":{"start":{"line":20,"column":7},"end":{"line":20,"column":null}},"7":{"start":{"line":20,"column":13},"end":{"line":20,"column":22}},"8":{"start":{"line":20,"column":13},"end":{"line":20,"column":null}}},"fnMap":{},"branchMap":{},"s":{"0":0,"1":0,"2":0,"3":0,"4":0,"5":0,"6":0,"7":0,"8":0},"f":{},"b":{}}
,"/Users/badrbaddou/Projects/openinnovation/evalutation-framework/src/app.service.ts": {"path":"/Users/badrbaddou/Projects/openinnovation/evalutation-framework/src/app.service.ts","statementMap":{"0":{"start":{"line":1,"column":0},"end":{"line":1,"column":43}},"1":{"start":{"line":4,"column":7},"end":{"line":8,"column":null}},"2":{"start":{"line":6,"column":4},"end":{"line":6,"column":null}},"3":{"start":{"line":4,"column":13},"end":{"line":4,"column":23}},"4":{"start":{"line":4,"column":13},"end":{"line":8,"column":null}}},"fnMap":{"0":{"name":"(anonymous_1)","decl":{"start":{"line":5,"column":2},"end":{"line":5,"column":10}},"loc":{"start":{"line":5,"column":10},"end":{"line":7,"column":3}}}},"branchMap":{},"s":{"0":0,"1":0,"2":0,"3":0,"4":0},"f":{"0":0},"b":{}}
,"/Users/badrbaddou/Projects/openinnovation/evalutation-framework/src/auth/auth.module.ts": {"path":"/Users/badrbaddou/Projects/openinnovation/evalutation-framework/src/auth/auth.module.ts","statementMap":{"0":{"start":{"line":1,"column":0},"end":{"line":1,"column":39}},"1":{"start":{"line":2,"column":0},"end":{"line":2,"column":69}},"2":{"start":{"line":3,"column":0},"end":{"line":3,"column":39}},"3":{"start":{"line":4,"column":0},"end":{"line":4,"column":46}},"4":{"start":{"line":5,"column":0},"end":{"line":5,"column":67}},"5":{"start":{"line":8,"column":0},"end":{"line":8,"column":75}},"6":{"start":{"line":9,"column":0},"end":{"line":9,"column":67}},"7":{"start":{"line":10,"column":0},"end":{"line":10,"column":82}},"8":{"start":{"line":11,"column":0},"end":{"line":11,"column":93}},"9":{"start":{"line":14,"column":0},"end":{"line":14,"column":110}},"10":{"start":{"line":15,"column":0},"end":{"line":15,"column":101}},"11":{"start":{"line":16,"column":0},"end":{"line":16,"column":92}},"12":{"start":{"line":17,"column":0},"end":{"line":17,"column":106}},"13":{"start":{"line":18,"column":0},"end":{"line":18,"column":98}},"14":{"start":{"line":19,"column":0},"end":{"line":19,"column":89}},"15":{"start":{"line":20,"column":0},"end":{"line":20,"column":96}},"16":{"start":{"line":23,"column":0},"end":{"line":23,"column":85}},"17":{"start":{"line":24,"column":0},"end":{"line":24,"column":83}},"18":{"start":{"line":25,"column":0},"end":{"line":25,"column":81}},"19":{"start":{"line":26,"column":0},"end":{"line":26,"column":97}},"20":{"start":{"line":29,"column":0},"end":{"line":29,"column":80}},"21":{"start":{"line":30,"column":0},"end":{"line":30,"column":103}},"22":{"start":{"line":31,"column":0},"end":{"line":31,"column":120}},"23":{"start":{"line":32,"column":0},"end":{"line":32,"column":109}},"24":{"start":{"line":120,"column":7},"end":{"line":120,"column":null}},"25":{"start":{"line":120,"column":13},"end":{"line":120,"column":23}},"26":{"start":{"line":120,"column":13},"end":{"line":120,"column":null}},"27":{"start":{"line":38,"column":53},"end":{"line":43,"column":8}}},"fnMap":{"0":{"name":"(anonymous_1)","decl":{"start":{"line":38,"column":18},"end":{"line":38,"column":19}},"loc":{"start":{"line":38,"column":53},"end":{"line":43,"column":8}}}},"branchMap":{},"s":{"0":0,"1":0,"2":0,"3":0,"4":0,"5":0,"6":0,"7":0,"8":0,"9":0,"10":0,"11":0,"12":0,"13":0,"14":0,"15":0,"16":0,"17":0,"18":0,"19":0,"20":0,"21":0,"22":0,"23":0,"24":0,"25":0,"26":0,"27":0},"f":{"0":0},"b":{}}
,"/Users/badrbaddou/Projects/openinnovation/evalutation-framework/src/auth/application/dto/keycloak-user-data.dto.ts": {"path":"/Users/badrbaddou/Projects/openinnovation/evalutation-framework/src/auth/application/dto/keycloak-user-data.dto.ts","statementMap":{"0":{"start":{"line":10,"column":20},"end":{"line":10,"column":38}},"1":{"start":{"line":11,"column":20},"end":{"line":11,"column":33}},"2":{"start":{"line":12,"column":20},"end":{"line":12,"column":32}},"3":{"start":{"line":13,"column":20},"end":{"line":13,"column":43}},"4":{"start":{"line":14,"column":20},"end":{"line":14,"column":46}},"5":{"start":{"line":27,"column":4},"end":{"line":33,"column":null}},"6":{"start":{"line":8,"column":0},"end":{"line":8,"column":13}}},"fnMap":{"0":{"name":"(anonymous_0)","decl":{"start":{"line":9,"column":2},"end":{"line":9,"column":null}},"loc":{"start":{"line":14,"column":46},"end":{"line":15,"column":6}}},"1":{"name":"(anonymous_1)","decl":{"start":{"line":20,"column":2},"end":{"line":20,"column":8}},"loc":{"start":{"line":26,"column":3},"end":{"line":34,"column":3}}}},"branchMap":{},"s":{"0":0,"1":0,"2":0,"3":0,"4":0,"5":0,"6":0},"f":{"0":0,"1":0},"b":{}}
,"/Users/badrbaddou/Projects/openinnovation/evalutation-framework/src/auth/application/dto/token-pair.dto.ts": {"path":"/Users/badrbaddou/Projects/openinnovation/evalutation-framework/src/auth/application/dto/token-pair.dto.ts","statementMap":{"0":{"start":{"line":9,"column":20},"end":{"line":9,"column":39}},"1":{"start":{"line":10,"column":20},"end":{"line":10,"column":40}},"2":{"start":{"line":11,"column":20},"end":{"line":11,"column":37}},"3":{"start":{"line":7,"column":0},"end":{"line":7,"column":13}}},"fnMap":{"0":{"name":"(anonymous_0)","decl":{"start":{"line":8,"column":2},"end":{"line":8,"column":null}},"loc":{"start":{"line":11,"column":37},"end":{"line":12,"column":6}}}},"branchMap":{},"s":{"0":0,"1":0,"2":0,"3":0},"f":{"0":0},"b":{}}
,"/Users/badrbaddou/Projects/openinnovation/evalutation-framework/src/auth/application/dto/user.dto.ts": {"path":"/Users/badrbaddou/Projects/openinnovation/evalutation-framework/src/auth/application/dto/user.dto.ts","statementMap":{"0":{"start":{"line":12,"column":20},"end":{"line":12,"column":30}},"1":{"start":{"line":13,"column":20},"end":{"line":13,"column":33}},"2":{"start":{"line":14,"column":20},"end":{"line":14,"column":32}},"3":{"start":{"line":15,"column":20},"end":{"line":15,"column":38}},"4":{"start":{"line":16,"column":20},"end":{"line":16,"column":35}},"5":{"start":{"line":17,"column":20},"end":{"line":17,"column":37}},"6":{"start":{"line":18,"column":20},"end":{"line":18,"column":35}},"7":{"start":{"line":19,"column":20},"end":{"line":19,"column":35}},"8":{"start":{"line":26,"column":4},"end":{"line":35,"column":null}},"9":{"start":{"line":31,"column":31},"end":{"line":31,"column":41}},"10":{"start":{"line":10,"column":0},"end":{"line":10,"column":13}}},"fnMap":{"0":{"name":"(anonymous_0)","decl":{"start":{"line":11,"column":2},"end":{"line":11,"column":null}},"loc":{"start":{"line":19,"column":35},"end":{"line":20,"column":6}}},"1":{"name":"(anonymous_1)","decl":{"start":{"line":25,"column":2},"end":{"line":25,"column":8}},"loc":{"start":{"line":25,"column":30},"end":{"line":36,"column":3}}},"2":{"name":"(anonymous_2)","decl":{"start":{"line":31,"column":21},"end":{"line":31,"column":22}},"loc":{"start":{"line":31,"column":31},"end":{"line":31,"column":41}}}},"branchMap":{},"s":{"0":0,"1":0,"2":0,"3":0,"4":0,"5":0,"6":0,"7":0,"8":0,"9":0,"10":0},"f":{"0":0,"1":0,"2":0},"b":{}}
,"/Users/badrbaddou/Projects/openinnovation/evalutation-framework/src/auth/application/exceptions/authentication-failed.exception.ts": {"path":"/Users/badrbaddou/Projects/openinnovation/evalutation-framework/src/auth/application/exceptions/authentication-failed.exception.ts","statementMap":{"0":{"start":{"line":1,"column":0},"end":{"line":1,"column":87}},"1":{"start":{"line":5,"column":4},"end":{"line":5,"column":null}},"2":{"start":{"line":6,"column":4},"end":{"line":6,"column":null}},"3":{"start":{"line":3,"column":0},"end":{"line":3,"column":13}}},"fnMap":{"0":{"name":"(anonymous_0)","decl":{"start":{"line":4,"column":2},"end":{"line":4,"column":14}},"loc":{"start":{"line":4,"column":55},"end":{"line":7,"column":3}}}},"branchMap":{"0":{"loc":{"start":{"line":4,"column":14},"end":{"line":4,"column":55}},"type":"default-arg","locations":[{"start":{"line":4,"column":32},"end":{"line":4,"column":55}}]}},"s":{"0":0,"1":0,"2":0,"3":0},"f":{"0":0},"b":{"0":[0]}}
,"/Users/badrbaddou/Projects/openinnovation/evalutation-framework/src/auth/application/exceptions/token-expired.exception.ts": {"path":"/Users/badrbaddou/Projects/openinnovation/evalutation-framework/src/auth/application/exceptions/token-expired.exception.ts","statementMap":{"0":{"start":{"line":1,"column":0},"end":{"line":1,"column":87}},"1":{"start":{"line":5,"column":4},"end":{"line":5,"column":null}},"2":{"start":{"line":6,"column":4},"end":{"line":6,"column":null}},"3":{"start":{"line":3,"column":0},"end":{"line":3,"column":13}}},"fnMap":{"0":{"name":"(anonymous_0)","decl":{"start":{"line":4,"column":2},"end":{"line":4,"column":14}},"loc":{"start":{"line":4,"column":51},"end":{"line":7,"column":3}}}},"branchMap":{"0":{"loc":{"start":{"line":4,"column":14},"end":{"line":4,"column":51}},"type":"default-arg","locations":[{"start":{"line":4,"column":32},"end":{"line":4,"column":51}}]}},"s":{"0":0,"1":0,"2":0,"3":0},"f":{"0":0},"b":{"0":[0]}}
,"/Users/badrbaddou/Projects/openinnovation/evalutation-framework/src/auth/application/exceptions/token-theft-detected.exception.ts": {"path":"/Users/badrbaddou/Projects/openinnovation/evalutation-framework/src/auth/application/exceptions/token-theft-detected.exception.ts","statementMap":{"0":{"start":{"line":1,"column":0},"end":{"line":1,"column":87}},"1":{"start":{"line":5,"column":4},"end":{"line":5,"column":null}},"2":{"start":{"line":6,"column":4},"end":{"line":6,"column":null}},"3":{"start":{"line":3,"column":0},"end":{"line":3,"column":13}}},"fnMap":{"0":{"name":"(anonymous_0)","decl":{"start":{"line":4,"column":2},"end":{"line":4,"column":14}},"loc":{"start":{"line":4,"column":77},"end":{"line":7,"column":3}}}},"branchMap":{"0":{"loc":{"start":{"line":4,"column":14},"end":{"line":4,"column":77}},"type":"default-arg","locations":[{"start":{"line":4,"column":32},"end":{"line":4,"column":77}}]}},"s":{"0":0,"1":0,"2":0,"3":0},"f":{"0":0},"b":{"0":[0]}}
,"/Users/badrbaddou/Projects/openinnovation/evalutation-framework/src/auth/application/exceptions/user-deactivated.exception.ts": {"path":"/Users/badrbaddou/Projects/openinnovation/evalutation-framework/src/auth/application/exceptions/user-deactivated.exception.ts","statementMap":{"0":{"start":{"line":1,"column":0},"end":{"line":1,"column":87}},"1":{"start":{"line":5,"column":4},"end":{"line":5,"column":null}},"2":{"start":{"line":6,"column":4},"end":{"line":6,"column":null}},"3":{"start":{"line":3,"column":0},"end":{"line":3,"column":13}}},"fnMap":{"0":{"name":"(anonymous_0)","decl":{"start":{"line":4,"column":2},"end":{"line":4,"column":14}},"loc":{"start":{"line":4,"column":61},"end":{"line":7,"column":3}}}},"branchMap":{"0":{"loc":{"start":{"line":4,"column":14},"end":{"line":4,"column":61}},"type":"default-arg","locations":[{"start":{"line":4,"column":32},"end":{"line":4,"column":61}}]}},"s":{"0":0,"1":0,"2":0,"3":0},"f":{"0":0},"b":{"0":[0]}}
,"/Users/badrbaddou/Projects/openinnovation/evalutation-framework/src/auth/application/exceptions/user-not-found.exception.ts": {"path":"/Users/badrbaddou/Projects/openinnovation/evalutation-framework/src/auth/application/exceptions/user-not-found.exception.ts","statementMap":{"0":{"start":{"line":1,"column":0},"end":{"line":1,"column":87}},"1":{"start":{"line":5,"column":4},"end":{"line":5,"column":null}},"2":{"start":{"line":6,"column":4},"end":{"line":6,"column":null}},"3":{"start":{"line":3,"column":0},"end":{"line":3,"column":13}}},"fnMap":{"0":{"name":"(anonymous_0)","decl":{"start":{"line":4,"column":2},"end":{"line":4,"column":14}},"loc":{"start":{"line":4,"column":48},"end":{"line":7,"column":3}}}},"branchMap":{"0":{"loc":{"start":{"line":4,"column":14},"end":{"line":4,"column":48}},"type":"default-arg","locations":[{"start":{"line":4,"column":32},"end":{"line":4,"column":48}}]}},"s":{"0":0,"1":0,"2":0,"3":0},"f":{"0":0},"b":{"0":[0]}}
,"/Users/badrbaddou/Projects/openinnovation/evalutation-framework/src/auth/application/services/user-synchronization.service.ts": {"path":"/Users/badrbaddou/Projects/openinnovation/evalutation-framework/src/auth/application/services/user-synchronization.service.ts","statementMap":{"0":{"start":{"line":1,"column":0},"end":{"line":1,"column":43}},"1":{"start":{"line":4,"column":0},"end":{"line":4,"column":59}},"2":{"start":{"line":13,"column":7},"end":{"line":31,"column":null}},"3":{"start":{"line":25,"column":4},"end":{"line":29,"column":null}},"4":{"start":{"line":13,"column":13},"end":{"line":13,"column":39}},"5":{"start":{"line":13,"column":13},"end":{"line":31,"column":null}}},"fnMap":{"0":{"name":"(anonymous_1)","decl":{"start":{"line":23,"column":2},"end":{"line":23,"column":17}},"loc":{"start":{"line":23,"column":63},"end":{"line":30,"column":3}}}},"branchMap":{},"s":{"0":0,"1":0,"2":0,"3":0,"4":0,"5":0},"f":{"0":0},"b":{}}
,"/Users/badrbaddou/Projects/openinnovation/evalutation-framework/src/auth/application/use-cases/authenticate-user/authenticate-user.input.ts": {"path":"/Users/badrbaddou/Projects/openinnovation/evalutation-framework/src/auth/application/use-cases/authenticate-user/authenticate-user.input.ts","statementMap":{"0":{"start":{"line":9,"column":20},"end":{"line":9,"column":45}},"1":{"start":{"line":10,"column":20},"end":{"line":10,"column":40}},"2":{"start":{"line":11,"column":20},"end":{"line":11,"column":37}},"3":{"start":{"line":12,"column":20},"end":{"line":12,"column":38}},"4":{"start":{"line":13,"column":20},"end":{"line":13,"column":38}},"5":{"start":{"line":7,"column":0},"end":{"line":7,"column":13}}},"fnMap":{"0":{"name":"(anonymous_0)","decl":{"start":{"line":8,"column":2},"end":{"line":8,"column":null}},"loc":{"start":{"line":13,"column":38},"end":{"line":14,"column":6}}}},"branchMap":{},"s":{"0":0,"1":0,"2":0,"3":0,"4":0,"5":0},"f":{"0":0},"b":{}}
,"/Users/badrbaddou/Projects/openinnovation/evalutation-framework/src/auth/application/use-cases/authenticate-user/authenticate-user.output.ts": {"path":"/Users/badrbaddou/Projects/openinnovation/evalutation-framework/src/auth/application/use-cases/authenticate-user/authenticate-user.output.ts","statementMap":{"0":{"start":{"line":11,"column":20},"end":{"line":11,"column":33}},"1":{"start":{"line":12,"column":20},"end":{"line":12,"column":39}},"2":{"start":{"line":13,"column":20},"end":{"line":13,"column":40}},"3":{"start":{"line":14,"column":20},"end":{"line":14,"column":37}},"4":{"start":{"line":9,"column":0},"end":{"line":9,"column":13}}},"fnMap":{"0":{"name":"(anonymous_0)","decl":{"start":{"line":10,"column":2},"end":{"line":10,"column":null}},"loc":{"start":{"line":14,"column":37},"end":{"line":15,"column":6}}}},"branchMap":{},"s":{"0":0,"1":0,"2":0,"3":0,"4":0},"f":{"0":0},"b":{}}
,"/Users/badrbaddou/Projects/openinnovation/evalutation-framework/src/auth/application/use-cases/authenticate-user/authenticate-user.use-case.ts": {"path":"/Users/badrbaddou/Projects/openinnovation/evalutation-framework/src/auth/application/use-cases/authenticate-user/authenticate-user.use-case.ts","statementMap":{"0":{"start":{"line":1,"column":0},"end":{"line":1,"column":51}},"1":{"start":{"line":8,"column":0},"end":{"line":8,"column":67}},"2":{"start":{"line":9,"column":0},"end":{"line":9,"column":59}},"3":{"start":{"line":10,"column":0},"end":{"line":10,"column":65}},"4":{"start":{"line":11,"column":0},"end":{"line":11,"column":62}},"5":{"start":{"line":12,"column":0},"end":{"line":12,"column":60}},"6":{"start":{"line":13,"column":0},"end":{"line":13,"column":44}},"7":{"start":{"line":14,"column":0},"end":{"line":14,"column":96}},"8":{"start":{"line":15,"column":0},"end":{"line":15,"column":86}},"9":{"start":{"line":16,"column":0},"end":{"line":16,"column":32}},"10":{"start":{"line":35,"column":7},"end":{"line":137,"column":null}},"11":{"start":{"line":38,"column":21},"end":{"line":38,"column":54}},"12":{"start":{"line":40,"column":21},"end":{"line":40,"column":48}},"13":{"start":{"line":42,"column":21},"end":{"line":42,"column":52}},"14":{"start":{"line":44,"column":21},"end":{"line":44,"column":52}},"15":{"start":{"line":46,"column":21},"end":{"line":46,"column":68}},"16":{"start":{"line":50,"column":4},"end":{"line":135,"column":5}},"17":{"start":{"line":52,"column":29},"end":{"line":54,"column":null}},"18":{"start":{"line":58,"column":31},"end":{"line":58,"column":99}},"19":{"start":{"line":61,"column":17},"end":{"line":61,"column":81}},"20":{"start":{"line":63,"column":6},"end":{"line":84,"column":7}},"21":{"start":{"line":65,"column":8},"end":{"line":74,"column":null}},"22":{"start":{"line":75,"column":8},"end":{"line":75,"column":null}},"23":{"start":{"line":78,"column":8},"end":{"line":82,"column":null}},"24":{"start":{"line":83,"column":8},"end":{"line":83,"column":null}},"25":{"start":{"line":87,"column":6},"end":{"line":89,"column":7}},"26":{"start":{"line":88,"column":8},"end":{"line":88,"column":null}},"27":{"start":{"line":92,"column":24},"end":{"line":92,"column":86}},"28":{"start":{"line":95,"column":31},"end":{"line":95,"column":92}},"29":{"start":{"line":96,"column":27},"end":{"line":103,"column":8}},"30":{"start":{"line":104,"column":6},"end":{"line":104,"column":null}},"31":{"start":{"line":107,"column":24},"end":{"line":107,"column":70}},"32":{"start":{"line":108,"column":6},"end":{"line":114,"column":null}},"33":{"start":{"line":117,"column":6},"end":{"line":122,"column":null}},"34":{"start":{"line":125,"column":6},"end":{"line":130,"column":7}},"35":{"start":{"line":129,"column":8},"end":{"line":129,"column":null}},"36":{"start":{"line":132,"column":6},"end":{"line":134,"column":null}},"37":{"start":{"line":35,"column":13},"end":{"line":35,"column":36}},"38":{"start":{"line":35,"column":13},"end":{"line":137,"column":null}}},"fnMap":{"0":{"name":"(anonymous_13)","decl":{"start":{"line":36,"column":2},"end":{"line":36,"column":null}},"loc":{"start":{"line":46,"column":68},"end":{"line":47,"column":6}}},"1":{"name":"(anonymous_14)","decl":{"start":{"line":49,"column":2},"end":{"line":49,"column":7}},"loc":{"start":{"line":49,"column":44},"end":{"line":136,"column":3}}},"2":{"name":"(anonymous_15)","decl":{"start":{"line":95,"column":31},"end":{"line":95,"column":44}},"loc":{"start":{"line":95,"column":31},"end":{"line":95,"column":92}}}},"branchMap":{"0":{"loc":{"start":{"line":63,"column":6},"end":{"line":84,"column":7}},"type":"if","locations":[{"start":{"line":63,"column":6},"end":{"line":84,"column":7}},{"start":{"line":76,"column":13},"end":{"line":84,"column":7}}]},"1":{"loc":{"start":{"line":87,"column":6},"end":{"line":89,"column":7}},"type":"if","locations":[{"start":{"line":87,"column":6},"end":{"line":89,"column":7}}]},"2":{"loc":{"start":{"line":125,"column":6},"end":{"line":130,"column":7}},"type":"if","locations":[{"start":{"line":125,"column":6},"end":{"line":130,"column":7}}]},"3":{"loc":{"start":{"line":126,"column":8},"end":{"line":127,"column":54}},"type":"binary-expr","locations":[{"start":{"line":126,"column":8},"end":{"line":126,"column":49}},{"start":{"line":127,"column":8},"end":{"line":127,"column":54}}]},"4":{"loc":{"start":{"line":133,"column":34},"end":{"line":133,"column":90}},"type":"cond-expr","locations":[{"start":{"line":133,"column":59},"end":{"line":133,"column":72}},{"start":{"line":133,"column":75},"end":{"line":133,"column":90}}]}},"s":{"0":0,"1":0,"2":0,"3":0,"4":0,"5":0,"6":0,"7":0,"8":0,"9":0,"10":0,"11":0,"12":0,"13":0,"14":0,"15":0,"16":0,"17":0,"18":0,"19":0,"20":0,"21":0,"22":0,"23":0,"24":0,"25":0,"26":0,"27":0,"28":0,"29":0,"30":0,"31":0,"32":0,"33":0,"34":0,"35":0,"36":0,"37":0,"38":0},"f":{"0":0,"1":0,"2":0},"b":{"0":[0,0],"1":[0],"2":[0],"3":[0,0],"4":[0,0]}}
,"/Users/badrbaddou/Projects/openinnovation/evalutation-framework/src/auth/application/use-cases/get-current-user/get-current-user.input.ts": {"path":"/Users/badrbaddou/Projects/openinnovation/evalutation-framework/src/auth/application/use-cases/get-current-user/get-current-user.input.ts","statementMap":{"0":{"start":{"line":10,"column":30},"end":{"line":10,"column":44}},"1":{"start":{"line":9,"column":0},"end":{"line":9,"column":13}}},"fnMap":{"0":{"name":"(anonymous_0)","decl":{"start":{"line":10,"column":2},"end":{"line":10,"column":30}},"loc":{"start":{"line":10,"column":44},"end":{"line":10,"column":48}}}},"branchMap":{},"s":{"0":0,"1":0},"f":{"0":0},"b":{}}
,"/Users/badrbaddou/Projects/openinnovation/evalutation-framework/src/auth/application/use-cases/get-current-user/get-current-user.output.ts": {"path":"/Users/badrbaddou/Projects/openinnovation/evalutation-framework/src/auth/application/use-cases/get-current-user/get-current-user.output.ts","statementMap":{"0":{"start":{"line":10,"column":30},"end":{"line":10,"column":43}},"1":{"start":{"line":9,"column":0},"end":{"line":9,"column":13}}},"fnMap":{"0":{"name":"(anonymous_0)","decl":{"start":{"line":10,"column":2},"end":{"line":10,"column":30}},"loc":{"start":{"line":10,"column":43},"end":{"line":10,"column":47}}}},"branchMap":{},"s":{"0":0,"1":0},"f":{"0":0},"b":{}}
,"/Users/badrbaddou/Projects/openinnovation/evalutation-framework/src/auth/application/use-cases/get-current-user/get-current-user.use-case.ts": {"path":"/Users/badrbaddou/Projects/openinnovation/evalutation-framework/src/auth/application/use-cases/get-current-user/get-current-user.use-case.ts","statementMap":{"0":{"start":{"line":1,"column":0},"end":{"line":1,"column":51}},"1":{"start":{"line":4,"column":0},"end":{"line":4,"column":64}},"2":{"start":{"line":5,"column":0},"end":{"line":5,"column":44}},"3":{"start":{"line":6,"column":0},"end":{"line":6,"column":81}},"4":{"start":{"line":7,"column":0},"end":{"line":7,"column":86}},"5":{"start":{"line":19,"column":7},"end":{"line":42,"column":null}},"6":{"start":{"line":22,"column":21},"end":{"line":22,"column":52}},"7":{"start":{"line":27,"column":17},"end":{"line":27,"column":65}},"8":{"start":{"line":30,"column":4},"end":{"line":32,"column":5}},"9":{"start":{"line":31,"column":6},"end":{"line":31,"column":null}},"10":{"start":{"line":35,"column":4},"end":{"line":37,"column":5}},"11":{"start":{"line":36,"column":6},"end":{"line":36,"column":null}},"12":{"start":{"line":40,"column":4},"end":{"line":40,"column":null}},"13":{"start":{"line":19,"column":13},"end":{"line":19,"column":34}},"14":{"start":{"line":19,"column":13},"end":{"line":42,"column":null}}},"fnMap":{"0":{"name":"(anonymous_4)","decl":{"start":{"line":20,"column":2},"end":{"line":20,"column":null}},"loc":{"start":{"line":22,"column":52},"end":{"line":23,"column":6}}},"1":{"name":"(anonymous_5)","decl":{"start":{"line":25,"column":2},"end":{"line":25,"column":7}},"loc":{"start":{"line":25,"column":42},"end":{"line":41,"column":3}}}},"branchMap":{"0":{"loc":{"start":{"line":30,"column":4},"end":{"line":32,"column":5}},"type":"if","locations":[{"start":{"line":30,"column":4},"end":{"line":32,"column":5}}]},"1":{"loc":{"start":{"line":35,"column":4},"end":{"line":37,"column":5}},"type":"if","locations":[{"start":{"line":35,"column":4},"end":{"line":37,"column":5}}]}},"s":{"0":0,"1":0,"2":0,"3":0,"4":0,"5":0,"6":0,"7":0,"8":0,"9":0,"10":0,"11":0,"12":0,"13":0,"14":0},"f":{"0":0,"1":0},"b":{"0":[0],"1":[0]}}
,"/Users/badrbaddou/Projects/openinnovation/evalutation-framework/src/auth/application/use-cases/login-user/login-user.use-case.ts": {"path":"/Users/badrbaddou/Projects/openinnovation/evalutation-framework/src/auth/application/use-cases/login-user/login-user.use-case.ts","statementMap":{"0":{"start":{"line":1,"column":0},"end":{"line":1,"column":74}},"1":{"start":{"line":7,"column":0},"end":{"line":7,"column":62}},"2":{"start":{"line":8,"column":0},"end":{"line":8,"column":76}},"3":{"start":{"line":9,"column":0},"end":{"line":9,"column":32}},"4":{"start":{"line":12,"column":7},"end":{"line":71,"column":null}},"5":{"start":{"line":15,"column":21},"end":{"line":15,"column":52}},"6":{"start":{"line":17,"column":21},"end":{"line":17,"column":48}},"7":{"start":{"line":19,"column":21},"end":{"line":19,"column":68}},"8":{"start":{"line":24,"column":18},"end":{"line":24,"column":43}},"9":{"start":{"line":25,"column":17},"end":{"line":25,"column":61}},"10":{"start":{"line":27,"column":4},"end":{"line":29,"column":5}},"11":{"start":{"line":28,"column":6},"end":{"line":28,"column":null}},"12":{"start":{"line":32,"column":4},"end":{"line":34,"column":5}},"13":{"start":{"line":33,"column":6},"end":{"line":33,"column":null}},"14":{"start":{"line":41,"column":22},"end":{"line":41,"column":84}},"15":{"start":{"line":44,"column":29},"end":{"line":44,"column":74}},"16":{"start":{"line":45,"column":25},"end":{"line":52,"column":6}},"17":{"start":{"line":54,"column":4},"end":{"line":54,"column":null}},"18":{"start":{"line":56,"column":4},"end":{"line":69,"column":null}},"19":{"start":{"line":61,"column":35},"end":{"line":61,"column":42}},"20":{"start":{"line":12,"column":13},"end":{"line":12,"column":29}},"21":{"start":{"line":12,"column":13},"end":{"line":71,"column":null}}},"fnMap":{"0":{"name":"(anonymous_13)","decl":{"start":{"line":13,"column":2},"end":{"line":13,"column":null}},"loc":{"start":{"line":19,"column":68},"end":{"line":20,"column":6}}},"1":{"name":"(anonymous_14)","decl":{"start":{"line":22,"column":2},"end":{"line":22,"column":7}},"loc":{"start":{"line":22,"column":37},"end":{"line":70,"column":3}}},"2":{"name":"(anonymous_15)","decl":{"start":{"line":61,"column":30},"end":{"line":61,"column":31}},"loc":{"start":{"line":61,"column":35},"end":{"line":61,"column":42}}}},"branchMap":{"0":{"loc":{"start":{"line":27,"column":4},"end":{"line":29,"column":5}},"type":"if","locations":[{"start":{"line":27,"column":4},"end":{"line":29,"column":5}}]},"1":{"loc":{"start":{"line":32,"column":4},"end":{"line":34,"column":5}},"type":"if","locations":[{"start":{"line":32,"column":4},"end":{"line":34,"column":5}}]}},"s":{"0":0,"1":0,"2":0,"3":0,"4":0,"5":0,"6":0,"7":0,"8":0,"9":0,"10":0,"11":0,"12":0,"13":0,"14":0,"15":0,"16":0,"17":0,"18":0,"19":0,"20":0,"21":0},"f":{"0":0,"1":0,"2":0},"b":{"0":[0],"1":[0]}}
,"/Users/badrbaddou/Projects/openinnovation/evalutation-framework/src/auth/application/use-cases/logout-user/logout-user.input.ts": {"path":"/Users/badrbaddou/Projects/openinnovation/evalutation-framework/src/auth/application/use-cases/logout-user/logout-user.input.ts","statementMap":{"0":{"start":{"line":10,"column":30},"end":{"line":10,"column":44}},"1":{"start":{"line":9,"column":0},"end":{"line":9,"column":13}}},"fnMap":{"0":{"name":"(anonymous_0)","decl":{"start":{"line":10,"column":2},"end":{"line":10,"column":30}},"loc":{"start":{"line":10,"column":44},"end":{"line":10,"column":48}}}},"branchMap":{},"s":{"0":0,"1":0},"f":{"0":0},"b":{}}
,"/Users/badrbaddou/Projects/openinnovation/evalutation-framework/src/auth/application/use-cases/logout-user/logout-user.use-case.ts": {"path":"/Users/badrbaddou/Projects/openinnovation/evalutation-framework/src/auth/application/use-cases/logout-user/logout-user.use-case.ts","statementMap":{"0":{"start":{"line":1,"column":0},"end":{"line":1,"column":51}},"1":{"start":{"line":16,"column":7},"end":{"line":31,"column":null}},"2":{"start":{"line":19,"column":21},"end":{"line":19,"column":52}},"3":{"start":{"line":21,"column":21},"end":{"line":21,"column":68}},"4":{"start":{"line":26,"column":4},"end":{"line":26,"column":null}},"5":{"start":{"line":29,"column":4},"end":{"line":29,"column":null}},"6":{"start":{"line":16,"column":13},"end":{"line":16,"column":30}},"7":{"start":{"line":16,"column":13},"end":{"line":31,"column":null}}},"fnMap":{"0":{"name":"(anonymous_4)","decl":{"start":{"line":17,"column":2},"end":{"line":17,"column":null}},"loc":{"start":{"line":21,"column":68},"end":{"line":22,"column":6}}},"1":{"name":"(anonymous_5)","decl":{"start":{"line":24,"column":2},"end":{"line":24,"column":7}},"loc":{"start":{"line":24,"column":38},"end":{"line":30,"column":3}}}},"branchMap":{},"s":{"0":0,"1":0,"2":0,"3":0,"4":0,"5":0,"6":0,"7":0},"f":{"0":0,"1":0},"b":{}}
,"/Users/badrbaddou/Projects/openinnovation/evalutation-framework/src/auth/application/use-cases/refresh-tokens/refresh-tokens.input.ts": {"path":"/Users/badrbaddou/Projects/openinnovation/evalutation-framework/src/auth/application/use-cases/refresh-tokens/refresh-tokens.input.ts","statementMap":{"0":{"start":{"line":8,"column":30},"end":{"line":8,"column":50}},"1":{"start":{"line":7,"column":0},"end":{"line":7,"column":13}}},"fnMap":{"0":{"name":"(anonymous_0)","decl":{"start":{"line":8,"column":2},"end":{"line":8,"column":30}},"loc":{"start":{"line":8,"column":50},"end":{"line":8,"column":54}}}},"branchMap":{},"s":{"0":0,"1":0},"f":{"0":0},"b":{}}
,"/Users/badrbaddou/Projects/openinnovation/evalutation-framework/src/auth/application/use-cases/refresh-tokens/refresh-tokens.output.ts": {"path":"/Users/badrbaddou/Projects/openinnovation/evalutation-framework/src/auth/application/use-cases/refresh-tokens/refresh-tokens.output.ts","statementMap":{"0":{"start":{"line":9,"column":20},"end":{"line":9,"column":39}},"1":{"start":{"line":10,"column":20},"end":{"line":10,"column":40}},"2":{"start":{"line":11,"column":20},"end":{"line":11,"column":37}},"3":{"start":{"line":7,"column":0},"end":{"line":7,"column":13}}},"fnMap":{"0":{"name":"(anonymous_0)","decl":{"start":{"line":8,"column":2},"end":{"line":8,"column":null}},"loc":{"start":{"line":11,"column":37},"end":{"line":12,"column":6}}}},"branchMap":{},"s":{"0":0,"1":0,"2":0,"3":0},"f":{"0":0},"b":{}}
,"/Users/badrbaddou/Projects/openinnovation/evalutation-framework/src/auth/application/use-cases/refresh-tokens/refresh-tokens.use-case.ts": {"path":"/Users/badrbaddou/Projects/openinnovation/evalutation-framework/src/auth/application/use-cases/refresh-tokens/refresh-tokens.use-case.ts","statementMap":{"0":{"start":{"line":1,"column":0},"end":{"line":1,"column":51}},"1":{"start":{"line":7,"column":0},"end":{"line":7,"column":61}},"2":{"start":{"line":8,"column":0},"end":{"line":8,"column":65}},"3":{"start":{"line":9,"column":0},"end":{"line":9,"column":80}},"4":{"start":{"line":10,"column":0},"end":{"line":10,"column":93}},"5":{"start":{"line":11,"column":0},"end":{"line":11,"column":86}},"6":{"start":{"line":12,"column":0},"end":{"line":12,"column":81}},"7":{"start":{"line":13,"column":0},"end":{"line":13,"column":32}},"8":{"start":{"line":32,"column":7},"end":{"line":129,"column":null}},"9":{"start":{"line":35,"column":21},"end":{"line":35,"column":48}},"10":{"start":{"line":37,"column":21},"end":{"line":37,"column":52}},"11":{"start":{"line":39,"column":21},"end":{"line":39,"column":52}},"12":{"start":{"line":41,"column":21},"end":{"line":41,"column":68}},"13":{"start":{"line":46,"column":25},"end":{"line":46,"column":89}},"14":{"start":{"line":49,"column":19},"end":{"line":49,"column":54}},"15":{"start":{"line":50,"column":17},"end":{"line":50,"column":59}},"16":{"start":{"line":52,"column":4},"end":{"line":54,"column":5}},"17":{"start":{"line":53,"column":6},"end":{"line":53,"column":null}},"18":{"start":{"line":57,"column":4},"end":{"line":59,"column":5}},"19":{"start":{"line":58,"column":6},"end":{"line":58,"column":null}},"20":{"start":{"line":62,"column":23},"end":{"line":62,"column":77}},"21":{"start":{"line":65,"column":23},"end":{"line":65,"column":27}},"22":{"start":{"line":66,"column":4},"end":{"line":72,"column":5}},"23":{"start":{"line":67,"column":22},"end":{"line":67,"column":79}},"24":{"start":{"line":68,"column":6},"end":{"line":71,"column":7}},"25":{"start":{"line":69,"column":8},"end":{"line":69,"column":null}},"26":{"start":{"line":70,"column":8},"end":{"line":70,"column":13}},"27":{"start":{"line":74,"column":4},"end":{"line":76,"column":5}},"28":{"start":{"line":75,"column":6},"end":{"line":75,"column":null}},"29":{"start":{"line":79,"column":4},"end":{"line":85,"column":5}},"30":{"start":{"line":81,"column":6},"end":{"line":81,"column":null}},"31":{"start":{"line":82,"column":6},"end":{"line":84,"column":null}},"32":{"start":{"line":88,"column":4},"end":{"line":90,"column":5}},"33":{"start":{"line":89,"column":6},"end":{"line":89,"column":null}},"34":{"start":{"line":93,"column":4},"end":{"line":93,"column":null}},"35":{"start":{"line":94,"column":4},"end":{"line":94,"column":null}},"36":{"start":{"line":97,"column":25},"end":{"line":97,"column":87}},"37":{"start":{"line":100,"column":29},"end":{"line":100,"column":90}},"38":{"start":{"line":101,"column":28},"end":{"line":108,"column":6}},"39":{"start":{"line":109,"column":4},"end":{"line":109,"column":null}},"40":{"start":{"line":112,"column":4},"end":{"line":116,"column":null}},"41":{"start":{"line":124,"column":4},"end":{"line":124,"column":null}},"42":{"start":{"line":127,"column":4},"end":{"line":127,"column":null}},"43":{"start":{"line":32,"column":13},"end":{"line":32,"column":33}},"44":{"start":{"line":32,"column":13},"end":{"line":129,"column":null}}},"fnMap":{"0":{"name":"(anonymous_13)","decl":{"start":{"line":33,"column":2},"end":{"line":33,"column":null}},"loc":{"start":{"line":41,"column":68},"end":{"line":42,"column":6}}},"1":{"name":"(anonymous_14)","decl":{"start":{"line":44,"column":2},"end":{"line":44,"column":7}},"loc":{"start":{"line":44,"column":41},"end":{"line":117,"column":3}}},"2":{"name":"(anonymous_15)","decl":{"start":{"line":100,"column":29},"end":{"line":100,"column":42}},"loc":{"start":{"line":100,"column":29},"end":{"line":100,"column":90}}},"3":{"name":"(anonymous_16)","decl":{"start":{"line":122,"column":10},"end":{"line":122,"column":15}},"loc":{"start":{"line":122,"column":47},"end":{"line":128,"column":3}}}},"branchMap":{"0":{"loc":{"start":{"line":52,"column":4},"end":{"line":54,"column":5}},"type":"if","locations":[{"start":{"line":52,"column":4},"end":{"line":54,"column":5}}]},"1":{"loc":{"start":{"line":57,"column":4},"end":{"line":59,"column":5}},"type":"if","locations":[{"start":{"line":57,"column":4},"end":{"line":59,"column":5}}]},"2":{"loc":{"start":{"line":68,"column":6},"end":{"line":71,"column":7}},"type":"if","locations":[{"start":{"line":68,"column":6},"end":{"line":71,"column":7}}]},"3":{"loc":{"start":{"line":74,"column":4},"end":{"line":76,"column":5}},"type":"if","locations":[{"start":{"line":74,"column":4},"end":{"line":76,"column":5}}]},"4":{"loc":{"start":{"line":79,"column":4},"end":{"line":85,"column":5}},"type":"if","locations":[{"start":{"line":79,"column":4},"end":{"line":85,"column":5}}]},"5":{"loc":{"start":{"line":88,"column":4},"end":{"line":90,"column":5}},"type":"if","locations":[{"start":{"line":88,"column":4},"end":{"line":90,"column":5}}]}},"s":{"0":0,"1":0,"2":0,"3":0,"4":0,"5":0,"6":0,"7":0,"8":0,"9":0,"10":0,"11":0,"12":0,"13":0,"14":0,"15":0,"16":0,"17":0,"18":0,"19":0,"20":0,"21":0,"22":0,"23":0,"24":0,"25":0,"26":0,"27":0,"28":0,"29":0,"30":0,"31":0,"32":0,"33":0,"34":0,"35":0,"36":0,"37":0,"38":0,"39":0,"40":0,"41":0,"42":0,"43":0,"44":0},"f":{"0":0,"1":0,"2":0,"3":0},"b":{"0":[0],"1":[0],"2":[0],"3":[0],"4":[0],"5":[0]}}
,"/Users/badrbaddou/Projects/openinnovation/evalutation-framework/src/auth/application/use-cases/register-user/register-user.use-case.ts": {"path":"/Users/badrbaddou/Projects/openinnovation/evalutation-framework/src/auth/application/use-cases/register-user/register-user.use-case.ts","statementMap":{"0":{"start":{"line":1,"column":0},"end":{"line":1,"column":70}},"1":{"start":{"line":7,"column":0},"end":{"line":7,"column":59}},"2":{"start":{"line":8,"column":0},"end":{"line":8,"column":62}},"3":{"start":{"line":9,"column":0},"end":{"line":9,"column":65}},"4":{"start":{"line":10,"column":0},"end":{"line":10,"column":60}},"5":{"start":{"line":11,"column":0},"end":{"line":11,"column":76}},"6":{"start":{"line":12,"column":0},"end":{"line":12,"column":32}},"7":{"start":{"line":15,"column":7},"end":{"line":84,"column":null}},"8":{"start":{"line":18,"column":21},"end":{"line":18,"column":52}},"9":{"start":{"line":20,"column":21},"end":{"line":20,"column":48}},"10":{"start":{"line":22,"column":21},"end":{"line":22,"column":68}},"11":{"start":{"line":27,"column":18},"end":{"line":27,"column":43}},"12":{"start":{"line":28,"column":25},"end":{"line":28,"column":69}},"13":{"start":{"line":30,"column":4},"end":{"line":32,"column":5}},"14":{"start":{"line":31,"column":6},"end":{"line":31,"column":null}},"15":{"start":{"line":36,"column":4},"end":{"line":36,"column":null}},"16":{"start":{"line":39,"column":17},"end":{"line":48,"column":6}},"17":{"start":{"line":51,"column":4},"end":{"line":51,"column":null}},"18":{"start":{"line":54,"column":22},"end":{"line":54,"column":84}},"19":{"start":{"line":57,"column":29},"end":{"line":57,"column":74}},"20":{"start":{"line":58,"column":25},"end":{"line":65,"column":6}},"21":{"start":{"line":67,"column":4},"end":{"line":67,"column":null}},"22":{"start":{"line":69,"column":4},"end":{"line":82,"column":null}},"23":{"start":{"line":74,"column":35},"end":{"line":74,"column":42}},"24":{"start":{"line":15,"column":13},"end":{"line":15,"column":32}},"25":{"start":{"line":15,"column":13},"end":{"line":84,"column":null}}},"fnMap":{"0":{"name":"(anonymous_13)","decl":{"start":{"line":16,"column":2},"end":{"line":16,"column":null}},"loc":{"start":{"line":22,"column":68},"end":{"line":23,"column":6}}},"1":{"name":"(anonymous_14)","decl":{"start":{"line":25,"column":2},"end":{"line":25,"column":7}},"loc":{"start":{"line":25,"column":40},"end":{"line":83,"column":3}}},"2":{"name":"(anonymous_15)","decl":{"start":{"line":74,"column":30},"end":{"line":74,"column":31}},"loc":{"start":{"line":74,"column":35},"end":{"line":74,"column":42}}}},"branchMap":{"0":{"loc":{"start":{"line":30,"column":4},"end":{"line":32,"column":5}},"type":"if","locations":[{"start":{"line":30,"column":4},"end":{"line":32,"column":5}}]}},"s":{"0":0,"1":0,"2":0,"3":0,"4":0,"5":0,"6":0,"7":0,"8":0,"9":0,"10":0,"11":0,"12":0,"13":0,"14":0,"15":0,"16":0,"17":0,"18":0,"19":0,"20":0,"21":0,"22":0,"23":0,"24":0,"25":0},"f":{"0":0,"1":0,"2":0},"b":{"0":[0]}}
,"/Users/badrbaddou/Projects/openinnovation/evalutation-framework/src/auth/domain/entities/refresh-token.entity.ts": {"path":"/Users/badrbaddou/Projects/openinnovation/evalutation-framework/src/auth/domain/entities/refresh-token.entity.ts","statementMap":{"0":{"start":{"line":2,"column":0},"end":{"line":2,"column":75}},"1":{"start":{"line":30,"column":4},"end":{"line":30,"column":null}},"2":{"start":{"line":31,"column":4},"end":{"line":31,"column":null}},"3":{"start":{"line":32,"column":4},"end":{"line":32,"column":null}},"4":{"start":{"line":33,"column":4},"end":{"line":33,"column":null}},"5":{"start":{"line":34,"column":4},"end":{"line":34,"column":null}},"6":{"start":{"line":35,"column":4},"end":{"line":35,"column":null}},"7":{"start":{"line":36,"column":4},"end":{"line":36,"column":null}},"8":{"start":{"line":45,"column":4},"end":{"line":47,"column":5}},"9":{"start":{"line":46,"column":6},"end":{"line":46,"column":null}},"10":{"start":{"line":50,"column":4},"end":{"line":52,"column":5}},"11":{"start":{"line":51,"column":6},"end":{"line":51,"column":null}},"12":{"start":{"line":55,"column":4},"end":{"line":57,"column":5}},"13":{"start":{"line":56,"column":6},"end":{"line":56,"column":null}},"14":{"start":{"line":59,"column":4},"end":{"line":59,"column":null}},"15":{"start":{"line":67,"column":4},"end":{"line":67,"column":null}},"16":{"start":{"line":76,"column":4},"end":{"line":78,"column":5}},"17":{"start":{"line":77,"column":6},"end":{"line":77,"column":null}},"18":{"start":{"line":85,"column":4},"end":{"line":85,"column":null}},"19":{"start":{"line":92,"column":4},"end":{"line":92,"column":null}},"20":{"start":{"line":97,"column":4},"end":{"line":97,"column":null}},"21":{"start":{"line":101,"column":4},"end":{"line":101,"column":null}},"22":{"start":{"line":105,"column":4},"end":{"line":105,"column":null}},"23":{"start":{"line":109,"column":4},"end":{"line":109,"column":null}},"24":{"start":{"line":113,"column":4},"end":{"line":113,"column":null}},"25":{"start":{"line":117,"column":4},"end":{"line":117,"column":null}},"26":{"start":{"line":121,"column":4},"end":{"line":121,"column":null}},"27":{"start":{"line":20,"column":0},"end":{"line":20,"column":13}}},"fnMap":{"0":{"name":"(anonymous_0)","decl":{"start":{"line":29,"column":2},"end":{"line":29,"column":22}},"loc":{"start":{"line":29,"column":46},"end":{"line":37,"column":3}}},"1":{"name":"(anonymous_1)","decl":{"start":{"line":43,"column":2},"end":{"line":43,"column":8}},"loc":{"start":{"line":43,"column":40},"end":{"line":60,"column":3}}},"2":{"name":"(anonymous_2)","decl":{"start":{"line":66,"column":2},"end":{"line":66,"column":12}},"loc":{"start":{"line":66,"column":12},"end":{"line":68,"column":3}}},"3":{"name":"(anonymous_3)","decl":{"start":{"line":74,"column":2},"end":{"line":74,"column":8}},"loc":{"start":{"line":74,"column":8},"end":{"line":79,"column":3}}},"4":{"name":"(anonymous_4)","decl":{"start":{"line":84,"column":2},"end":{"line":84,"column":11}},"loc":{"start":{"line":84,"column":11},"end":{"line":86,"column":3}}},"5":{"name":"(anonymous_5)","decl":{"start":{"line":91,"column":2},"end":{"line":91,"column":9}},"loc":{"start":{"line":91,"column":9},"end":{"line":93,"column":3}}},"6":{"name":"(anonymous_6)","decl":{"start":{"line":96,"column":2},"end":{"line":96,"column":6}},"loc":{"start":{"line":96,"column":8},"end":{"line":98,"column":3}}},"7":{"name":"(anonymous_7)","decl":{"start":{"line":100,"column":2},"end":{"line":100,"column":6}},"loc":{"start":{"line":100,"column":12},"end":{"line":102,"column":3}}},"8":{"name":"(anonymous_8)","decl":{"start":{"line":104,"column":2},"end":{"line":104,"column":6}},"loc":{"start":{"line":104,"column":15},"end":{"line":106,"column":3}}},"9":{"name":"(anonymous_9)","decl":{"start":{"line":108,"column":2},"end":{"line":108,"column":6}},"loc":{"start":{"line":108,"column":10},"end":{"line":110,"column":3}}},"10":{"name":"(anonymous_10)","decl":{"start":{"line":112,"column":2},"end":{"line":112,"column":6}},"loc":{"start":{"line":112,"column":15},"end":{"line":114,"column":3}}},"11":{"name":"(anonymous_11)","decl":{"start":{"line":116,"column":2},"end":{"line":116,"column":6}},"loc":{"start":{"line":116,"column":15},"end":{"line":118,"column":3}}},"12":{"name":"(anonymous_12)","decl":{"start":{"line":120,"column":2},"end":{"line":120,"column":6}},"loc":{"start":{"line":120,"column":15},"end":{"line":122,"column":3}}}},"branchMap":{"0":{"loc":{"start":{"line":45,"column":4},"end":{"line":47,"column":5}},"type":"if","locations":[{"start":{"line":45,"column":4},"end":{"line":47,"column":5}}]},"1":{"loc":{"start":{"line":45,"column":8},"end":{"line":45,"column":49}},"type":"binary-expr","locations":[{"start":{"line":45,"column":8},"end":{"line":45,"column":17}},{"start":{"line":45,"column":21},"end":{"line":45,"column":49}}]},"2":{"loc":{"start":{"line":50,"column":4},"end":{"line":52,"column":5}},"type":"if","locations":[{"start":{"line":50,"column":4},"end":{"line":52,"column":5}}]},"3":{"loc":{"start":{"line":50,"column":8},"end":{"line":50,"column":63}},"type":"binary-expr","locations":[{"start":{"line":50,"column":8},"end":{"line":50,"column":24}},{"start":{"line":50,"column":28},"end":{"line":50,"column":63}}]},"4":{"loc":{"start":{"line":55,"column":4},"end":{"line":57,"column":5}},"type":"if","locations":[{"start":{"line":55,"column":4},"end":{"line":57,"column":5}}]},"5":{"loc":{"start":{"line":76,"column":4},"end":{"line":78,"column":5}},"type":"if","locations":[{"start":{"line":76,"column":4},"end":{"line":78,"column":5}}]},"6":{"loc":{"start":{"line":92,"column":11},"end":{"line":92,"column":63}},"type":"binary-expr","locations":[{"start":{"line":92,"column":11},"end":{"line":92,"column":22}},{"start":{"line":92,"column":26},"end":{"line":92,"column":42}},{"start":{"line":92,"column":46},"end":{"line":92,"column":63}}]}},"s":{"0":0,"1":0,"2":0,"3":0,"4":0,"5":0,"6":0,"7":0,"8":0,"9":0,"10":0,"11":0,"12":0,"13":0,"14":0,"15":0,"16":0,"17":0,"18":0,"19":0,"20":0,"21":0,"22":0,"23":0,"24":0,"25":0,"26":0,"27":0},"f":{"0":0,"1":0,"2":0,"3":0,"4":0,"5":0,"6":0,"7":0,"8":0,"9":0,"10":0,"11":0,"12":0},"b":{"0":[0],"1":[0,0],"2":[0],"3":[0,0],"4":[0],"5":[0],"6":[0,0,0]}}
,"/Users/badrbaddou/Projects/openinnovation/evalutation-framework/src/auth/domain/entities/session.entity.ts": {"path":"/Users/badrbaddou/Projects/openinnovation/evalutation-framework/src/auth/domain/entities/session.entity.ts","statementMap":{"0":{"start":{"line":2,"column":0},"end":{"line":2,"column":75}},"1":{"start":{"line":32,"column":4},"end":{"line":32,"column":null}},"2":{"start":{"line":33,"column":4},"end":{"line":33,"column":null}},"3":{"start":{"line":34,"column":4},"end":{"line":34,"column":null}},"4":{"start":{"line":35,"column":4},"end":{"line":35,"column":null}},"5":{"start":{"line":36,"column":4},"end":{"line":36,"column":null}},"6":{"start":{"line":37,"column":4},"end":{"line":37,"column":null}},"7":{"start":{"line":38,"column":4},"end":{"line":38,"column":null}},"8":{"start":{"line":39,"column":4},"end":{"line":39,"column":null}},"9":{"start":{"line":48,"column":4},"end":{"line":50,"column":5}},"10":{"start":{"line":49,"column":6},"end":{"line":49,"column":null}},"11":{"start":{"line":53,"column":4},"end":{"line":55,"column":5}},"12":{"start":{"line":54,"column":6},"end":{"line":54,"column":null}},"13":{"start":{"line":58,"column":4},"end":{"line":60,"column":5}},"14":{"start":{"line":59,"column":6},"end":{"line":59,"column":null}},"15":{"start":{"line":63,"column":4},"end":{"line":65,"column":5}},"16":{"start":{"line":64,"column":6},"end":{"line":64,"column":null}},"17":{"start":{"line":67,"column":4},"end":{"line":67,"column":null}},"18":{"start":{"line":74,"column":4},"end":{"line":74,"column":null}},"19":{"start":{"line":81,"column":4},"end":{"line":81,"column":null}},"20":{"start":{"line":89,"column":4},"end":{"line":91,"column":5}},"21":{"start":{"line":90,"column":6},"end":{"line":90,"column":null}},"22":{"start":{"line":94,"column":4},"end":{"line":96,"column":5}},"23":{"start":{"line":95,"column":6},"end":{"line":95,"column":null}},"24":{"start":{"line":98,"column":4},"end":{"line":98,"column":null}},"25":{"start":{"line":108,"column":6},"end":{"line":108,"column":168}},"26":{"start":{"line":111,"column":22},"end":{"line":111,"column":64}},"27":{"start":{"line":113,"column":4},"end":{"line":113,"column":null}},"28":{"start":{"line":118,"column":4},"end":{"line":118,"column":null}},"29":{"start":{"line":122,"column":4},"end":{"line":122,"column":null}},"30":{"start":{"line":126,"column":4},"end":{"line":126,"column":null}},"31":{"start":{"line":130,"column":4},"end":{"line":130,"column":null}},"32":{"start":{"line":134,"column":4},"end":{"line":134,"column":null}},"33":{"start":{"line":138,"column":4},"end":{"line":138,"column":null}},"34":{"start":{"line":142,"column":4},"end":{"line":142,"column":null}},"35":{"start":{"line":146,"column":4},"end":{"line":146,"column":null}},"36":{"start":{"line":21,"column":0},"end":{"line":21,"column":13}}},"fnMap":{"0":{"name":"(anonymous_0)","decl":{"start":{"line":31,"column":2},"end":{"line":31,"column":22}},"loc":{"start":{"line":31,"column":41},"end":{"line":40,"column":3}}},"1":{"name":"(anonymous_1)","decl":{"start":{"line":46,"column":2},"end":{"line":46,"column":8}},"loc":{"start":{"line":46,"column":35},"end":{"line":68,"column":3}}},"2":{"name":"(anonymous_2)","decl":{"start":{"line":73,"column":2},"end":{"line":73,"column":11}},"loc":{"start":{"line":73,"column":11},"end":{"line":75,"column":3}}},"3":{"name":"(anonymous_3)","decl":{"start":{"line":80,"column":2},"end":{"line":80,"column":16}},"loc":{"start":{"line":80,"column":16},"end":{"line":82,"column":3}}},"4":{"name":"(anonymous_4)","decl":{"start":{"line":87,"column":2},"end":{"line":87,"column":18}},"loc":{"start":{"line":87,"column":42},"end":{"line":99,"column":3}}},"5":{"name":"(anonymous_5)","decl":{"start":{"line":105,"column":10},"end":{"line":105,"column":16}},"loc":{"start":{"line":105,"column":44},"end":{"line":114,"column":3}}},"6":{"name":"(anonymous_6)","decl":{"start":{"line":117,"column":2},"end":{"line":117,"column":6}},"loc":{"start":{"line":117,"column":8},"end":{"line":119,"column":3}}},"7":{"name":"(anonymous_7)","decl":{"start":{"line":121,"column":2},"end":{"line":121,"column":6}},"loc":{"start":{"line":121,"column":12},"end":{"line":123,"column":3}}},"8":{"name":"(anonymous_8)","decl":{"start":{"line":125,"column":2},"end":{"line":125,"column":6}},"loc":{"start":{"line":125,"column":14},"end":{"line":127,"column":3}}},"9":{"name":"(anonymous_9)","decl":{"start":{"line":129,"column":2},"end":{"line":129,"column":6}},"loc":{"start":{"line":129,"column":15},"end":{"line":131,"column":3}}},"10":{"name":"(anonymous_10)","decl":{"start":{"line":133,"column":2},"end":{"line":133,"column":6}},"loc":{"start":{"line":133,"column":15},"end":{"line":135,"column":3}}},"11":{"name":"(anonymous_11)","decl":{"start":{"line":137,"column":2},"end":{"line":137,"column":6}},"loc":{"start":{"line":137,"column":15},"end":{"line":139,"column":3}}},"12":{"name":"(anonymous_12)","decl":{"start":{"line":141,"column":2},"end":{"line":141,"column":6}},"loc":{"start":{"line":141,"column":15},"end":{"line":143,"column":3}}},"13":{"name":"(anonymous_13)","decl":{"start":{"line":145,"column":2},"end":{"line":145,"column":6}},"loc":{"start":{"line":145,"column":14},"end":{"line":147,"column":3}}}},"branchMap":{"0":{"loc":{"start":{"line":48,"column":4},"end":{"line":50,"column":5}},"type":"if","locations":[{"start":{"line":48,"column":4},"end":{"line":50,"column":5}}]},"1":{"loc":{"start":{"line":48,"column":8},"end":{"line":48,"column":49}},"type":"binary-expr","locations":[{"start":{"line":48,"column":8},"end":{"line":48,"column":17}},{"start":{"line":48,"column":21},"end":{"line":48,"column":49}}]},"2":{"loc":{"start":{"line":53,"column":4},"end":{"line":55,"column":5}},"type":"if","locations":[{"start":{"line":53,"column":4},"end":{"line":55,"column":5}}]},"3":{"loc":{"start":{"line":58,"column":4},"end":{"line":60,"column":5}},"type":"if","locations":[{"start":{"line":58,"column":4},"end":{"line":60,"column":5}}]},"4":{"loc":{"start":{"line":58,"column":8},"end":{"line":58,"column":55}},"type":"binary-expr","locations":[{"start":{"line":58,"column":8},"end":{"line":58,"column":23}},{"start":{"line":58,"column":27},"end":{"line":58,"column":55}}]},"5":{"loc":{"start":{"line":63,"column":4},"end":{"line":65,"column":5}},"type":"if","locations":[{"start":{"line":63,"column":4},"end":{"line":65,"column":5}}]},"6":{"loc":{"start":{"line":63,"column":8},"end":{"line":63,"column":69}},"type":"binary-expr","locations":[{"start":{"line":63,"column":8},"end":{"line":63,"column":23}},{"start":{"line":63,"column":27},"end":{"line":63,"column":69}}]},"7":{"loc":{"start":{"line":89,"column":4},"end":{"line":91,"column":5}},"type":"if","locations":[{"start":{"line":89,"column":4},"end":{"line":91,"column":5}}]},"8":{"loc":{"start":{"line":89,"column":8},"end":{"line":89,"column":52}},"type":"binary-expr","locations":[{"start":{"line":89,"column":8},"end":{"line":89,"column":31}},{"start":{"line":89,"column":35},"end":{"line":89,"column":52}}]},"9":{"loc":{"start":{"line":94,"column":4},"end":{"line":96,"column":5}},"type":"if","locations":[{"start":{"line":94,"column":4},"end":{"line":96,"column":5}}]},"10":{"loc":{"start":{"line":94,"column":8},"end":{"line":94,"column":52}},"type":"binary-expr","locations":[{"start":{"line":94,"column":8},"end":{"line":94,"column":31}},{"start":{"line":94,"column":35},"end":{"line":94,"column":52}}]},"11":{"loc":{"start":{"line":113,"column":11},"end":{"line":113,"column":51}},"type":"binary-expr","locations":[{"start":{"line":113,"column":11},"end":{"line":113,"column":29}},{"start":{"line":113,"column":33},"end":{"line":113,"column":51}}]}},"s":{"0":0,"1":0,"2":0,"3":0,"4":0,"5":0,"6":0,"7":0,"8":0,"9":0,"10":0,"11":0,"12":0,"13":0,"14":0,"15":0,"16":0,"17":0,"18":0,"19":0,"20":0,"21":0,"22":0,"23":0,"24":0,"25":0,"26":0,"27":0,"28":0,"29":0,"30":0,"31":0,"32":0,"33":0,"34":0,"35":0,"36":0},"f":{"0":0,"1":0,"2":0,"3":0,"4":0,"5":0,"6":0,"7":0,"8":0,"9":0,"10":0,"11":0,"12":0,"13":0},"b":{"0":[0],"1":[0,0],"2":[0],"3":[0],"4":[0,0],"5":[0],"6":[0,0],"7":[0],"8":[0,0],"9":[0],"10":[0,0],"11":[0,0]}}
,"/Users/badrbaddou/Projects/openinnovation/evalutation-framework/src/auth/domain/entities/user.entity.ts": {"path":"/Users/badrbaddou/Projects/openinnovation/evalutation-framework/src/auth/domain/entities/user.entity.ts","statementMap":{"0":{"start":{"line":4,"column":0},"end":{"line":4,"column":75}},"1":{"start":{"line":50,"column":4},"end":{"line":50,"column":null}},"2":{"start":{"line":51,"column":4},"end":{"line":51,"column":null}},"3":{"start":{"line":52,"column":4},"end":{"line":52,"column":null}},"4":{"start":{"line":53,"column":4},"end":{"line":53,"column":null}},"5":{"start":{"line":54,"column":4},"end":{"line":54,"column":null}},"6":{"start":{"line":55,"column":4},"end":{"line":55,"column":null}},"7":{"start":{"line":56,"column":4},"end":{"line":56,"column":null}},"8":{"start":{"line":57,"column":4},"end":{"line":57,"column":null}},"9":{"start":{"line":58,"column":4},"end":{"line":58,"column":null}},"10":{"start":{"line":59,"column":4},"end":{"line":59,"column":null}},"11":{"start":{"line":60,"column":4},"end":{"line":60,"column":null}},"12":{"start":{"line":61,"column":4},"end":{"line":61,"column":null}},"13":{"start":{"line":62,"column":4},"end":{"line":62,"column":null}},"14":{"start":{"line":71,"column":4},"end":{"line":71,"column":null}},"15":{"start":{"line":74,"column":4},"end":{"line":76,"column":5}},"16":{"start":{"line":75,"column":6},"end":{"line":75,"column":null}},"17":{"start":{"line":79,"column":4},"end":{"line":81,"column":5}},"18":{"start":{"line":80,"column":6},"end":{"line":80,"column":null}},"19":{"start":{"line":83,"column":4},"end":{"line":83,"column":null}},"20":{"start":{"line":91,"column":4},"end":{"line":91,"column":null}},"21":{"start":{"line":92,"column":4},"end":{"line":92,"column":null}},"22":{"start":{"line":93,"column":4},"end":{"line":93,"column":null}},"23":{"start":{"line":102,"column":23},"end":{"line":102,"column":62}},"24":{"start":{"line":102,"column":47},"end":{"line":102,"column":61}},"25":{"start":{"line":103,"column":4},"end":{"line":105,"column":5}},"26":{"start":{"line":104,"column":6},"end":{"line":104,"column":12}},"27":{"start":{"line":107,"column":4},"end":{"line":107,"column":null}},"28":{"start":{"line":108,"column":4},"end":{"line":108,"column":null}},"29":{"start":{"line":117,"column":23},"end":{"line":117,"column":62}},"30":{"start":{"line":117,"column":47},"end":{"line":117,"column":61}},"31":{"start":{"line":118,"column":4},"end":{"line":120,"column":5}},"32":{"start":{"line":119,"column":6},"end":{"line":119,"column":12}},"33":{"start":{"line":123,"column":4},"end":{"line":125,"column":5}},"34":{"start":{"line":124,"column":6},"end":{"line":124,"column":null}},"35":{"start":{"line":127,"column":4},"end":{"line":127,"column":null}},"36":{"start":{"line":127,"column":44},"end":{"line":127,"column":59}},"37":{"start":{"line":128,"column":4},"end":{"line":128,"column":null}},"38":{"start":{"line":135,"column":4},"end":{"line":135,"column":null}},"39":{"start":{"line":136,"column":4},"end":{"line":136,"column":null}},"40":{"start":{"line":143,"column":4},"end":{"line":143,"column":null}},"41":{"start":{"line":144,"column":4},"end":{"line":144,"column":null}},"42":{"start":{"line":151,"column":4},"end":{"line":151,"column":null}},"43":{"start":{"line":151,"column":35},"end":{"line":151,"column":49}},"44":{"start":{"line":158,"column":4},"end":{"line":160,"column":5}},"45":{"start":{"line":159,"column":6},"end":{"line":159,"column":null}},"46":{"start":{"line":161,"column":4},"end":{"line":161,"column":null}},"47":{"start":{"line":161,"column":32},"end":{"line":161,"column":50}},"48":{"start":{"line":169,"column":4},"end":{"line":169,"column":null}},"49":{"start":{"line":171,"column":4},"end":{"line":173,"column":5}},"50":{"start":{"line":172,"column":6},"end":{"line":172,"column":null}},"51":{"start":{"line":175,"column":4},"end":{"line":175,"column":null}},"52":{"start":{"line":176,"column":4},"end":{"line":176,"column":null}},"53":{"start":{"line":177,"column":4},"end":{"line":177,"column":null}},"54":{"start":{"line":178,"column":4},"end":{"line":178,"column":null}},"55":{"start":{"line":185,"column":4},"end":{"line":185,"column":null}},"56":{"start":{"line":192,"column":4},"end":{"line":194,"column":5}},"57":{"start":{"line":193,"column":6},"end":{"line":193,"column":null}},"58":{"start":{"line":196,"column":4},"end":{"line":198,"column":5}},"59":{"start":{"line":197,"column":6},"end":{"line":197,"column":null}},"60":{"start":{"line":203,"column":4},"end":{"line":203,"column":null}},"61":{"start":{"line":207,"column":4},"end":{"line":207,"column":null}},"62":{"start":{"line":211,"column":4},"end":{"line":211,"column":null}},"63":{"start":{"line":215,"column":4},"end":{"line":215,"column":null}},"64":{"start":{"line":219,"column":4},"end":{"line":219,"column":28}},"65":{"start":{"line":223,"column":4},"end":{"line":223,"column":null}},"66":{"start":{"line":227,"column":4},"end":{"line":227,"column":null}},"67":{"start":{"line":231,"column":4},"end":{"line":231,"column":null}},"68":{"start":{"line":235,"column":4},"end":{"line":235,"column":null}},"69":{"start":{"line":239,"column":4},"end":{"line":239,"column":null}},"70":{"start":{"line":243,"column":4},"end":{"line":243,"column":null}},"71":{"start":{"line":247,"column":4},"end":{"line":247,"column":null}},"72":{"start":{"line":251,"column":4},"end":{"line":251,"column":null}},"73":{"start":{"line":34,"column":0},"end":{"line":34,"column":13}}},"fnMap":{"0":{"name":"(anonymous_0)","decl":{"start":{"line":49,"column":2},"end":{"line":49,"column":22}},"loc":{"start":{"line":49,"column":38},"end":{"line":63,"column":3}}},"1":{"name":"(anonymous_1)","decl":{"start":{"line":69,"column":2},"end":{"line":69,"column":8}},"loc":{"start":{"line":69,"column":32},"end":{"line":84,"column":3}}},"2":{"name":"(anonymous_2)","decl":{"start":{"line":90,"column":2},"end":{"line":90,"column":15}},"loc":{"start":{"line":90,"column":28},"end":{"line":94,"column":3}}},"3":{"name":"(anonymous_3)","decl":{"start":{"line":100,"column":2},"end":{"line":100,"column":12}},"loc":{"start":{"line":100,"column":23},"end":{"line":109,"column":3}}},"4":{"name":"(anonymous_4)","decl":{"start":{"line":102,"column":40},"end":{"line":102,"column":41}},"loc":{"start":{"line":102,"column":47},"end":{"line":102,"column":61}}},"5":{"name":"(anonymous_5)","decl":{"start":{"line":115,"column":2},"end":{"line":115,"column":12}},"loc":{"start":{"line":115,"column":23},"end":{"line":129,"column":3}}},"6":{"name":"(anonymous_6)","decl":{"start":{"line":117,"column":40},"end":{"line":117,"column":41}},"loc":{"start":{"line":117,"column":47},"end":{"line":117,"column":61}}},"7":{"name":"(anonymous_7)","decl":{"start":{"line":127,"column":37},"end":{"line":127,"column":38}},"loc":{"start":{"line":127,"column":44},"end":{"line":127,"column":59}}},"8":{"name":"(anonymous_8)","decl":{"start":{"line":134,"column":2},"end":{"line":134,"column":10}},"loc":{"start":{"line":134,"column":10},"end":{"line":137,"column":3}}},"9":{"name":"(anonymous_9)","decl":{"start":{"line":142,"column":2},"end":{"line":142,"column":12}},"loc":{"start":{"line":142,"column":12},"end":{"line":145,"column":3}}},"10":{"name":"(anonymous_10)","decl":{"start":{"line":150,"column":2},"end":{"line":150,"column":9}},"loc":{"start":{"line":150,"column":20},"end":{"line":152,"column":3}}},"11":{"name":"(anonymous_11)","decl":{"start":{"line":151,"column":28},"end":{"line":151,"column":29}},"loc":{"start":{"line":151,"column":35},"end":{"line":151,"column":49}}},"12":{"name":"(anonymous_12)","decl":{"start":{"line":157,"column":2},"end":{"line":157,"column":12}},"loc":{"start":{"line":157,"column":26},"end":{"line":162,"column":3}}},"13":{"name":"(anonymous_13)","decl":{"start":{"line":161,"column":22},"end":{"line":161,"column":23}},"loc":{"start":{"line":161,"column":32},"end":{"line":161,"column":50}}},"14":{"name":"(anonymous_14)","decl":{"start":{"line":168,"column":2},"end":{"line":168,"column":25}},"loc":{"start":{"line":168,"column":48},"end":{"line":179,"column":3}}},"15":{"name":"(anonymous_15)","decl":{"start":{"line":184,"column":10},"end":{"line":184,"column":15}},"loc":{"start":{"line":184,"column":15},"end":{"line":186,"column":3}}},"16":{"name":"(anonymous_16)","decl":{"start":{"line":191,"column":10},"end":{"line":191,"column":16}},"loc":{"start":{"line":191,"column":42},"end":{"line":199,"column":3}}},"17":{"name":"(anonymous_17)","decl":{"start":{"line":202,"column":2},"end":{"line":202,"column":6}},"loc":{"start":{"line":202,"column":8},"end":{"line":204,"column":3}}},"18":{"name":"(anonymous_18)","decl":{"start":{"line":206,"column":2},"end":{"line":206,"column":6}},"loc":{"start":{"line":206,"column":11},"end":{"line":208,"column":3}}},"19":{"name":"(anonymous_19)","decl":{"start":{"line":210,"column":2},"end":{"line":210,"column":6}},"loc":{"start":{"line":210,"column":10},"end":{"line":212,"column":3}}},"20":{"name":"(anonymous_20)","decl":{"start":{"line":214,"column":2},"end":{"line":214,"column":6}},"loc":{"start":{"line":214,"column":16},"end":{"line":216,"column":3}}},"21":{"name":"(anonymous_21)","decl":{"start":{"line":218,"column":2},"end":{"line":218,"column":6}},"loc":{"start":{"line":218,"column":11},"end":{"line":220,"column":3}}},"22":{"name":"(anonymous_22)","decl":{"start":{"line":222,"column":2},"end":{"line":222,"column":6}},"loc":{"start":{"line":222,"column":14},"end":{"line":224,"column":3}}},"23":{"name":"(anonymous_23)","decl":{"start":{"line":226,"column":2},"end":{"line":226,"column":6}},"loc":{"start":{"line":226,"column":15},"end":{"line":228,"column":3}}},"24":{"name":"(anonymous_24)","decl":{"start":{"line":230,"column":2},"end":{"line":230,"column":6}},"loc":{"start":{"line":230,"column":15},"end":{"line":232,"column":3}}},"25":{"name":"(anonymous_25)","decl":{"start":{"line":234,"column":2},"end":{"line":234,"column":6}},"loc":{"start":{"line":234,"column":15},"end":{"line":236,"column":3}}},"26":{"name":"(anonymous_26)","decl":{"start":{"line":238,"column":2},"end":{"line":238,"column":6}},"loc":{"start":{"line":238,"column":11},"end":{"line":240,"column":3}}},"27":{"name":"(anonymous_27)","decl":{"start":{"line":242,"column":2},"end":{"line":242,"column":6}},"loc":{"start":{"line":242,"column":16},"end":{"line":244,"column":3}}},"28":{"name":"(anonymous_28)","decl":{"start":{"line":246,"column":2},"end":{"line":246,"column":6}},"loc":{"start":{"line":246,"column":14},"end":{"line":248,"column":3}}},"29":{"name":"(anonymous_29)","decl":{"start":{"line":250,"column":2},"end":{"line":250,"column":6}},"loc":{"start":{"line":250,"column":15},"end":{"line":252,"column":3}}}},"branchMap":{"0":{"loc":{"start":{"line":74,"column":4},"end":{"line":76,"column":5}},"type":"if","locations":[{"start":{"line":74,"column":4},"end":{"line":76,"column":5}}]},"1":{"loc":{"start":{"line":74,"column":8},"end":{"line":74,"column":65}},"type":"binary-expr","locations":[{"start":{"line":74,"column":8},"end":{"line":74,"column":25}},{"start":{"line":74,"column":29},"end":{"line":74,"column":65}}]},"2":{"loc":{"start":{"line":79,"column":4},"end":{"line":81,"column":5}},"type":"if","locations":[{"start":{"line":79,"column":4},"end":{"line":81,"column":5}}]},"3":{"loc":{"start":{"line":79,"column":8},"end":{"line":79,"column":48}},"type":"binary-expr","locations":[{"start":{"line":79,"column":8},"end":{"line":79,"column":20}},{"start":{"line":79,"column":24},"end":{"line":79,"column":48}}]},"4":{"loc":{"start":{"line":103,"column":4},"end":{"line":105,"column":5}},"type":"if","locations":[{"start":{"line":103,"column":4},"end":{"line":105,"column":5}}]},"5":{"loc":{"start":{"line":118,"column":4},"end":{"line":120,"column":5}},"type":"if","locations":[{"start":{"line":118,"column":4},"end":{"line":120,"column":5}}]},"6":{"loc":{"start":{"line":123,"column":4},"end":{"line":125,"column":5}},"type":"if","locations":[{"start":{"line":123,"column":4},"end":{"line":125,"column":5}}]},"7":{"loc":{"start":{"line":158,"column":4},"end":{"line":160,"column":5}},"type":"if","locations":[{"start":{"line":158,"column":4},"end":{"line":160,"column":5}}]},"8":{"loc":{"start":{"line":158,"column":8},"end":{"line":158,"column":36}},"type":"binary-expr","locations":[{"start":{"line":158,"column":8},"end":{"line":158,"column":14}},{"start":{"line":158,"column":18},"end":{"line":158,"column":36}}]},"9":{"loc":{"start":{"line":171,"column":4},"end":{"line":173,"column":5}},"type":"if","locations":[{"start":{"line":171,"column":4},"end":{"line":173,"column":5}}]},"10":{"loc":{"start":{"line":171,"column":8},"end":{"line":171,"column":46}},"type":"binary-expr","locations":[{"start":{"line":171,"column":8},"end":{"line":171,"column":19}},{"start":{"line":171,"column":23},"end":{"line":171,"column":46}}]},"11":{"loc":{"start":{"line":192,"column":4},"end":{"line":194,"column":5}},"type":"if","locations":[{"start":{"line":192,"column":4},"end":{"line":194,"column":5}}]},"12":{"loc":{"start":{"line":192,"column":8},"end":{"line":192,"column":41}},"type":"binary-expr","locations":[{"start":{"line":192,"column":8},"end":{"line":192,"column":13}},{"start":{"line":192,"column":17},"end":{"line":192,"column":41}}]},"13":{"loc":{"start":{"line":196,"column":4},"end":{"line":198,"column":5}},"type":"if","locations":[{"start":{"line":196,"column":4},"end":{"line":198,"column":5}}]}},"s":{"0":6,"1":651,"2":651,"3":651,"4":651,"5":651,"6":651,"7":651,"8":651,"9":651,"10":651,"11":651,"12":651,"13":651,"14":651,"15":651,"16":0,"17":651,"18":0,"19":651,"20":0,"21":0,"22":0,"23":0,"24":0,"25":0,"26":0,"27":0,"28":0,"29":0,"30":0,"31":0,"32":0,"33":0,"34":0,"35":0,"36":0,"37":0,"38":0,"39":0,"40":0,"41":0,"42":0,"43":0,"44":0,"45":0,"46":0,"47":0,"48":0,"49":0,"50":0,"51":0,"52":0,"53":0,"54":0,"55":0,"56":651,"57":0,"58":651,"59":0,"60":2343,"61":31,"62":559,"63":0,"64":0,"65":0,"66":0,"67":0,"68":0,"69":547,"70":30,"71":0,"72":90,"73":6},"f":{"0":651,"1":651,"2":0,"3":0,"4":0,"5":0,"6":0,"7":0,"8":0,"9":0,"10":0,"11":0,"12":0,"13":0,"14":0,"15":0,"16":651,"17":2343,"18":31,"19":559,"20":0,"21":0,"22":0,"23":0,"24":0,"25":0,"26":547,"27":30,"28":0,"29":90},"b":{"0":[0],"1":[651,651],"2":[0],"3":[651,651],"4":[0],"5":[0],"6":[0],"7":[0],"8":[0,0],"9":[0],"10":[0,0],"11":[0],"12":[651,651],"13":[0]}}
,"/Users/badrbaddou/Projects/openinnovation/evalutation-framework/src/auth/domain/exceptions/authorization-failed.exception.ts": {"path":"/Users/badrbaddou/Projects/openinnovation/evalutation-framework/src/auth/domain/exceptions/authorization-failed.exception.ts","statementMap":{"0":{"start":{"line":1,"column":0},"end":{"line":1,"column":77}},"1":{"start":{"line":5,"column":4},"end":{"line":5,"column":null}},"2":{"start":{"line":6,"column":4},"end":{"line":6,"column":null}},"3":{"start":{"line":3,"column":0},"end":{"line":3,"column":13}}},"fnMap":{"0":{"name":"(anonymous_0)","decl":{"start":{"line":4,"column":2},"end":{"line":4,"column":14}},"loc":{"start":{"line":4,"column":68},"end":{"line":7,"column":3}}}},"branchMap":{"0":{"loc":{"start":{"line":4,"column":31},"end":{"line":4,"column":68}},"type":"default-arg","locations":[{"start":{"line":4,"column":46},"end":{"line":4,"column":68}}]}},"s":{"0":0,"1":0,"2":0,"3":0},"f":{"0":0},"b":{"0":[0]}}
,"/Users/badrbaddou/Projects/openinnovation/evalutation-framework/src/auth/domain/exceptions/invalid-email.exception.ts": {"path":"/Users/badrbaddou/Projects/openinnovation/evalutation-framework/src/auth/domain/exceptions/invalid-email.exception.ts","statementMap":{"0":{"start":{"line":1,"column":0},"end":{"line":1,"column":77}},"1":{"start":{"line":10,"column":4},"end":{"line":10,"column":null}},"2":{"start":{"line":11,"column":4},"end":{"line":11,"column":null}},"3":{"start":{"line":8,"column":0},"end":{"line":8,"column":13}}},"fnMap":{"0":{"name":"(anonymous_0)","decl":{"start":{"line":9,"column":2},"end":{"line":9,"column":14}},"loc":{"start":{"line":9,"column":61},"end":{"line":12,"column":3}}}},"branchMap":{"0":{"loc":{"start":{"line":9,"column":31},"end":{"line":9,"column":61}},"type":"default-arg","locations":[{"start":{"line":9,"column":46},"end":{"line":9,"column":61}}]}},"s":{"0":6,"1":0,"2":0,"3":6},"f":{"0":0},"b":{"0":[0]}}
,"/Users/badrbaddou/Projects/openinnovation/evalutation-framework/src/auth/domain/exceptions/invalid-role.exception.ts": {"path":"/Users/badrbaddou/Projects/openinnovation/evalutation-framework/src/auth/domain/exceptions/invalid-role.exception.ts","statementMap":{"0":{"start":{"line":1,"column":0},"end":{"line":1,"column":77}},"1":{"start":{"line":10,"column":4},"end":{"line":10,"column":null}},"2":{"start":{"line":11,"column":4},"end":{"line":11,"column":null}},"3":{"start":{"line":8,"column":0},"end":{"line":8,"column":13}}},"fnMap":{"0":{"name":"(anonymous_0)","decl":{"start":{"line":9,"column":2},"end":{"line":9,"column":14}},"loc":{"start":{"line":9,"column":60},"end":{"line":12,"column":3}}}},"branchMap":{"0":{"loc":{"start":{"line":9,"column":31},"end":{"line":9,"column":60}},"type":"default-arg","locations":[{"start":{"line":9,"column":46},"end":{"line":9,"column":60}}]}},"s":{"0":6,"1":0,"2":0,"3":6},"f":{"0":0},"b":{"0":[0]}}
,"/Users/badrbaddou/Projects/openinnovation/evalutation-framework/src/auth/domain/exceptions/invalid-user-id.exception.ts": {"path":"/Users/badrbaddou/Projects/openinnovation/evalutation-framework/src/auth/domain/exceptions/invalid-user-id.exception.ts","statementMap":{"0":{"start":{"line":1,"column":0},"end":{"line":1,"column":77}},"1":{"start":{"line":10,"column":4},"end":{"line":10,"column":null}},"2":{"start":{"line":11,"column":4},"end":{"line":11,"column":null}},"3":{"start":{"line":8,"column":0},"end":{"line":8,"column":13}}},"fnMap":{"0":{"name":"(anonymous_0)","decl":{"start":{"line":9,"column":2},"end":{"line":9,"column":14}},"loc":{"start":{"line":9,"column":63},"end":{"line":12,"column":3}}}},"branchMap":{"0":{"loc":{"start":{"line":9,"column":31},"end":{"line":9,"column":63}},"type":"default-arg","locations":[{"start":{"line":9,"column":46},"end":{"line":9,"column":63}}]}},"s":{"0":19,"1":0,"2":0,"3":19},"f":{"0":0},"b":{"0":[0]}}
,"/Users/badrbaddou/Projects/openinnovation/evalutation-framework/src/auth/domain/exceptions/invalid-user.exception.ts": {"path":"/Users/badrbaddou/Projects/openinnovation/evalutation-framework/src/auth/domain/exceptions/invalid-user.exception.ts","statementMap":{"0":{"start":{"line":1,"column":0},"end":{"line":1,"column":77}},"1":{"start":{"line":5,"column":4},"end":{"line":5,"column":null}},"2":{"start":{"line":6,"column":4},"end":{"line":6,"column":null}},"3":{"start":{"line":3,"column":0},"end":{"line":3,"column":13}}},"fnMap":{"0":{"name":"(anonymous_0)","decl":{"start":{"line":4,"column":2},"end":{"line":4,"column":14}},"loc":{"start":{"line":4,"column":60},"end":{"line":7,"column":3}}}},"branchMap":{"0":{"loc":{"start":{"line":4,"column":31},"end":{"line":4,"column":60}},"type":"default-arg","locations":[{"start":{"line":4,"column":46},"end":{"line":4,"column":60}}]}},"s":{"0":6,"1":0,"2":0,"3":6},"f":{"0":0},"b":{"0":[0]}}
,"/Users/badrbaddou/Projects/openinnovation/evalutation-framework/src/auth/domain/services/user-authorization.service.ts": {"path":"/Users/badrbaddou/Projects/openinnovation/evalutation-framework/src/auth/domain/services/user-authorization.service.ts","statementMap":{"0":{"start":{"line":3,"column":0},"end":{"line":3,"column":47}},"1":{"start":{"line":24,"column":19},"end":{"line":31,"column":null}},"2":{"start":{"line":43,"column":4},"end":{"line":45,"column":5}},"3":{"start":{"line":44,"column":6},"end":{"line":44,"column":null}},"4":{"start":{"line":48,"column":4},"end":{"line":48,"column":null}},"5":{"start":{"line":58,"column":4},"end":{"line":58,"column":null}},"6":{"start":{"line":70,"column":4},"end":{"line":76,"column":5}},"7":{"start":{"line":72,"column":6},"end":{"line":74,"column":7}},"8":{"start":{"line":73,"column":8},"end":{"line":73,"column":21}},"9":{"start":{"line":75,"column":6},"end":{"line":75,"column":null}},"10":{"start":{"line":79,"column":26},"end":{"line":79,"column":52}},"11":{"start":{"line":80,"column":4},"end":{"line":82,"column":5}},"12":{"start":{"line":81,"column":6},"end":{"line":81,"column":19}},"13":{"start":{"line":85,"column":4},"end":{"line":85,"column":null}},"14":{"start":{"line":95,"column":26},"end":{"line":95,"column":52}},"15":{"start":{"line":96,"column":4},"end":{"line":98,"column":5}},"16":{"start":{"line":97,"column":6},"end":{"line":97,"column":19}},"17":{"start":{"line":101,"column":26},"end":{"line":101,"column":56}},"18":{"start":{"line":102,"column":4},"end":{"line":102,"column":null}},"19":{"start":{"line":102,"column":41},"end":{"line":102,"column":96}},"20":{"start":{"line":102,"column":74},"end":{"line":102,"column":95}},"21":{"start":{"line":22,"column":0},"end":{"line":22,"column":13}}},"fnMap":{"0":{"name":"(anonymous_0)","decl":{"start":{"line":22,"column":0},"end":{"line":22,"column":13}},"loc":{"start":{"line":22,"column":0},"end":{"line":104,"column":1}}},"1":{"name":"(anonymous_1)","decl":{"start":{"line":41,"column":2},"end":{"line":41,"column":23}},"loc":{"start":{"line":41,"column":58},"end":{"line":49,"column":3}}},"2":{"name":"(anonymous_2)","decl":{"start":{"line":57,"column":2},"end":{"line":57,"column":23}},"loc":{"start":{"line":57,"column":34},"end":{"line":59,"column":3}}},"3":{"name":"(anonymous_3)","decl":{"start":{"line":68,"column":2},"end":{"line":68,"column":18}},"loc":{"start":{"line":68,"column":45},"end":{"line":86,"column":3}}},"4":{"name":"(anonymous_4)","decl":{"start":{"line":94,"column":2},"end":{"line":94,"column":28}},"loc":{"start":{"line":94,"column":43},"end":{"line":103,"column":3}}},"5":{"name":"(anonymous_5)","decl":{"start":{"line":102,"column":31},"end":{"line":102,"column":32}},"loc":{"start":{"line":102,"column":41},"end":{"line":102,"column":96}}},"6":{"name":"(anonymous_6)","decl":{"start":{"line":102,"column":60},"end":{"line":102,"column":61}},"loc":{"start":{"line":102,"column":74},"end":{"line":102,"column":95}}}},"branchMap":{"0":{"loc":{"start":{"line":43,"column":4},"end":{"line":45,"column":5}},"type":"if","locations":[{"start":{"line":43,"column":4},"end":{"line":45,"column":5}}]},"1":{"loc":{"start":{"line":70,"column":4},"end":{"line":76,"column":5}},"type":"if","locations":[{"start":{"line":70,"column":4},"end":{"line":76,"column":5}}]},"2":{"loc":{"start":{"line":72,"column":6},"end":{"line":74,"column":7}},"type":"if","locations":[{"start":{"line":72,"column":6},"end":{"line":74,"column":7}}]},"3":{"loc":{"start":{"line":80,"column":4},"end":{"line":82,"column":5}},"type":"if","locations":[{"start":{"line":80,"column":4},"end":{"line":82,"column":5}}]},"4":{"loc":{"start":{"line":96,"column":4},"end":{"line":98,"column":5}},"type":"if","locations":[{"start":{"line":96,"column":4},"end":{"line":98,"column":5}}]}},"s":{"0":0,"1":0,"2":0,"3":0,"4":0,"5":0,"6":0,"7":0,"8":0,"9":0,"10":0,"11":0,"12":0,"13":0,"14":0,"15":0,"16":0,"17":0,"18":0,"19":0,"20":0,"21":0},"f":{"0":0,"1":0,"2":0,"3":0,"4":0,"5":0,"6":0},"b":{"0":[0],"1":[0],"2":[0],"3":[0],"4":[0]}}
,"/Users/badrbaddou/Projects/openinnovation/evalutation-framework/src/auth/domain/value-objects/email.vo.ts": {"path":"/Users/badrbaddou/Projects/openinnovation/evalutation-framework/src/auth/domain/value-objects/email.vo.ts","statementMap":{"0":{"start":{"line":1,"column":0},"end":{"line":1,"column":77}},"1":{"start":{"line":19,"column":4},"end":{"line":19,"column":null}},"2":{"start":{"line":29,"column":4},"end":{"line":31,"column":5}},"3":{"start":{"line":30,"column":6},"end":{"line":30,"column":null}},"4":{"start":{"line":33,"column":25},"end":{"line":33,"column":37}},"5":{"start":{"line":35,"column":4},"end":{"line":37,"column":5}},"6":{"start":{"line":36,"column":6},"end":{"line":36,"column":null}},"7":{"start":{"line":39,"column":4},"end":{"line":41,"column":5}},"8":{"start":{"line":40,"column":6},"end":{"line":40,"column":null}},"9":{"start":{"line":43,"column":4},"end":{"line":43,"column":null}},"10":{"start":{"line":53,"column":23},"end":{"line":53,"column":51}},"11":{"start":{"line":54,"column":4},"end":{"line":54,"column":null}},"12":{"start":{"line":61,"column":4},"end":{"line":61,"column":null}},"13":{"start":{"line":70,"column":4},"end":{"line":72,"column":5}},"14":{"start":{"line":71,"column":6},"end":{"line":71,"column":null}},"15":{"start":{"line":74,"column":4},"end":{"line":74,"column":null}},"16":{"start":{"line":82,"column":4},"end":{"line":82,"column":null}},"17":{"start":{"line":15,"column":0},"end":{"line":15,"column":13}}},"fnMap":{"0":{"name":"(anonymous_0)","decl":{"start":{"line":18,"column":2},"end":{"line":18,"column":22}},"loc":{"start":{"line":18,"column":35},"end":{"line":20,"column":3}}},"1":{"name":"(anonymous_1)","decl":{"start":{"line":28,"column":2},"end":{"line":28,"column":8}},"loc":{"start":{"line":28,"column":29},"end":{"line":44,"column":3}}},"2":{"name":"(anonymous_2)","decl":{"start":{"line":51,"column":10},"end":{"line":51,"column":16}},"loc":{"start":{"line":51,"column":38},"end":{"line":55,"column":3}}},"3":{"name":"(anonymous_3)","decl":{"start":{"line":60,"column":2},"end":{"line":60,"column":6}},"loc":{"start":{"line":60,"column":11},"end":{"line":62,"column":3}}},"4":{"name":"(anonymous_4)","decl":{"start":{"line":69,"column":2},"end":{"line":69,"column":8}},"loc":{"start":{"line":69,"column":21},"end":{"line":75,"column":3}}},"5":{"name":"(anonymous_5)","decl":{"start":{"line":81,"column":2},"end":{"line":81,"column":10}},"loc":{"start":{"line":81,"column":10},"end":{"line":83,"column":3}}}},"branchMap":{"0":{"loc":{"start":{"line":29,"column":4},"end":{"line":31,"column":5}},"type":"if","locations":[{"sta
[...]
,"/Users/badrbaddou/Projects/openinnovation/evalutation-framework/src/performance-reviews/presentation/dto/peer-feedback.dto.ts": {"path":"/Users/badrbaddou/Projects/openinnovation/evalutation-framework/src/performance-reviews/presentation/dto/peer-feedback.dto.ts","statementMap":{"0":{"start":{"line":1,"column":0},"end":{"line":1,"column":46}},"1":{"start":{"line":2,"column":0},"end":{"line":2,"column":94}},"2":{"start":{"line":4,"column":0},"end":{"line":4,"column":13}},"3":{"start":{"line":13,"column":2},"end":{"line":13,"column":null}},"4":{"start":{"line":16,"column":0},"end":{"line":16,"column":13}},"5":{"start":{"line":21,"column":2},"end":{"line":21,"column":null}},"6":{"start":{"line":27,"column":2},"end":{"line":27,"column":null}},"7":{"start":{"line":33,"column":2},"end":{"line":33,"column":null}},"8":{"start":{"line":39,"column":2},"end":{"line":39,"column":null}},"9":{"start":{"line":45,"column":2},"end":{"line":45,"column":null}},"10":{"start":{"line":53,"column":2},"end":{"line":53,"column":null}},"11":{"start":{"line":56,"column":0},"end":{"line":56,"column":13}},"12":{"start":{"line":58,"column":2},"end":{"line":58,"column":null}},"13":{"start":{"line":61,"column":2},"end":{"line":61,"column":null}},"14":{"start":{"line":64,"column":2},"end":{"line":64,"column":null}},"15":{"start":{"line":67,"column":2},"end":{"line":67,"column":null}},"16":{"start":{"line":70,"column":2},"end":{"line":70,"column":null}},"17":{"start":{"line":73,"column":2},"end":{"line":73,"column":null}},"18":{"start":{"line":76,"column":2},"end":{"line":76,"column":null}},"19":{"start":{"line":79,"column":2},"end":{"line":79,"column":null}},"20":{"start":{"line":82,"column":0},"end":{"line":82,"column":13}},"21":{"start":{"line":84,"column":2},"end":{"line":84,"column":null}},"22":{"start":{"line":87,"column":2},"end":{"line":87,"column":null}},"23":{"start":{"line":90,"column":2},"end":{"line":90,"column":null}},"24":{"start":{"line":93,"column":2},"end":{"line":93,"column":null}},"25":{"start":{"line":96,"column":2},"end":{"line":96,"column":null}},"26":{"start":{"line":99,"column":2},"end":{"line":99,"column":null}},"27":{"start":{"line":102,"column":2},"end":{"line":102,"column":null}},"28":{"start":{"line":105,"column":2},"end":{"line":105,"column":null}},"29":{"start":{"line":108,"column":2},"end":{"line":108,"column":null}},"30":{"start":{"line":111,"column":2},"end":{"line":111,"column":null}},"31":{"start":{"line":114,"column":0},"end":{"line":114,"column":13}},"32":{"start":{"line":116,"column":2},"end":{"line":116,"column":null}},"33":{"start":{"line":119,"column":2},"end":{"line":119,"column":null}},"34":{"start":{"line":122,"column":2},"end":{"line":122,"column":null}},"35":{"start":{"line":125,"column":2},"end":{"line":125,"column":null}},"36":{"start":{"line":128,"column":2},"end":{"line":128,"column":null}},"37":{"start":{"line":131,"column":2},"end":{"line":131,"column":null}},"38":{"start":{"line":139,"column":2},"end":{"line":139,"column":null}}},"fnMap":{},"branchMap":{},"s":{"0":0,"1":0,"2":0,"3":0,"4":0,"5":0,"6":0,"7":0,"8":0,"9":0,"10":0,"11":0,"12":0,"13":0,"14":0,"15":0,"16":0,"17":0,"18":0,"19":0,"20":0,"21":0,"22":0,"23":0,"24":0,"25":0,"26":0,"27":0,"28":0,"29":0,"30":0,"31":0,"32":0,"33":0,"34":0,"35":0,"36":0,"37":0,"38":0},"f":{},"b":{}}
,"/Users/badrbaddou/Projects/openinnovation/evalutation-framework/src/performance-reviews/presentation/dto/review-cycle.dto.ts": {"path":"/Users/badrbaddou/Projects/openinnovation/evalutation-framework/src/performance-reviews/presentation/dto/review-cycle.dto.ts","statementMap":{"0":{"start":{"line":1,"column":0},"end":{"line":1,"column":67}},"1":{"start":{"line":2,"column":0},"end":{"line":2,"column":74}},"2":{"start":{"line":4,"column":0},"end":{"line":4,"column":null}},"3":{"start":{"line":5,"column":2},"end":{"line":5,"column":null}},"4":{"start":{"line":6,"column":2},"end":{"line":6,"column":null}},"5":{"start":{"line":7,"column":2},"end":{"line":7,"column":null}},"6":{"start":{"line":8,"column":2},"end":{"line":8,"column":null}},"7":{"start":{"line":9,"column":2},"end":{"line":9,"column":null}},"8":{"start":{"line":12,"column":0},"end":{"line":12,"column":13}},"9":{"start":{"line":15,"column":2},"end":{"line":15,"column":null}},"10":{"start":{"line":21,"column":2},"end":{"line":21,"column":null}},"11":{"start":{"line":25,"column":2},"end":{"line":25,"column":null}},"12":{"start":{"line":29,"column":2},"end":{"line":29,"column":null}},"13":{"start":{"line":33,"column":2},"end":{"line":33,"column":null}},"14":{"start":{"line":37,"column":2},"end":{"line":37,"column":null}},"15":{"start":{"line":41,"column":2},"end":{"line":41,"column":null}},"16":{"start":{"line":44,"column":0},"end":{"line":44,"column":13}},"17":{"start":{"line":47,"column":2},"end":{"line":47,"column":null}},"18":{"start":{"line":51,"column":2},"end":{"line":51,"column":null}},"19":{"start":{"line":55,"column":2},"end":{"line":55,"column":null}},"20":{"start":{"line":59,"column":2},"end":{"line":59,"column":null}},"21":{"start":{"line":63,"column":2},"end":{"line":63,"column":null}},"22":{"start":{"line":67,"column":2},"end":{"line":67,"column":null}},"23":{"start":{"line":70,"column":0},"end":{"line":70,"column":13}},"24":{"start":{"line":72,"column":2},"end":{"line":72,"column":null}},"25":{"start":{"line":75,"column":2},"end":{"line":75,"column":null}},"26":{"start":{"line":78,"column":2},"end":{"line":78,"column":null}},"27":{"start":{"line":81,"column":2},"end":{"line":81,"column":null}},"28":{"start":{"line":84,"column":2},"end":{"line":84,"column":null}},"29":{"start":{"line":87,"column":2},"end":{"line":87,"column":null}},"30":{"start":{"line":90,"column":2},"end":{"line":90,"column":null}},"31":{"start":{"line":93,"column":2},"end":{"line":93,"column":null}},"32":{"start":{"line":96,"column":2},"end":{"line":96,"column":null}},"33":{"start":{"line":99,"column":2},"end":{"line":99,"column":null}},"34":{"start":{"line":102,"column":2},"end":{"line":102,"column":null}}},"fnMap":{"0":{"name":"(anonymous_2)","decl":{"start":{"line":4,"column":0},"end":{"line":4,"column":12}},"loc":{"start":{"line":4,"column":32},"end":{"line":10,"column":1}}}},"branchMap":{"0":{"loc":{"start":{"line":4,"column":12},"end":{"line":4,"column":null}},"type":"binary-expr","locations":[{"start":{"line":4,"column":12},"end":{"line":4,"column":32}},{"start":{"line":4,"column":32},"end":{"line":4,"column":null}}]}},"s":{"0":0,"1":0,"2":0,"3":0,"4":0,"5":0,"6":0,"7":0,"8":0,"9":0,"10":0,"11":0,"12":0,"13":0,"14":0,"15":0,"16":0,"17":0,"18":0,"19":0,"20":0,"21":0,"22":0,"23":0,"24":0,"25":0,"26":0,"27":0,"28":0,"29":0,"30":0,"31":0,"32":0,"33":0,"34":0},"f":{"0":0},"b":{"0":[0,0]}}
,"/Users/badrbaddou/Projects/openinnovation/evalutation-framework/src/performance-reviews/presentation/dto/self-review.dto.ts": {"path":"/Users/badrbaddou/Projects/openinnovation/evalutation-framework/src/performance-reviews/presentation/dto/self-review.dto.ts","statementMap":{"0":{"start":{"line":1,"column":0},"end":{"line":1,"column":67}},"1":{"start":{"line":2,"column":0},"end":{"line":2,"column":83}},"2":{"start":{"line":4,"column":0},"end":{"line":4,"column":13}},"3":{"start":{"line":10,"column":2},"end":{"line":10,"column":null}},"4":{"start":{"line":17,"column":2},"end":{"line":17,"column":null}},"5":{"start":{"line":24,"column":2},"end":{"line":24,"column":null}},"6":{"start":{"line":31,"column":2},"end":{"line":31,"column":null}},"7":{"start":{"line":38,"column":2},"end":{"line":38,"column":null}},"8":{"start":{"line":47,"column":2},"end":{"line":47,"column":null}},"9":{"start":{"line":50,"column":0},"end":{"line":50,"column":13}},"10":{"start":{"line":52,"column":2},"end":{"line":52,"column":null}},"11":{"start":{"line":55,"column":2},"end":{"line":55,"column":null}},"12":{"start":{"line":58,"column":2},"end":{"line":58,"column":null}},"13":{"start":{"line":61,"column":2},"end":{"line":61,"column":null}},"14":{"start":{"line":64,"column":2},"end":{"line":64,"column":null}},"15":{"start":{"line":67,"column":2},"end":{"line":67,"column":null}},"16":{"start":{"line":70,"column":2},"end":{"line":70,"column":null}},"17":{"start":{"line":73,"column":2},"end":{"line":73,"column":null}},"18":{"start":{"line":76,"column":2},"end":{"line":76,"column":null}},"19":{"start":{"line":79,"column":2},"end":{"line":79,"column":null}},"20":{"start":{"line":82,"column":2},"end":{"line":82,"column":null}},"21":{"start":{"line":85,"column":2},"end":{"line":85,"column":null}},"22":{"start":{"line":88,"column":2},"end":{"line":88,"column":null}}},"fnMap":{},"branchMap":{},"s":{"0":0,"1":0,"2":0,"3":0,"4":0,"5":0,"6":0,"7":0,"8":0,"9":0,"10":0,"11":0,"12":0,"13":0,"14":0,"15":0,"16":0,"17":0,"18":0,"19":0,"20":0,"21":0,"22":0},"f":{},"b":{}}
,"/Users/badrbaddou/Projects/openinnovation/evalutation-framework/src/performance-reviews/presentation/filters/review-exception.filter.ts": {"path":"/Users/badrbaddou/Projects/openinnovation/evalutation-framework/src/performance-reviews/presentation/filters/review-exception.filter.ts","statementMap":{"0":{"start":{"line":1,"column":0},"end":{"line":1,"column":null}},"1":{"start":{"line":8,"column":0},"end":{"line":8,"column":104}},"2":{"start":{"line":9,"column":0},"end":{"line":9,"column":102}},"3":{"start":{"line":10,"column":0},"end":{"line":10,"column":110}},"4":{"start":{"line":11,"column":0},"end":{"line":11,"column":116}},"5":{"start":{"line":12,"column":0},"end":{"line":12,"column":118}},"6":{"start":{"line":13,"column":0},"end":{"line":13,"column":102}},"7":{"start":{"line":14,"column":0},"end":{"line":14,"column":127}},"8":{"start":{"line":15,"column":0},"end":{"line":15,"column":114}},"9":{"start":{"line":16,"column":0},"end":{"line":16,"column":118}},"10":{"start":{"line":17,"column":0},"end":{"line":17,"column":116}},"11":{"start":{"line":18,"column":0},"end":{"line":18,"column":115}},"12":{"start":{"line":19,"column":0},"end":{"line":19,"column":114}},"13":{"start":{"line":20,"column":0},"end":{"line":20,"column":103}},"14":{"start":{"line":21,"column":0},"end":{"line":21,"column":113}},"15":{"start":{"line":39,"column":7},"end":{"line":83,"column":null}},"16":{"start":{"line":41,"column":16},"end":{"line":41,"column":35}},"17":{"start":{"line":42,"column":21},"end":{"line":42,"column":48}},"18":{"start":{"line":45,"column":17},"end":{"line":45,"column":49}},"19":{"start":{"line":46,"column":20},"end":{"line":46,"column":36}},"20":{"start":{"line":48,"column":4},"end":{"line":74,"column":5}},"21":{"start":{"line":57,"column":6},"end":{"line":57,"column":36}},"22":{"start":{"line":58,"column":6},"end":{"line":58,"column":39}},"23":{"start":{"line":59,"column":11},"end":{"line":74,"column":5}},"24":{"start":{"line":65,"column":6},"end":{"line":65,"column":38}},"25":{"start":{"line":66,"column":6},"end":{"line":66,"column":36}},"26":{"start":{"line":67,"column":11},"end":{"line":74,"column":5}},"27":{"start":{"line":72,"column":6},"end":{"line":72,"column":38}},"28":{"start":{"line":73,"column":6},"end":{"line":73,"column":34}},"29":{"start":{"line":76,"column":4},"end":{"line":81,"column":7}},"30":{"start":{"line":39,"column":13},"end":{"line":39,"column":34}},"31":{"start":{"line":39,"column":13},"end":{"line":83,"column":null}}},"fnMap":{"0":{"name":"(anonymous_1)","decl":{"start":{"line":40,"column":2},"end":{"line":40,"column":7}},"loc":{"start":{"line":40,"column":43},"end":{"line":82,"column":3}}}},"branchMap":{"0":{"loc":{"start":{"line":48,"column":4},"end":{"line":74,"column":5}},"type":"if","locations":[{"start":{"line":48,"column":4},"end":{"line":74,"column":5}},{"start":{"line":59,"column":11},"end":{"line":74,"column":5}}]},"1":{"loc":{"start":{"line":49,"column":6},"end":{"line":55,"column":66}},"type":"binary-expr","locations":[{"start":{"line":49,"column":6},"end":{"line":49,"column":55}},{"start":{"line":50,"column":6},"end":{"line":50,"column":54}},{"start":{"line":51,"column":6},"end":{"line":51,"column":58}},{"start":{"line":52,"column":6},"end":{"line":52,"column":61}},{"start":{"line":53,"column":6},"end":{"line":53,"column":62}},{"start":{"line":54,"column":6},"end":{"line":54,"column":54}},{"start":{"line":55,"column":6},"end":{"line":55,"column":66}}]},"2":{"loc":{"start":{"line":59,"column":11},"end":{"line":74,"column":5}},"type":"if","locations":[{"start":{"line":59,"column":11},"end":{"line":74,"column":5}},{"start":{"line":67,"column":11},"end":{"line":74,"column":5}}]},"3":{"loc":{"start":{"line":60,"column":6},"end":{"line":63,"column":61}},"type":"binary-expr","locations":[{"start":{"line":60,"column":6},"end":{"line":60,"column":60}},{"start":{"line":61,"column":6},"end":{"line":61,"column":62}},{"start":{"line":62,"column":6},"end":{"line":62,"column":61}},{"start":{"line":63,"column":6},"end":{"line":63,"column":61}}]},"4":{"loc":{"start":{"line":67,"column":11},"end":{"line":74,"column":5}},"type":"if","locations":[{"start":{"line":67,"column":11},"end":{"line":74,"column":5}}]},"5":{"loc":{"start":{"line":68,"column":6},"end":{"line":70,"column":60}},"type":"binary-expr","locations":[{"start":{"line":68,"column":6},"end":{"line":68,"column":60}},{"start":{"line":69,"column":6},"end":{"line":69,"column":55}},{"start":{"line":70,"column":6},"end":{"line":70,"column":60}}]}},"s":{"0":0,"1":0,"2":0,"3":0,"4":0,"5":0,"6":0,"7":0,"8":0,"9":0,"10":0,"11":0,"12":0,"13":0,"14":0,"15":0,"16":0,"17":0,"18":0,"19":0,"20":0,"21":0,"22":0,"23":0,"24":0,"25":0,"26":0,"27":0,"28":0,"29":0,"30":0,"31":0},"f":{"0":0},"b":{"0":[0,0],"1":[0,0,0,0,0,0,0],"2":[0,0],"3":[0,0,0,0],"4":[0],"5":[0,0,0]}}
,"/Users/badrbaddou/Projects/openinnovation/evalutation-framework/src/performance-reviews/presentation/guards/review-authorization.guard.ts": {"path":"/Users/badrbaddou/Projects/openinnovation/evalutation-framework/src/performance-reviews/presentation/guards/review-authorization.guard.ts","statementMap":{"0":{"start":{"line":1,"column":0},"end":{"line":1,"column":95}},"1":{"start":{"line":2,"column":0},"end":{"line":2,"column":41}},"2":{"start":{"line":3,"column":0},"end":{"line":3,"column":58}},"3":{"start":{"line":6,"column":7},"end":{"line":35,"column":null}},"4":{"start":{"line":7,"column":22},"end":{"line":7,"column":33}},"5":{"start":{"line":10,"column":26},"end":{"line":13,"column":6}},"6":{"start":{"line":15,"column":4},"end":{"line":17,"column":5}},"7":{"start":{"line":16,"column":6},"end":{"line":16,"column":18}},"8":{"start":{"line":19,"column":20},"end":{"line":19,"column":55}},"9":{"start":{"line":20,"column":17},"end":{"line":20,"column":29}},"10":{"start":{"line":22,"column":4},"end":{"line":24,"column":5}},"11":{"start":{"line":23,"column":6},"end":{"line":23,"column":61}},"12":{"start":{"line":27,"column":20},"end":{"line":27,"column":68}},"13":{"start":{"line":27,"column":49},"end":{"line":27,"column":67}},"14":{"start":{"line":29,"column":4},"end":{"line":31,"column":5}},"15":{"start":{"line":30,"column":6},"end":{"line":30,"column":63}},"16":{"start":{"line":33,"column":4},"end":{"line":33,"column":16}},"17":{"start":{"line":6,"column":13},"end":{"line":6,"column":37}},"18":{"start":{"line":6,"column":13},"end":{"line":35,"column":null}}},"fnMap":{"0":{"name":"(anonymous_2)","decl":{"start":{"line":7,"column":2},"end":{"line":7,"column":22}},"loc":{"start":{"line":7,"column":42},"end":{"line":7,"column":46}}},"1":{"name":"(anonymous_3)","decl":{"start":{"line":9,"column":2},"end":{"line":9,"column":13}},"loc":{"start":{"line":9,"column":39},"end":{"line":34,"column":3}}},"2":{"name":"(anonymous_4)","decl":{"start":{"line":27,"column":39},"end":{"line":27,"column":40}},"loc":{"start":{"line":27,"column":49},"end":{"line":27,"column":67}}}},"branchMap":{"0":{"loc":{"start":{"line":15,"column":4},"end":{"line":17,"column":5}},"type":"if","locations":[{"start":{"line":15,"column":4},"end":{"line":17,"column":5}}]},"1":{"loc":{"start":{"line":22,"column":4},"end":{"line":24,"column":5}},"type":"if","locations":[{"start":{"line":22,"column":4},"end":{"line":24,"column":5}}]},"2":{"loc":{"start":{"line":29,"column":4},"end":{"line":31,"column":5}},"type":"if","locations":[{"start":{"line":29,"column":4},"end":{"line":31,"column":5}}]}},"s":{"0":0,"1":0,"2":0,"3":0,"4":0,"5":0,"6":0,"7":0,"8":0,"9":0,"10":0,"11":0,"12":0,"13":0,"14":0,"15":0,"16":0,"17":0,"18":0},"f":{"0":0,"1":0,"2":0},"b":{"0":[0],"1":[0],"2":[0]}}
,"/Users/badrbaddou/Projects/openinnovation/evalutation-framework/src/performance-reviews/presentation/validators/max-words.validator.ts": {"path":"/Users/badrbaddou/Projects/openinnovation/evalutation-framework/src/performance-reviews/presentation/validators/max-words.validator.ts","statementMap":{"0":{"start":{"line":7,"column":0},"end":{"line":7,"column":16}},"1":{"start":{"line":1,"column":0},"end":{"line":1,"column":null}},"2":{"start":{"line":8,"column":2},"end":{"line":28,"column":4}},"3":{"start":{"line":9,"column":4},"end":{"line":27,"column":7}},"4":{"start":{"line":17,"column":10},"end":{"line":19,"column":11}},"5":{"start":{"line":18,"column":12},"end":{"line":18,"column":25}},"6":{"start":{"line":20,"column":28},"end":{"line":20,"column":92}},"7":{"start":{"line":20,"column":69},"end":{"line":20,"column":84}},"8":{"start":{"line":21,"column":10},"end":{"line":21,"column":50}},"9":{"start":{"line":24,"column":10},"end":{"line":24,"column":81}}},"fnMap":{"0":{"name":"MaxWords","decl":{"start":{"line":7,"column":16},"end":{"line":7,"column":24}},"loc":{"start":{"line":7,"column":80},"end":{"line":29,"column":1}}},"1":{"name":"(anonymous_1)","decl":{"start":{"line":8,"column":9},"end":{"line":8,"column":19}},"loc":{"start":{"line":8,"column":55},"end":{"line":28,"column":3}}},"2":{"name":"(anonymous_2)","decl":{"start":{"line":16,"column":8},"end":{"line":16,"column":16}},"loc":{"start":{"line":16,"column":54},"end":{"line":22,"column":9}}},"3":{"name":"(anonymous_3)","decl":{"start":{"line":20,"column":61},"end":{"line":20,"column":65}},"loc":{"start":{"line":20,"column":69},"end":{"line":20,"column":84}}},"4":{"name":"(anonymous_4)","decl":{"start":{"line":23,"column":8},"end":{"line":23,"column":22}},"loc":{"start":{"line":23,"column":48},"end":{"line":25,"column":9}}}},"branchMap":{"0":{"loc":{"start":{"line":17,"column":10},"end":{"line":19,"column":11}},"type":"if","locations":[{"start":{"line":17,"column":10},"end":{"line":19,"column":11}}]}},"s":{"0":0,"1":0,"2":0,"3":0,"4":0,"5":0,"6":0,"7":0,"8":0,"9":0},"f":{"0":0,"1":0,"2":0,"3":0,"4":0},"b":{"0":[0]}}
}
