TN:
SF:src/app.controller.ts
FN:6,(anonymous_2)
FN:9,(anonymous_3)
FN:14,(anonymous_4)
FNF:3
FNH:0
FNDA:0,(anonymous_2)
FNDA:0,(anonymous_3)
FNDA:0,(anonymous_4)
DA:1,0
DA:2,0
DA:5,0
DA:6,0
DA:9,0
DA:10,0
DA:14,0
DA:15,0
LF:8
LH:0
BRF:0
BRH:0
end_of_record
TN:
SF:src/app.module.ts
FNF:0
FNH:0
DA:1,0
DA:2,0
DA:3,0
DA:4,0
DA:5,0
DA:6,0
DA:20,0
LF:7
LH:0
BRF:0
BRH:0
end_of_record
TN:
SF:src/app.service.ts
FN:5,(anonymous_1)
FNF:1
FNH:0
FNDA:0,(anonymous_1)
DA:1,0
DA:4,0
DA:6,0
LF:3
LH:0
BRF:0
BRH:0
end_of_record
TN:
SF:src/auth/auth.module.ts
FN:38,(anonymous_1)
FNF:1
FNH:0
FNDA:0,(anonymous_1)
DA:1,0
DA:2,0
DA:3,0
DA:4,0
DA:5,0
DA:8,0
DA:9,0
DA:10,0
DA:11,0
DA:14,0
DA:15,0
DA:16,0
DA:17,0
DA:18,0
DA:19,0
DA:20,0
DA:23,0
DA:24,0
DA:25,0
DA:26,0
DA:29,0
DA:30,0
DA:31,0
DA:32,0
DA:38,0
DA:120,0
LF:26
LH:0
BRF:0
BRH:0
end_of_record
TN:
SF:src/auth/application/dto/keycloak-user-data.dto.ts
FN:9,(anonymous_0)
FN:20,(anonymous_1)
FNF:2
FNH:0
FNDA:0,(anonymous_0)
FNDA:0,(anonymous_1)
DA:8,0
DA:10,0
DA:11,0
DA:12,0
DA:13,0
DA:14,0
DA:27,0
LF:7
LH:0
BRF:0
BRH:0
end_of_record
TN:
SF:src/auth/application/dto/token-pair.dto.ts
FN:8,(anonymous_0)
FNF:1
FNH:0
FNDA:0,(anonymous_0)
DA:7,0
DA:9,0
DA:10,0
DA:11,0
LF:4
LH:0
BRF:0
BRH:0
end_of_record
TN:
SF:src/auth/application/dto/user.dto.ts
FN:11,(anonymous_0)
FN:25,(anonymous_1)
FN:31,(anonymous_2)
FNF:3
FNH:0
FNDA:0,(anonymous_0)
FNDA:0,(anonymous_1)
FNDA:0,(anonymous_2)
DA:10,0
DA:12,0
DA:13,0
DA:14,0
DA:15,0
DA:16,0
DA:17,0
DA:18,0
DA:19,0
DA:26,0
DA:31,0
LF:11
LH:0
BRF:0
BRH:0
end_of_record
TN:
SF:src/auth/application/exceptions/authentication-failed.exception.ts
FN:4,(anonymous_0)
FNF:1
FNH:0
FNDA:0,(anonymous_0)
DA:1,0
DA:3,0
DA:5,0
DA:6,0
LF:4
LH:0
BRDA:4,0,0,0
BRF:1
BRH:0
end_of_record
TN:
SF:src/auth/application/exceptions/token-expired.exception.ts
FN:4,(anonymous_0)
FNF:1
FNH:0
FNDA:0,(anonymous_0)
DA:1,0
DA:3,0
DA:5,0
DA:6,0
LF:4
LH:0
BRDA:4,0,0,0
BRF:1
BRH:0
end_of_record
TN:
SF:src/auth/application/exceptions/token-theft-detected.exception.ts
FN:4,(anonymous_0)
FNF:1
FNH:0
FNDA:0,(anonymous_0)
DA:1,0
DA:3,0
DA:5,0
DA:6,0
LF:4
LH:0
BRDA:4,0,0,0
BRF:1
BRH:0
end_of_record
TN:
SF:src/auth/application/exceptions/user-deactivated.exception.ts
FN:4,(anonymous_0)
FNF:1
FNH:0
FNDA:0,(anonymous_0)
DA:1,0
DA:3,0
DA:5,0
DA:6,0
LF:4
LH:0
BRDA:4,0,0,0
BRF:1
BRH:0
end_of_record
TN:
SF:src/auth/application/exceptions/user-not-found.exception.ts
FN:4,(anonymous_0)
FNF:1
FNH:0
FNDA:0,(anonymous_0)
DA:1,0
DA:3,0
DA:5,0
DA:6,0
LF:4
LH:0
BRDA:4,0,0,0
BRF:1
BRH:0
end_of_record
TN:
SF:src/auth/application/services/user-synchronization.service.ts
FN:23,(anonymous_1)
FNF:1
FNH:0
FNDA:0,(anonymous_1)
DA:1,0
DA:4,0
DA:13,0
DA:25,0
LF:4
LH:0
BRF:0
BRH:0
end_of_record
TN:
SF:src/auth/application/use-cases/authenticate-user/authenticate-user.input.ts
FN:8,(anonymous_0)
FNF:1
FNH:0
FNDA:0,(anonymous_0)
DA:7,0
DA:9,0
DA:10,0
DA:11,0
DA:12,0
DA:13,0
LF:6
LH:0
BRF:0
BRH:0
end_of_record
TN:
SF:src/auth/application/use-cases/authenticate-user/authenticate-user.output.ts
FN:10,(anonymous_0)
FNF:1
FNH:0
FNDA:0,(anonymous_0)
DA:9,0
DA:11,0
DA:12,0
DA:13,0
DA:14,0
LF:5
LH:0
BRF:0
BRH:0
end_of_record
TN:
SF:src/auth/application/use-cases/authenticate-user/authenticate-user.use-case.ts
FN:36,(anonymous_13)
FN:49,(anonymous_14)
FN:95,(anonymous_15)
FNF:3
FNH:0
FNDA:0,(anonymous_13)
FNDA:0,(anonymous_14)
FNDA:0,(anonymous_15)
DA:1,0
DA:8,0
DA:9,0
DA:10,0
DA:11,0
DA:12,0
DA:13,0
DA:14,0
DA:15,0
DA:16,0
DA:35,0
DA:38,0
DA:40,0
DA:42,0
DA:44,0
DA:46,0
DA:50,0
DA:52,0
DA:58,0
DA:61,0
DA:63,0
DA:65,0
DA:75,0
DA:78,0
DA:83,0
DA:87,0
DA:88,0
DA:92,0
DA:95,0
DA:96,0
DA:104,0
DA:107,0
DA:108,0
DA:117,0
DA:125,0
DA:129,0
DA:132,0
LF:37
LH:0
BRDA:63,0,0,0
BRDA:63,0,1,0
BRDA:87,1,0,0
BRDA:125,2,0,0
BRDA:126,3,0,0
BRDA:126,3,1,0
BRDA:133,4,0,0
BRDA:133,4,1,0
BRF:8
BRH:0
end_of_record
TN:
SF:src/auth/application/use-cases/get-current-user/get-current-user.input.ts
FN:10,(anonymous_0)
FNF:1
FNH:0
FNDA:0,(anonymous_0)
DA:9,0
DA:10,0
LF:2
LH:0
BRF:0
BRH:0
end_of_record
TN:
SF:src/auth/application/use-cases/get-current-user/get-current-user.output.ts
FN:10,(anonymous_0)
FNF:1
FNH:0
FNDA:0,(anonymous_0)
DA:9,0
DA:10,0
LF:2
LH:0
BRF:0
BRH:0
end_of_record
TN:
SF:src/auth/application/use-cases/get-current-user/get-current-user.use-case.ts
FN:20,(anonymous_4)
FN:25,(anonymous_5)
FNF:2
FNH:0
FNDA:0,(anonymous_4)
FNDA:0,(anonymous_5)
DA:1,0
DA:4,0
DA:5,0
DA:6,0
DA:7,0
DA:19,0
DA:22,0
DA:27,0
DA:30,0
DA:31,0
DA:35,0
DA:36,0
DA:40,0
LF:13
LH:0
BRDA:30,0,0,0
BRDA:35,1,0,0
BRF:2
BRH:0
end_of_record
TN:
SF:src/auth/application/use-cases/login-user/login-user.use-case.ts
FN:13,(anonymous_13)
FN:22,(anonymous_14)
FN:61,(anonymous_15)
FNF:3
FNH:0
FNDA:0,(anonymous_13)
FNDA:0,(anonymous_14)
FNDA:0,(anonymous_15)
DA:1,0
DA:7,0
DA:8,0
DA:9,0
DA:12,0
DA:15,0
DA:17,0
DA:19,0
DA:24,0
DA:25,0
DA:27,0
DA:28,0
DA:32,0
DA:33,0
DA:41,0
DA:44,0
DA:45,0
DA:54,0
DA:56,0
DA:61,0
LF:20
LH:0
BRDA:27,0,0,0
BRDA:32,1,0,0
BRF:2
BRH:0
end_of_record
TN:
SF:src/auth/application/use-cases/logout-user/logout-user.input.ts
FN:10,(anonymous_0)
FNF:1
FNH:0
FNDA:0,(anonymous_0)
DA:9,0
DA:10,0
LF:2
LH:0
BRF:0
BRH:0
end_of_record
TN:
SF:src/auth/application/use-cases/logout-user/logout-user.use-case.ts
FN:17,(anonymous_4)
FN:24,(anonymous_5)
FNF:2
FNH:0
FNDA:0,(anonymous_4)
FNDA:0,(anonymous_5)
DA:1,0
DA:16,0
DA:19,0
DA:21,0
DA:26,0
DA:29,0
LF:6
LH:0
BRF:0
BRH:0
end_of_record
TN:
SF:src/auth/application/use-cases/refresh-tokens/refresh-tokens.input.ts
FN:8,(anonymous_0)
FNF:1
FNH:0
FNDA:0,(anonymous_0)
DA:7,0
DA:8,0
LF:2
LH:0
BRF:0
BRH:0
end_of_record
TN:
SF:src/auth/application/use-cases/refresh-tokens/refresh-tokens.output.ts
FN:8,(anonymous_0)
FNF:1
FNH:0
FNDA:0,(anonymous_0)
DA:7,0
DA:9,0
DA:10,0
DA:11,0
LF:4
LH:0
BRF:0
BRH:0
end_of_record
TN:
SF:src/auth/application/use-cases/refresh-tokens/refresh-tokens.use-case.ts
FN:33,(anonymous_13)
FN:44,(anonymous_14)
FN:100,(anonymous_15)
FN:122,(anonymous_16)
FNF:4
FNH:0
FNDA:0,(anonymous_13)
FNDA:0,(anonymous_14)
FNDA:0,(anonymous_15)
FNDA:0,(anonymous_16)
DA:1,0
DA:7,0
DA:8,0
DA:9,0
DA:10,0
DA:11,0
DA:12,0
DA:13,0
DA:32,0
DA:35,0
DA:37,0
DA:39,0
DA:41,0
DA:46,0
DA:49,0
DA:50,0
DA:52,0
DA:53,0
DA:57,0
DA:58,0
DA:62,0
DA:65,0
DA:66,0
DA:67,0
DA:68,0
DA:69,0
DA:70,0
DA:74,0
DA:75,0
DA:79,0
DA:81,0
DA:82,0
DA:88,0
DA:89,0
DA:93,0
DA:94,0
DA:97,0
DA:100,0
DA:101,0
DA:109,0
DA:112,0
DA:124,0
DA:127,0
LF:43
LH:0
BRDA:52,0,0,0
BRDA:57,1,0,0
BRDA:68,2,0,0
BRDA:74,3,0,0
BRDA:79,4,0,0
BRDA:88,5,0,0
BRF:6
BRH:0
end_of_record
TN:
SF:src/auth/application/use-cases/register-user/register-user.use-case.ts
FN:16,(anonymous_13)
FN:25,(anonymous_14)
FN:74,(anonymous_15)
FNF:3
FNH:0
FNDA:0,(anonymous_13)
FNDA:0,(anonymous_14)
FNDA:0,(anonymous_15)
DA:1,0
DA:7,0
DA:8,0
DA:9,0
DA:10,0
DA:11,0
DA:12,0
DA:15,0
DA:18,0
DA:20,0
DA:22,0
DA:27,0
DA:28,0
DA:30,0
DA:31,0
DA:36,0
DA:39,0
DA:51,0
DA:54,0
DA:57,0
DA:58,0
DA:67,0
DA:69,0
DA:74,0
LF:24
LH:0
BRDA:30,0,0,0
BRF:1
BRH:0
end_of_record
TN:
SF:src/auth/domain/entities/refresh-token.entity.ts
FN:29,(anonymous_0)
FN:43,(anonymous_1)
FN:66,(anonymous_2)
FN:74,(anonymous_3)
FN:84,(anonymous_4)
FN:91,(anonymous_5)
FN:96,(anonymous_6)
FN:100,(anonymous_7)
FN:104,(anonymous_8)
FN:108,(anonymous_9)
FN:112,(anonymous_10)
FN:116,(anonymous_11)
FN:120,(anonymous_12)
FNF:13
FNH:0
FNDA:0,(anonymous_0)
FNDA:0,(anonymous_1)
FNDA:0,(anonymous_2)
FNDA:0,(anonymous_3)
FNDA:0,(anonymous_4)
FNDA:0,(anonymous_5)
FNDA:0,(anonymous_6)
FNDA:0,(anonymous_7)
FNDA:0,(anonymous_8)
FNDA:0,(anonymous_9)
FNDA:0,(anonymous_10)
FNDA:0,(anonymous_11)
FNDA:0,(anonymous_12)
DA:2,0
DA:20,0
DA:30,0
DA:31,0
DA:32,0
DA:33,0
DA:34,0
DA:35,0
DA:36,0
DA:45,0
DA:46,0
DA:50,0
DA:51,0
DA:55,0
DA:56,0
DA:59,0
DA:67,0
DA:76,0
DA:77,0
DA:85,0
DA:92,0
DA:97,0
DA:101,0
DA:105,0
DA:109,0
DA:113,0
DA:117,0
DA:121,0
LF:28
LH:0
BRDA:45,0,0,0
BRDA:45,1,0,0
BRDA:45,1,1,0
BRDA:50,2,0,0
BRDA:50,3,0,0
BRDA:50,3,1,0
BRDA:55,4,0,0
BRDA:76,5,0,0
BRDA:92,6,0,0
BRDA:92,6,1,0
BRDA:92,6,2,0
BRF:11
BRH:0
end_of_record
TN:
SF:src/auth/domain/entities/session.entity.ts
FN:31,(anonymous_0)
FN:46,(anonymous_1)
FN:73,(anonymous_2)
FN:80,(anonymous_3)
FN:87,(anonymous_4)
FN:105,(anonymous_5)
FN:117,(anonymous_6)
FN:121,(anonymous_7)
FN:125,(anonymous_8)
FN:129,(anonymous_9)
FN:133,(anonymous_10)
FN:137,(anonymous_11)
FN:141,(anonymous_12)
FN:145,(anonymous_13)
FNF:14
FNH:0
FNDA:0,(anonymous_0)
FNDA:0,(anonymous_1)
FNDA:0,(anonymous_2)
FNDA:0,(anonymous_3)
FNDA:0,(anonymous_4)
FNDA:0,(anonymous_5)
FNDA:0,(anonymous_6)
FNDA:0,(anonymous_7)
FNDA:0,(anonymous_8)
FNDA:0,(anonymous_9)
FNDA:0,(anonymous_10)
FNDA:0,(anonymous_11)
FNDA:0,(anonymous_12)
FNDA:0,(anonymous_13)
DA:2,0
DA:21,0
DA:32,0
DA:33,0
DA:34,0
DA:35,0
DA:36,0
DA:37,0
DA:38,0
DA:39,0
DA:48,0
DA:49,0
DA:53,0
DA:54,0
DA:58,0
DA:59,0
DA:63,0
DA:64,0
DA:67,0
DA:74,0
DA:81,0
DA:89,0
DA:90,0
DA:94,0
DA:95,0
DA:98,0
DA:108,0
DA:111,0
DA:113,0
DA:118,0
DA:122,0
DA:126,0
DA:130,0
DA:134,0
DA:138,0
DA:142,0
DA:146,0
LF:37
LH:0
BRDA:48,0,0,0
BRDA:48,1,0,0
BRDA:48,1,1,0
BRDA:53,2,0,0
BRDA:58,3,0,0
BRDA:58,4,0,0
BRDA:58,4,1,0
BRDA:63,5,0,0
BRDA:63,6,0,0
BRDA:63,6,1,0
BRDA:89,7,0,0
BRDA:89,8,0,0
BRDA:89,8,1,0
BRDA:94,9,0,0
BRDA:94,10,0,0
BRDA:94,10,1,0
BRDA:113,11,0,0
BRDA:113,11,1,0
BRF:18
BRH:0
end_of_record
TN:
SF:src/auth/domain/entities/user.entity.ts
FN:49,(anonymous_0)
FN:69,(anonymous_1)
FN:90,(anonymous_2)
FN:100,(anonymous_3)
FN:102,(anonymous_4)
FN:115,(anonymous_5)
FN:117,(anonymous_6)
FN:127,(anonymous_7)
FN:134,(anonymous_8)
FN:142,(anonymous_9)
FN:150,(anonymous_10)
FN:151,(anonymous_11)
FN:157,(anonymous_12)
FN:161,(anonymous_13)
FN:168,(anonymous_14)
FN:184,(anonymous_15)
FN:191,(anonymous_16)
FN:202,(anonymous_17)
FN:206,(anonymous_18)
FN:210,(anonymous_19)
FN:214,(anonymous_20)
FN:218,(anonymous_21)
FN:222,(anonymous_22)
FN:226,(anonymous_23)
FN:230,(anonymous_24)
FN:234,(anonymous_25)
FN:238,(anonymous_26)
FN:242,(anonymous_27)
FN:246,(anonymous_28)
FN:250,(anonymous_29)
FNF:30
FNH:9
FNDA:651,(anonymous_0)
FNDA:651,(anonymous_1)
FNDA:0,(anonymous_2)
FNDA:0,(anonymous_3)
FNDA:0,(anonymous_4)
FNDA:0,(anonymous_5)
FNDA:0,(anonymous_6)
FNDA:0,(anonymous_7)
FNDA:0,(anonymous_8)
FNDA:0,(anonymous_9)
FNDA:0,(anonymous_10)
FNDA:0,(anonymous_11)
FNDA:0,(anonymous_12)
FNDA:0,(anonymous_13)
FNDA:0,(anonymous_14)
FNDA:0,(anonymous_15)
FNDA:651,(anonymous_16)
FNDA:2343,(anonymous_17)
FNDA:31,(anonymous_18)
FNDA:559,(anonymous_19)
FNDA:0,(anonymous_20)
FNDA:0,(anonymous_21)
FNDA:0,(anonymous_22)
FNDA:0,(anonymous_23)
FNDA:0,(anonymous_24)
FNDA:0,(anonymous_25)
FNDA:547,(anonymous_26)
FNDA:30,(anonymous_27)
FNDA:0,(anonymous_28)
FNDA:90,(anonymous_29)
DA:4,6
DA:34,6
DA:50,651
DA:51,651
DA:52,651
DA:53,651
DA:54,651
DA:55,651
DA:56,651
DA:57,651
DA:58,651
DA:59,651
DA:60,651
DA:61,651
DA:62,651
DA:71,651
DA:74,651
DA:75,0
DA:79,651
DA:80,0
DA:83,651
DA:91,0
DA:92,0
DA:93,0
DA:102,0
DA:103,0
DA:104,0
DA:107,0
DA:108,0
DA:117,0
DA:118,0
DA:119,0
DA:123,0
DA:124,0
DA:127,0
DA:128,0
DA:135,0
DA:136,0
DA:143,0
DA:144,0
DA:151,0
DA:158,0
DA:159,0
DA:161,0
DA:169,0
DA:171,0
DA:172,0
DA:175,0
DA:176,0
DA:177,0
DA:178,0
DA:185,0
DA:192,651
DA:193,0
DA:196,651
DA:197,0
DA:203,2343
DA:207,31
DA:211,559
DA:215,0
DA:219,0
DA:223,0
DA:227,0
DA:231,0
DA:235,0
DA:239,547
DA:243,30
DA:247,0
DA:251,90
LF:69
LH:27
BRDA:74,0,0,0
BRDA:74,1,0,651
BRDA:74,1,1,651
BRDA:79,2,0,0
BRDA:79,3,0,651
BRDA:79,3,1,651
BRDA:103,4,0,0
BRDA:118,5,0,0
BRDA:123,6,0,0
BRDA:158,7,0,0
BRDA:158,8,0,0
BRDA:158,8,1,0
BRDA:171,9,0,0
BRDA:171,10,0,0
BRDA:171,10,1,0
BRDA:192,11,0,0
BRDA:192,12,0,651
BRDA:192,12,1,651
BRDA:196,13,0,0
BRF:19
BRH:6
end_of_record
TN:
SF:src/auth/domain/exceptions/authorization-failed.exception.ts
FN:4,(anonymous_0)
FNF:1
FNH:0
FNDA:0,(anonymous_0)
DA:1,0
DA:3,0
DA:5,0
DA:6,0
LF:4
LH:0
BRDA:4,0,0,0
BRF:1
BRH:0
end_of_record
TN:
SF:src/auth/domain/exceptions/invalid-email.exception.ts
FN:9,(anonymous_0)
FNF:1
FNH:0
FNDA:0,(anonymous_0)
DA:1,6
DA:8,6
DA:10,0
DA:11,0
LF:4
LH:2
BRDA:9,0,0,0
BRF:1
BRH:0
end_of_record
TN:
SF:src/auth/domain/exceptions/invalid-role.exception.ts
FN:9,(anonymous_0)
FNF:1
FNH:0
FNDA:0,(anonymous_0)
DA:1,6
DA:8,6
DA:10,0
DA:11,0
LF:4
LH:2
BRDA:9,0,0,0
BRF:1
BRH:0
end_of_record
TN:
SF:src/auth/domain/exceptions/invalid-user-id.exception.ts
FN:9,(anonymous_0)
FNF:1
FNH:0
FNDA:0,(anonymous_0)
DA:1,19
DA:8,19
DA:10,0
DA:11,0
LF:4
LH:2
BRDA:9,0,0,0
BRF:1
BRH:0
end_of_record
TN:
SF:src/auth/domain/exceptions/invalid-user.exception.ts
FN:4,(anonymous_0)
FNF:1
FNH:0
FNDA:0,(anonymous_0)
DA:1,6
DA:3,6
DA:5,0
DA:6,0
LF:4
LH:2
BRDA:4,0,0,0
BRF:1
BRH:0
end_of_record
TN:
SF:src/auth/domain/services/user-authorization.service.ts
FN:22,(anonymous_0)
FN:41,(anonymous_1)
FN:57,(anonymous_2)
FN:68,(anonymous_3)
FN:94,(anonymous_4)
FN:102,(anonymous_5)
FN:102,(anonymous_6)
FNF:7
FNH:0
FNDA:0,(anonymous_0)
FNDA:0,(anonymous_1)
FNDA:0,(anonymous_2)
FNDA:0,(anonymous_3)
FNDA:0,(anonymous_4)
FNDA:0,(anonymous_5)
FNDA:0,(anonymous_6)
DA:3,0
DA:22,0
DA:24,0
DA:43,0
DA:44,0
DA:48,0
DA:58,0
DA:70,0
DA:72,0
DA:73,0
DA:75,0
DA:79,0
DA:80,0
DA:81,0
DA:85,0
DA:95,0
DA:96,0
DA:97,0
DA:101,0
DA:102,0
LF:20
LH:0
BRDA:43,0,0,0
BRDA:70,1,0,0
BRDA:72,2,0,0
BRDA:80,3,0,0
BRDA:96,4,0,0
BRF:5
BRH:0
end_of_record
TN:
SF:src/auth/domain/value-objects/email.vo.ts
FN:18,(anonymous_0)
FN:28,(anonymous_1)
FN:51,(anonymous_2)
FN:60,(anonymous_3)
FN:69,(anonymous_4)
FN:81,(anonymous_5)
FNF:6
FNH:4
FNDA:651,(anonymous_0)
FNDA:651,(anonymous_1)
FNDA:651,(anonymous_2)
FNDA:31,(anonymous_3)
FNDA:0,(anonymous_4)
FNDA:0,(anonymous_5)
DA:1,6
DA:15,6
DA:19,651
DA:29,651
DA:30,0
DA:33,651
DA:35,651
DA:36,0
DA:39,651
DA:40,0
DA:43,651
DA:53,651
DA:54,651
DA:61,31
DA:70,0
DA:71,0
DA:74,0
DA:82,0
LF:18
LH:11
BRDA:29,0,0,0
BRDA:29,1,0,651
BRDA:29,1,1,651
BRDA:35,2,0,0
BRDA:39,3,0,0
BRDA:70,4,0,0
BRF:6
BRH:2
end_of_record
TN:
SF:src/auth/domain/value-objects/role.vo.ts
FN:20,(anonymous_0)
FN:30,(anonymous_1)
FN:54,(anonymous_2)
FN:62,(anonymous_3)
FN:70,(anonymous_4)
FN:79,(anonymous_5)
FN:86,(anonymous_6)
FN:95,(anonymous_7)
FN:107,(anonymous_8)
FN:115,(anonymous_9)
FNF:10
FNH:4
FNDA:651,(anonymous_0)
FNDA:110,(anonymous_1)
FNDA:0,(anonymous_2)
FNDA:0,(anonymous_3)
FNDA:541,(anonymous_4)
FNDA:110,(anonymous_5)
FNDA:0,(anonymous_6)
FNDA:0,(anonymous_7)
FNDA:0,(anonymous_8)
FNDA:0,(anonymous_9)
DA:1,6
DA:16,6
DA:17,6
DA:21,651
DA:31,110
DA:32,0
DA:35,110
DA:37,110
DA:38,0
DA:41,110
DA:42,0
DA:47,110
DA:55,0
DA:63,0
DA:71,541
DA:80,110
DA:87,0
DA:96,0
DA:97,0
DA:100,0
DA:108,0
DA:116,0
LF:22
LH:11
BRDA:31,0,0,0
BRDA:31,1,0,110
BRDA:31,1,1,110
BRDA:37,2,0,0
BRDA:41,3,0,0
BRDA:96,4,0,0
BRF:6
BRH:2
end_of_record
TN:
SF:src/auth/domain/value-objects/user-id.vo.ts
FN:19,(anonymous_0)
FN:27,(anonymous_1)
FN:37,(anonymous_2)
FN:56,(anonymous_3)
FN:64,(anonymous_4)
FN:73,(anonymous_5)
FN:85,(anonymous_6)
FNF:7
FNH:5
FNDA:2017,(anonymous_0)
FNDA:1877,(anonymous_1)
FNDA:140,(anonymous_2)
FNDA:140,(anonymous_3)
FNDA:1928,(anonymous_4)
FNDA:0,(anonymous_5)
FNDA:0,(anonymous_6)
DA:1,19
DA:2,19
DA:16,19
DA:20,2017
DA:28,1877
DA:38,140
DA:39,0
DA:42,140
DA:44,140
DA:45,0
DA:48,140
DA:57,140
DA:58,140
DA:65,1928
DA:74,0
DA:75,0
DA:78,0
DA:86,0
LF:18
LH:12
BRDA:38,0,0,0
BRDA:38,1,0,140
BRDA:38,1,1,140
BRDA:44,2,0,0
BRDA:74,3,0,0
BRF:5
BRH:2
end_of_record
TN:
SF:src/auth/infrastructure/adapters/jwt/jwt-token.service.ts
FN:30,(anonymous_2)
FN:43,(anonymous_3)
FN:46,(anonymous_4)
FN:73,(anonymous_5)
FN:96,(anonymous_6)
FN:119,(anonymous_7)
FN:130,(anonymous_8)
FN:138,(anonymous_9)
FNF:8
FNH:0
FNDA:0,(anonymous_2)
FNDA:0,(anonymous_3)
FNDA:0,(anonymous_4)
FNDA:0,(anonymous_5)
FNDA:0,(anonymous_6)
FNDA:0,(anonymous_7)
FNDA:0,(anonymous_8)
FNDA:0,(anonymous_9)
DA:1,0
DA:2,0
DA:3,0
DA:11,0
DA:12,0
DA:21,0
DA:28,0
DA:31,0
DA:32,0
DA:34,0
DA:35,0
DA:36,0
DA:37,0
DA:44,0
DA:46,0
DA:50,0
DA:55,0
DA:61,0
DA:63,0
DA:74,0
DA:75,0
DA:80,0
DA:81,0
DA:84,0
DA:86,0
DA:87,0
DA:89,0
DA:97,0
DA:98,0
DA:103,0
DA:104,0
DA:107,0
DA:109,0
DA:110,0
DA:112,0
DA:120,0
DA:121,0
DA:122,0
DA:124,0
DA:131,0
DA:139,0
DA:140,0
DA:141,0
DA:144,0
DA:145,0
DA:147,0
DA:154,0
LF:47
LH:0
BRDA:80,0,0,0
BRDA:86,1,0,0
BRDA:103,2,0,0
BRDA:109,3,0,0
BRDA:121,4,0,0
BRDA:140,5,0,0
BRF:6
BRH:0
end_of_record
TN:
SF:src/auth/infrastructure/adapters/keycloak/keycloak.adapter.ts
FN:22,(anonymous_12)
FN:34,(anonymous_13)
FN:80,(anonymous_14)
FN:115,(anonymous_15)
FN:156,(anonymous_16)
FN:187,(anonymous_17)
FN:221,(anonymous_18)
FN:222,(anonymous_19)
FN:223,(anonymous_20)
FNF:9
FNH:0
FNDA:0,(anonymous_12)
FNDA:0,(anonymous_13)
FNDA:0,(anonymous_14)
FNDA:0,(anonymous_15)
FNDA:0,(anonymous_16)
FNDA:0,(anonymous_17)
FNDA:0,(anonymous_18)
FNDA:0,(anonymous_19)
FNDA:0,(anonymous_20)
DA:1,0
DA:7,0
DA:8,0
DA:9,0
DA:10,0
DA:19,0
DA:22,0
DA:24,0
DA:35,0
DA:36,0
DA:45,0
DA:53,0
DA:54,0
DA:55,0
DA:58,0
DA:60,0
DA:67,0
DA:68,0
DA:70,0
DA:81,0
DA:83,0
DA:84,0
DA:85,0
DA:89,0
DA:92,0
DA:97,0
DA:105,0
DA:106,0
DA:108,0
DA:116,0
DA:117,0
DA:124,0
DA:132,0
DA:133,0
DA:134,0
DA:137,0
DA:139,0
DA:146,0
DA:147,0
DA:149,0
DA:157,0
DA:158,0
DA:164,0
DA:172,0
DA:173,0
DA:174,0
DA:177,0
DA:178,0
DA:180,0
DA:188,0
DA:189,0
DA:196,0
DA:197,0
DA:198,0
DA:201,0
DA:203,0
DA:211,0
DA:212,0
DA:214,0
DA:222,0
DA:223,0
DA:224,0
DA:225,0
DA:227,0
DA:228,0
DA:229,0
DA:231,0
LF:67
LH:0
BRDA:53,0,0,0
BRDA:67,1,0,0
BRDA:84,2,0,0
BRDA:84,3,0,0
BRDA:84,3,1,0
BRDA:100,4,0,0
BRDA:100,4,1,0
BRDA:105,5,0,0
BRDA:132,6,0,0
BRDA:146,7,0,0
BRDA:172,8,0,0
BRDA:177,9,0,0
BRDA:196,10,0,0
BRDA:206,11,0,0
BRDA:206,11,1,0
BRDA:211,12,0,0
BRDA:224,13,0,0
BRDA:224,13,1,0
BRDA:228,14,0,0
BRDA:228,14,1,0
BRF:20
BRH:0
end_of_record
TN:
SF:src/auth/infrastructure/adapters/keycloak/keycloak.config.ts
FN:12,(anonymous_2)
FN:14,(anonymous_3)
FN:18,(anonymous_4)
FN:22,(anonymous_5)
FN:26,(anonymous_6)
FN:30,(anonymous_7)
FN:37,(anonymous_8)
FN:44,(anonymous_9)
FN:51,(anonymous_10)
FN:58,(anonymous_11)
FN:65,(anonymous_12)
FN:72,(anonymous_13)
FNF:12
FNH:0
FNDA:0,(anonymous_2)
FNDA:0,(anonymous_3)
FNDA:0,(anonymous_4)
FNDA:0,(anonymous_5)
FNDA:0,(anonymous_6)
FNDA:0,(anonymous_7)
FNDA:0,(anonymous_8)
FNDA:0,(anonymous_9)
FNDA:0,(anonymous_10)
FNDA:0,(anonymous_11)
FNDA:0,(anonymous_12)
FNDA:0,(anonymous_13)
DA:1,0
DA:2,0
DA:11,0
DA:12,0
DA:15,0
DA:19,0
DA:23,0
DA:27,0
DA:31,0
DA:38,0
DA:45,0
DA:52,0
DA:59,0
DA:66,0
DA:73,0
LF:15
LH:0
BRF:0
BRH:0
end_of_record
TN:
SF:src/auth/infrastructure/adapters/session/session-manager.service.ts
FN:23,(anonymous_13)
FN:35,(anonymous_14)
FN:54,(anonymous_15)
FN:86,(anonymous_16)
FN:108,(anonymous_17)
FN:123,(anonymous_18)
FN:137,(anonymous_19)
FN:141,(anonymous_20)
FNF:8
FNH:0
FNDA:0,(anonymous_13)
FNDA:0,(anonymous_14)
FNDA:0,(anonymous_15)
FNDA:0,(anonymous_16)
FNDA:0,(anonymous_17)
FNDA:0,(anonymous_18)
FNDA:0,(anonymous_19)
FNDA:0,(anonymous_20)
DA:1,0
DA:7,0
DA:8,0
DA:12,0
DA:13,0
DA:22,0
DA:25,0
DA:27,0
DA:29,0
DA:36,0
DA:47,0
DA:56,0
DA:57,0
DA:60,0
DA:63,0
DA:64,0
DA:65,0
DA:66,0
DA:67,0
DA:68,0
DA:72,0
DA:73,0
DA:77,0
DA:80,0
DA:88,0
DA:89,0
DA:92,0
DA:95,0
DA:96,0
DA:97,0
DA:98,0
DA:99,0
DA:100,0
DA:109,0
DA:111,0
DA:112,0
DA:113,0
DA:116,0
DA:125,0
DA:128,0
DA:129,0
DA:130,0
DA:138,0
DA:141,0
LF:44
LH:0
BRDA:39,0,0,0
BRDA:39,0,1,0
BRDA:40,1,0,0
BRDA:40,1,1,0
BRDA:41,2,0,0
BRDA:41,2,1,0
BRDA:66,3,0,0
BRDA:72,4,0,0
BRDA:80,5,0,0
BRDA:80,5,1,0
BRDA:97,6,0,0
BRDA:111,7,0,0
BRDA:112,8,0,0
BRF:13
BRH:0
end_of_record
TN:
SF:src/auth/infrastructure/exceptions/invalid-token.exception.ts
FN:8,(anonymous_0)
FNF:1
FNH:0
FNDA:0,(anonymous_0)
DA:7,0
DA:10,0
DA:12,0
DA:13,0
LF:4
LH:0
BRF:0
BRH:0
end_of_record
TN:
SF:src/auth/infrastructure/exceptions/keycloak-integration.exception.ts
FN:8,(anonymous_0)
FNF:1
FNH:0
FNDA:0,(anonymous_0)
DA:7,0
DA:10,0
DA:12,0
DA:13,0
LF:4
LH:0
BRF:0
BRH:0
end_of_record
TN:
SF:src/auth/infrastructure/mappers/refresh-token.mapper.ts
FN:14,(anonymous_0)
FN:31,(anonymous_1)
FN:46,(anonymous_2)
FNF:3
FNH:0
FNDA:0,(anonymous_0)
FNDA:0,(anonymous_1)
FNDA:0,(anonymous_2)
DA:2,0
DA:3,0
DA:10,0
DA:15,0
DA:17,0
DA:32,0
DA:47,0
LF:7
LH:0
BRDA:24,0,0,0
BRDA:24,0,1,0
BRDA:39,1,0,0
BRDA:39,1,1,0
BRDA:53,2,0,0
BRDA:53,2,1,0
BRF:6
BRH:0
end_of_record
TN:
SF:src/auth/infrastructure/mappers/session.mapper.ts
FN:14,(anonymous_0)
FN:32,(anonymous_1)
FN:48,(anonymous_2)
FNF:3
FNH:0
FNDA:0,(anonymous_0)
FNDA:0,(anonymous_1)
FNDA:0,(anonymous_2)
DA:2,0
DA:3,0
DA:10,0
DA:15,0
DA:17,0
DA:33,0
DA:49,0
LF:7
LH:0
BRF:0
BRH:0
end_of_record
TN:
SF:src/auth/infrastructure/mappers/user.mapper.ts
FN:17,(anonymous_0)
FN:20,(anonymous_1)
FN:42,(anonymous_2)
FN:48,(anonymous_3)
FN:64,(anonymous_4)
FN:69,(anonymous_5)
FNF:6
FNH:0
FNDA:0,(anonymous_0)
FNDA:0,(anonymous_1)
FNDA:0,(anonymous_2)
FNDA:0,(anonymous_3)
FNDA:0,(anonymous_4)
FNDA:0,(anonymous_5)
DA:2,0
DA:3,0
DA:4,0
DA:5,0
DA:13,0
DA:18,0
DA:19,0
DA:20,0
DA:22,0
DA:43,0
DA:48,0
DA:65,0
DA:69,0
LF:13
LH:0
BRDA:35,0,0,0
BRDA:35,0,1,0
BRDA:50,1,0,0
BRDA:50,1,1,0
BRDA:51,2,0,0
BRDA:51,2,1,0
BRDA:52,3,0,0
BRDA:52,3,1,0
BRDA:53,4,0,0
BRDA:53,4,1,0
BRDA:56,5,0,0
BRDA:56,5,1,0
BRDA:71,6,0,0
BRDA:71,6,1,0
BRDA:72,7,0,0
BRDA:72,7,1,0
BRDA:73,8,0,0
BRDA:73,8,1,0
BRDA:74,9,0,0
BRDA:74,9,1,0
BRDA:77,10,0,0
BRDA:77,10,1,0
BRF:22
BRH:0
end_of_record
TN:
SF:src/auth/infrastructure/persistence/prisma/prisma.module.ts
FNF:0
FNH:0
DA:1,0
DA:2,0
DA:9,0
LF:3
LH:0
BRF:0
BRH:0
end_of_record
TN:
SF:src/auth/infrastructure/persistence/prisma/prisma.service.ts
FN:7,(anonymous_2)
FN:19,(anonymous_3)
FN:23,(anonymous_4)
FN:31,(anonymous_5)
FN:32,(anonymous_6)
FN:59,(anonymous_7)
FNF:6
FNH:0
FNDA:0,(anonymous_2)
FNDA:0,(anonymous_3)
FNDA:0,(anonymous_4)
FNDA:0,(anonymous_5)
FNDA:0,(anonymous_6)
FNDA:0,(anonymous_7)
DA:1,0
DA:2,0
DA:3,0
DA:6,0
DA:8,0
DA:10,0
DA:20,0
DA:24,0
DA:32,0
DA:34,0
DA:35,0
DA:36,0
DA:37,0
DA:42,0
DA:43,0
DA:44,0
DA:45,0
DA:48,0
DA:52,0
DA:60,0
LF:20
LH:0
BRDA:8,0,0,0
BRDA:8,0,1,0
BRDA:34,1,0,0
BRDA:35,2,0,0
BRDA:35,3,0,0
BRDA:35,3,1,0
BRDA:42,4,0,0
BRDA:43,5,0,0
BRDA:43,5,1,0
BRDA:44,6,0,0
BRF:10
BRH:0
end_of_record
TN:
SF:src/auth/infrastructure/persistence/repositories/prisma-refresh-token.repository.ts
FN:16,(anonymous_2)
FN:21,(anonymous_3)
FN:33,(anonymous_4)
FN:45,(anonymous_5)
FN:51,(anonymous_6)
FN:58,(anonymous_7)
FN:77,(anonymous_8)
FN:87,(anonymous_9)
FN:97,(anonymous_10)
FNF:9
FNH:0
FNDA:0,(anonymous_2)
FNDA:0,(anonymous_3)
FNDA:0,(anonymous_4)
FNDA:0,(anonymous_5)
FNDA:0,(anonymous_6)
FNDA:0,(anonymous_7)
FNDA:0,(anonymous_8)
FNDA:0,(anonymous_9)
FNDA:0,(anonymous_10)
DA:1,0
DA:5,0
DA:6,0
DA:15,0
DA:16,0
DA:22,0
DA:26,0
DA:34,0
DA:38,0
DA:46,0
DA:51,0
DA:59,0
DA:61,0
DA:70,0
DA:78,0
DA:88,0
DA:98,0
DA:104,0
LF:18
LH:0
BRDA:26,0,0,0
BRDA:26,0,1,0
BRDA:38,1,0,0
BRDA:38,1,1,0
BRF:4
BRH:0
end_of_record
TN:
SF:src/auth/infrastructure/persistence/repositories/prisma-session.repository.ts
FN:16,(anonymous_2)
FN:21,(anonymous_3)
FN:33,(anonymous_4)
FN:39,(anonymous_5)
FN:46,(anonymous_6)
FN:64,(anonymous_7)
FN:75,(anonymous_8)
FN:82,(anonymous_9)
FN:92,(anonymous_10)
FN:102,(anonymous_11)
FNF:10
FNH:0
FNDA:0,(anonymous_2)
FNDA:0,(anonymous_3)
FNDA:0,(anonymous_4)
FNDA:0,(anonymous_5)
FNDA:0,(anonymous_6)
FNDA:0,(anonymous_7)
FNDA:0,(anonymous_8)
FNDA:0,(anonymous_9)
FNDA:0,(anonymous_10)
FNDA:0,(anonymous_11)
DA:1,0
DA:5,0
DA:6,0
DA:15,0
DA:16,0
DA:22,0
DA:26,0
DA:34,0
DA:39,0
DA:47,0
DA:49,0
DA:58,0
DA:65,0
DA:75,0
DA:83,0
DA:93,0
DA:103,0
DA:110,0
LF:18
LH:0
BRDA:26,0,0,0
BRDA:26,0,1,0
BRF:2
BRH:0
end_of_record
TN:
SF:src/auth/infrastructure/persistence/repositories/prisma-user.repository.ts
FN:18,(anonymous_2)
FN:24,(anonymous_3)
FN:39,(anonymous_4)
FN:54,(anonymous_5)
FN:69,(anonymous_6)
FN:88,(anonymous_7)
FN:99,(anonymous_8)
FN:114,(anonymous_9)
FN:124,(anonymous_10)
FN:131,(anonymous_11)
FN:139,(anonymous_12)
FNF:11
FNH:0
FNDA:0,(anonymous_2)
FNDA:0,(anonymous_3)
FNDA:0,(anonymous_4)
FNDA:0,(anonymous_5)
FNDA:0,(anonymous_6)
FNDA:0,(anonymous_7)
FNDA:0,(anonymous_8)
FNDA:0,(anonymous_9)
FNDA:0,(anonymous_10)
FNDA:0,(anonymous_11)
FNDA:0,(anonymous_12)
DA:1,0
DA:7,0
DA:8,0
DA:17,0
DA:18,0
DA:25,0
DA:32,0
DA:40,0
DA:47,0
DA:55,0
DA:62,0
DA:70,0
DA:72,0
DA:81,0
DA:89,0
DA:100,0
DA:107,0
DA:115,0
DA:124,0
DA:132,0
DA:139,0
LF:21
LH:0
BRDA:32,0,0,0
BRDA:32,0,1,0
BRDA:47,1,0,0
BRDA:47,1,1,0
BRDA:62,2,0,0
BRDA:62,2,1,0
BRF:6
BRH:0
end_of_record
TN:
SF:src/auth/presentation/controllers/auth.controller.ts
FN:40,(anonymous_4)
FN:61,(anonymous_5)
FN:106,(anonymous_6)
FN:148,(anonymous_7)
FN:198,(anonymous_8)
FN:261,(anonymous_9)
FN:295,(anonymous_10)
FN:326,(anonymous_11)
FNF:8
FNH:0
FNDA:0,(anonymous_4)
FNDA:0,(anonymous_5)
FNDA:0,(anonymous_6)
FNDA:0,(anonymous_7)
FNDA:0,(anonymous_8)
FNDA:0,(anonymous_9)
FNDA:0,(anonymous_10)
FNDA:0,(anonymous_11)
DA:1,0
DA:14,0
DA:16,0
DA:17,0
DA:18,0
DA:19,0
DA:20,0
DA:21,0
DA:22,0
DA:23,0
DA:24,0
DA:25,0
DA:26,0
DA:27,0
DA:28,0
DA:29,0
DA:30,0
DA:31,0
DA:32,0
DA:33,0
DA:34,0
DA:39,0
DA:41,0
DA:42,0
DA:43,0
DA:44,0
DA:45,0
DA:46,0
DA:48,0
DA:61,0
DA:65,0
DA:72,0
DA:80,0
DA:106,0
DA:110,0
DA:116,0
DA:124,0
DA:148,0
DA:149,0
DA:150,0
DA:151,0
DA:154,0
DA:162,0
DA:169,0
DA:179,0
DA:181,0
DA:198,0
DA:204,0
DA:205,0
DA:206,0
DA:210,0
DA:213,0
DA:214,0
DA:217,0
DA:218,0
DA:221,0
DA:227,0
DA:235,0
DA:261,0
DA:265,0
DA:267,0
DA:268,0
DA:271,0
DA:276,0
DA:284,0
DA:295,0
DA:299,0
DA:304,0
DA:311,0
DA:326,0
DA:327,0
DA:331,0
LF:72
LH:0
BRDA:205,0,0,0
BRDA:205,1,0,0
BRDA:205,1,1,0
BRDA:214,2,0,0
BRDA:214,2,1,0
BRDA:217,3,0,0
BRDA:267,4,0,0
BRF:7
BRH:0
end_of_record
TN:
SF:src/auth/presentation/decorators/current-user.decorator.ts
FN:3,(anonymous_0)
FNF:1
FNH:0
FNDA:0,(anonymous_0)
DA:1,0
DA:3,0
DA:4,0
DA:5,0
LF:4
LH:0
BRF:0
BRH:0
end_of_record
TN:
SF:src/auth/presentation/decorators/public.decorator.ts
FN:4,(anonymous_0)
FNF:1
FNH:0
FNDA:0,(anonymous_0)
DA:1,0
DA:3,0
DA:4,0
LF:3
LH:0
BRF:0
BRH:0
end_of_record
TN:
SF:src/auth/presentation/decorators/roles.decorator.ts
FN:4,(anonymous_0)
FNF:1
FNH:0
FNDA:0,(anonymous_0)
DA:1,0
DA:3,0
DA:4,0
LF:3
LH:0
BRF:0
BRH:0
end_of_record
TN:
SF:src/auth/presentation/dto/requests/auth-callback.dto.ts
FNF:0
FNH:0
DA:1,0
DA:2,0
DA:4,0
DA:14,0
DA:26,0
DA:36,0
LF:6
LH:0
BRF:0
BRH:0
end_of_record
TN:
SF:src/auth/presentation/dto/requests/login.dto.ts
FNF:0
FNH:0
DA:1,0
DA:2,0
DA:4,0
DA:7,0
DA:11,0
LF:5
LH:0
BRF:0
BRH:0
end_of_record
TN:
SF:src/auth/presentation/dto/requests/register.dto.ts
FNF:0
FNH:0
DA:1,0
DA:2,0
DA:4,0
DA:7,0
DA:12,0
DA:17,0
LF:6
LH:0
BRF:0
BRH:0
end_of_record
TN:
SF:src/auth/presentation/dto/responses/auth-response.dto.ts
FNF:0
FNH:0
DA:1,0
DA:2,0
DA:4,0
DA:6,0
DA:9,0
DA:12,0
DA:15,0
LF:7
LH:0
BRF:0
BRH:0
end_of_record
TN:
SF:src/auth/presentation/dto/responses/authorization-url-response.dto.ts
FNF:0
FNH:0
DA:1,0
DA:3,0
DA:8,0
DA:14,0
DA:20,0
LF:5
LH:0
BRF:0
BRH:0
end_of_record
TN:
SF:src/auth/presentation/dto/responses/token-response.dto.ts
FNF:0
FNH:0
DA:1,0
DA:3,0
DA:5,0
DA:8,0
LF:4
LH:0
BRF:0
BRH:0
end_of_record
TN:
SF:src/auth/presentation/dto/responses/user-response.dto.ts
FNF:0
FNH:0
DA:1,0
DA:3,0
DA:5,0
DA:8,0
DA:11,0
DA:14,0
DA:17,0
DA:20,0
DA:23,0
LF:9
LH:0
BRF:0
BRH:0
end_of_record
TN:
SF:src/auth/presentation/filters/auth-exception.filter.ts
FN:13,(anonymous_1)
FNF:1
FNH:0
FNDA:0,(anonymous_1)
DA:1,0
DA:3,0
DA:4,0
DA:5,0
DA:6,0
DA:7,0
DA:8,0
DA:9,0
DA:12,0
DA:14,0
DA:15,0
DA:16,0
DA:18,0
DA:19,0
DA:20,0
DA:23,0
DA:24,0
DA:25,0
DA:26,0
DA:27,0
DA:28,0
DA:29,0
DA:30,0
DA:31,0
DA:32,0
DA:33,0
DA:34,0
DA:35,0
DA:36,0
DA:37,0
DA:38,0
DA:39,0
DA:40,0
DA:41,0
DA:42,0
DA:43,0
DA:44,0
DA:45,0
DA:46,0
DA:47,0
DA:48,0
DA:49,0
DA:51,0
DA:52,0
DA:53,0
DA:54,0
DA:55,0
DA:56,0
DA:57,0
DA:58,0
DA:59,0
DA:63,0
LF:52
LH:0
BRDA:23,0,0,0
BRDA:23,0,1,0
BRDA:27,1,0,0
BRDA:27,1,1,0
BRDA:31,2,0,0
BRDA:31,2,1,0
BRDA:35,3,0,0
BRDA:35,3,1,0
BRDA:39,4,0,0
BRDA:39,4,1,0
BRDA:43,5,0,0
BRDA:43,5,1,0
BRDA:47,6,0,0
BRDA:47,6,1,0
BRDA:52,7,0,0
BRDA:55,8,0,0
BRDA:55,8,1,0
BRDA:57,9,0,0
BRDA:58,10,0,0
BRDA:58,10,1,0
BRDA:59,11,0,0
BRDA:59,11,1,0
BRF:22
BRH:0
end_of_record
TN:
SF:src/auth/presentation/guards/jwt-auth.guard.ts
FN:10,(anonymous_4)
FN:18,(anonymous_5)
FN:56,(anonymous_6)
FN:68,(anonymous_7)
FNF:4
FNH:0
FNDA:0,(anonymous_4)
FNDA:0,(anonymous_5)
FNDA:0,(anonymous_6)
FNDA:0,(anonymous_7)
DA:1,0
DA:2,0
DA:3,0
DA:6,0
DA:9,0
DA:11,0
DA:13,0
DA:15,0
DA:20,0
DA:25,0
DA:26,0
DA:29,0
DA:30,0
DA:32,0
DA:33,0
DA:36,0
DA:38,0
DA:41,0
DA:42,0
DA:44,0
DA:45,0
DA:48,0
DA:49,0
DA:53,0
DA:56,0
DA:59,0
DA:61,0
DA:62,0
DA:64,0
DA:69,0
DA:70,0
LF:31
LH:0
BRDA:25,0,0,0
BRDA:32,1,0,0
BRDA:44,2,0,0
BRDA:48,3,0,0
BRDA:61,4,0,0
BRDA:69,5,0,0
BRDA:69,5,1,0
BRDA:70,6,0,0
BRDA:70,6,1,0
BRF:9
BRH:0
end_of_record
TN:
SF:src/auth/presentation/interceptors/auth-logging.interceptor.ts
FN:17,(anonymous_1)
FN:20,(anonymous_2)
FN:36,(anonymous_3)
FN:58,(anonymous_4)
FNF:4
FNH:0
FNDA:0,(anonymous_1)
FNDA:0,(anonymous_2)
FNDA:0,(anonymous_3)
FNDA:0,(anonymous_4)
DA:1,0
DA:3,0
DA:17,0
DA:18,0
DA:21,0
DA:22,0
DA:23,0
DA:24,0
DA:26,0
DA:35,0
DA:38,0
DA:39,0
DA:44,0
DA:45,0
DA:50,0
DA:51,0
DA:60,0
DA:61,0
DA:67,0
DA:68,0
DA:75,0
LF:21
LH:0
BRDA:23,0,0,0
BRDA:23,0,1,0
BRDA:24,1,0,0
BRDA:24,1,1,0
BRDA:38,2,0,0
BRDA:38,2,1,0
BRDA:44,3,0,0
BRDA:44,3,1,0
BRDA:50,4,0,0
BRDA:60,5,0,0
BRDA:60,5,1,0
BRDA:67,6,0,0
BRF:12
BRH:0
end_of_record
TN:
SF:src/auth/presentation/utils/pkce.helper.ts
FN:8,(anonymous_9)
FN:17,(anonymous_10)
FN:25,(anonymous_11)
FN:34,(anonymous_12)
FNF:4
FNH:0
FNDA:0,(anonymous_9)
FNDA:0,(anonymous_10)
FNDA:0,(anonymous_11)
FNDA:0,(anonymous_12)
DA:1,0
DA:3,0
DA:9,0
DA:18,0
DA:26,0
DA:35,0
LF:6
LH:0
BRF:0
BRH:0
end_of_record
TN:
SF:src/common/exceptions/application.exception.ts
FN:4,(anonymous_0)
FN:10,(anonymous_1)
FN:16,(anonymous_2)
FN:22,(anonymous_3)
FN:28,(anonymous_4)
FN:34,(anonymous_5)
FNF:6
FNH:0
FNDA:0,(anonymous_0)
FNDA:0,(anonymous_1)
FNDA:0,(anonymous_2)
FNDA:0,(anonymous_3)
FNDA:0,(anonymous_4)
FNDA:0,(anonymous_5)
DA:1,0
DA:3,0
DA:5,0
DA:9,0
DA:11,0
DA:15,0
DA:17,0
DA:21,0
DA:23,0
DA:27,0
DA:29,0
DA:33,0
DA:35,0
LF:13
LH:0
BRDA:10,0,0,0
BRDA:16,1,0,0
BRDA:22,2,0,0
BRDA:22,3,0,0
BRDA:28,4,0,0
BRDA:28,5,0,0
BRDA:34,6,0,0
BRF:7
BRH:0
end_of_record
TN:
SF:src/common/exceptions/base.exception.ts
FN:5,(anonymous_0)
FN:13,(anonymous_1)
FNF:2
FNH:1
FNDA:171,(anonymous_0)
FNDA:0,(anonymous_1)
DA:1,27
DA:6,171
DA:7,171
DA:8,171
DA:9,171
DA:10,171
DA:14,0
LF:7
LH:6
BRF:0
BRH:0
end_of_record
TN:
SF:src/common/exceptions/domain.exception.ts
FN:4,(anonymous_0)
FN:10,(anonymous_1)
FN:16,(anonymous_2)
FN:22,(anonymous_3)
FNF:4
FNH:1
FNDA:171,(anonymous_0)
FNDA:0,(anonymous_1)
FNDA:0,(anonymous_2)
FNDA:0,(anonymous_3)
DA:1,27
DA:3,27
DA:5,171
DA:9,27
DA:11,0
DA:15,27
DA:17,0
DA:21,27
DA:23,0
LF:9
LH:6
BRDA:10,0,0,0
BRDA:16,1,0,0
BRDA:22,2,0,0
BRF:3
BRH:0
end_of_record
TN:
SF:src/config/env.validation.ts
FN:4,(anonymous_2)
FN:10,(anonymous_3)
FN:51,validate
FNF:3
FNH:0
FNDA:0,(anonymous_2)
FNDA:0,(anonymous_3)
FNDA:0,validate
DA:1,0
DA:2,0
DA:4,0
DA:5,0
DA:6,0
DA:7,0
DA:12,0
DA:15,0
DA:18,0
DA:21,0
DA:24,0
DA:27,0
DA:30,0
DA:33,0
DA:36,0
DA:39,0
DA:42,0
DA:45,0
DA:48,0
DA:51,0
DA:52,0
DA:55,0
DA:59,0
DA:60,0
DA:62,0
LF:25
LH:0
BRDA:4,0,0,0
BRDA:4,0,1,0
BRDA:59,1,0,0
BRF:3
BRH:0
end_of_record
TN:
SF:src/coverage/lcov-report/block-navigation.js
FN:2,init
FN:24,toggleClass
FN:31,makeCurrent
FN:41,goToPrevious
FN:52,goToNext
FN:65,jump
FNF:6
FNH:0
FNDA:0,init
FNDA:0,toggleClass
FNDA:0,makeCurrent
FNDA:0,goToPrevious
FNDA:0,goToNext
FNDA:0,jump
DA:2,0
DA:4,0
DA:7,0
DA:10,0
DA:14,0
DA:20,0
DA:25,0
DA:28,0
DA:32,0
DA:33,0
DA:34,0
DA:42,0
DA:43,0
DA:44,0
DA:45,0
DA:46,0
DA:49,0
DA:53,0
DA:55,0
DA:59,0
DA:62,0
DA:65,0
DA:66,0
DA:71,0
DA:74,0
DA:77,0
DA:78,0
DA:82,0
DA:83,0
DA:87,0
LF:30
LH:0
BRDA:43,0,0,0
BRDA:43,0,1,0
BRDA:43,1,0,0
BRDA:43,1,1,0
BRDA:45,2,0,0
BRDA:45,2,1,0
BRDA:55,3,0,0
BRDA:55,3,1,0
BRDA:56,4,0,0
BRDA:56,4,1,0
BRDA:66,5,0,0
BRDA:66,5,1,0
BRDA:67,6,0,0
BRDA:67,6,1,0
BRDA:74,7,0,0
BRDA:74,7,1,0
BRDA:74,7,2,0
BRDA:74,7,3,0
BRDA:74,7,4,0
BRF:19
BRH:0
end_of_record
TN:
SF:src/coverage/lcov-report/prettify.js
FN:2,(anonymous_0)
FN:2,k
FN:2,ab
FN:2,T
FN:2,X
FN:2,(anonymous_5)
FN:2,W
FN:2,(anonymous_7)
FN:2,a
FN:2,aa
FN:2,B
FN:2,o
FN:2,g
FN:2,(anonymous_13)
FN:2,(anonymous_14)
FN:2,i
FN:2,Q
FN:2,ae
FN:2,ad
FN:2,ai
FN:2,D
FN:2,c
FN:2,q
FN:2,d
FN:2,y
FN:2,b
FN:2,Y
FN:2,(anonymous_27)
FN:2,U
FNF:29
FNH:0
FNDA:0,(anonymous_0)
FNDA:0,k
FNDA:0,ab
FNDA:0,T
FNDA:0,X
FNDA:0,(anonymous_5)
FNDA:0,W
FNDA:0,(anonymous_7)
FNDA:0,a
FNDA:0,aa
FNDA:0,B
FNDA:0,o
FNDA:0,g
FNDA:0,(anonymous_13)
FNDA:0,(anonymous_14)
FNDA:0,i
FNDA:0,Q
FNDA:0,ae
FNDA:0,ad
FNDA:0,ai
FNDA:0,D
FNDA:0,c
FNDA:0,q
FNDA:0,d
FNDA:0,y
FNDA:0,b
FNDA:0,Y
FNDA:0,(anonymous_27)
FNDA:0,U
DA:2,0
LF:1
LH:0
BRDA:2,0,0,0
BRDA:2,0,1,0
BRDA:2,1,0,0
BRDA:2,1,1,0
BRDA:2,2,0,0
BRDA:2,2,1,0
BRDA:2,3,0,0
BRDA:2,3,1,0
BRDA:2,4,0,0
BRDA:2,4,1,0
BRDA:2,5,0,0
BRDA:2,5,1,0
BRDA:2,6,0,0
BRDA:2,6,1,0
BRDA:2,7,0,0
BRDA:2,7,1,0
BRDA:2,8,0,0
BRDA:2,8,1,0
BRDA:2,9,0,0
BRDA:2,9,1,0
BRDA:2,10,0,0
BRDA:2,10,1,0
BRDA:2,11,0,0
BRDA:2,11,1,0
BRDA:2,11,2,0
BRDA:2,11,3,0
BRDA:2,12,0,0
BRDA:2,12,1,0
BRDA:2,13,0,0
BRDA:2,13,1,0
BRDA:2,14,0,0
BRDA:2,14,1,0
BRDA:2,15,0,0
BRDA:2,15,1,0
BRDA:2,16,0,0
BRDA:2,16,1,0
BRDA:2,17,0,0
BRDA:2,17,1,0
BRDA:2,18,0,0
BRDA:2,18,1,0
BRDA:2,19,0,0
BRDA:2,19,1,0
BRDA:2,20,0,0
BRDA:2,20,1,0
BRDA:2,21,0,0
BRDA:2,21,1,0
BRDA:2,22,0,0
BRDA:2,22,1,0
BRDA:2,23,0,0
BRDA:2,23,1,0
BRDA:2,24,0,0
BRDA:2,24,1,0
BRDA:2,25,0,0
BRDA:2,25,1,0
BRDA:2,26,0,0
BRDA:2,26,1,0
BRDA:2,27,0,0
BRDA:2,27,1,0
BRDA:2,28,0,0
BRDA:2,28,1,0
BRDA:2,29,0,0
BRDA:2,29,1,0
BRDA:2,30,0,0
BRDA:2,30,1,0
BRDA:2,31,0,0
BRDA:2,31,1,0
BRDA:2,32,0,0
BRDA:2,32,1,0
BRDA:2,33,0,0
BRDA:2,33,1,0
BRDA:2,34,0,0
BRDA:2,34,1,0
BRDA:2,35,0,0
BRDA:2,35,1,0
BRDA:2,36,0,0
BRDA:2,36,1,0
BRDA:2,37,0,0
BRDA:2,37,1,0
BRDA:2,38,0,0
BRDA:2,38,1,0
BRDA:2,39,0,0
BRDA:2,39,1,0
BRDA:2,40,0,0
BRDA:2,40,1,0
BRDA:2,41,0,0
BRDA:2,41,1,0
BRDA:2,42,0,0
BRDA:2,42,1,0
BRDA:2,43,0,0
BRDA:2,43,1,0
BRDA:2,44,0,0
BRDA:2,44,1,0
BRDA:2,45,0,0
BRDA:2,45,1,0
BRDA:2,46,0,0
BRDA:2,46,1,0
BRDA:2,47,0,0
BRDA:2,47,1,0
BRDA:2,48,0,0
BRDA:2,48,1,0
BRDA:2,49,0,0
BRDA:2,49,1,0
BRDA:2,50,0,0
BRDA:2,50,1,0
BRDA:2,50,2,0
BRDA:2,51,0,0
BRDA:2,51,1,0
BRDA:2,52,0,0
BRDA:2,52,1,0
BRDA:2,53,0,0
BRDA:2,53,1,0
BRDA:2,54,0,0
BRDA:2,54,1,0
BRDA:2,55,0,0
BRDA:2,55,1,0
BRDA:2,56,0,0
BRDA:2,56,1,0
BRDA:2,57,0,0
BRDA:2,57,1,0
BRDA:2,58,0,0
BRDA:2,58,1,0
BRDA:2,59,0,0
BRDA:2,59,1,0
BRDA:2,60,0,0
BRDA:2,60,1,0
BRDA:2,61,0,0
BRDA:2,61,1,0
BRDA:2,62,0,0
BRDA:2,62,1,0
BRDA:2,63,0,0
BRDA:2,63,1,0
BRDA:2,64,0,0
BRDA:2,64,1,0
BRDA:2,65,0,0
BRDA:2,65,1,0
BRDA:2,66,0,0
BRDA:2,66,1,0
BRDA:2,67,0,0
BRDA:2,67,1,0
BRDA:2,68,0,0
BRDA:2,68,1,0
BRDA:2,69,0,0
BRDA:2,69,1,0
BRDA:2,70,0,0
BRDA:2,70,1,0
BRDA:2,71,0,0
BRDA:2,71,1,0
BRDA:2,72,0,0
BRDA:2,72,1,0
BRDA:2,73,0,0
BRDA:2,73,1,0
BRDA:2,74,0,0
BRDA:2,74,1,0
BRDA:2,75,0,0
BRDA:2,75,1,0
BRDA:2,76,0,0
BRDA:2,76,1,0
BRDA:2,77,0,0
BRDA:2,77,1,0
BRDA:2,78,0,0
BRDA:2,78,1,0
BRDA:2,79,0,0
BRDA:2,79,1,0
BRDA:2,80,0,0
BRDA:2,80,1,0
BRDA:2,81,0,0
BRDA:2,81,1,0
BRDA:2,82,0,0
BRDA:2,82,1,0
BRDA:2,83,0,0
BRDA:2,83,1,0
BRDA:2,84,0,0
BRDA:2,84,1,0
BRDA:2,85,0,0
BRDA:2,85,1,0
BRDA:2,86,0,0
BRDA:2,86,1,0
BRDA:2,87,0,0
BRDA:2,87,1,0
BRDA:2,88,0,0
BRDA:2,88,1,0
BRDA:2,89,0,0
BRDA:2,89,1,0
BRDA:2,89,2,0
BRDA:2,90,0,0
BRDA:2,90,1,0
BRDA:2,91,0,0
BRDA:2,91,1,0
BRDA:2,92,0,0
BRDA:2,92,1,0
BRDA:2,93,0,0
BRDA:2,93,1,0
BRDA:2,94,0,0
BRDA:2,94,1,0
BRDA:2,95,0,0
BRDA:2,95,1,0
BRDA:2,96,0,0
BRDA:2,96,1,0
BRDA:2,97,0,0
BRDA:2,97,1,0
BRDA:2,98,0,0
BRDA:2,98,1,0
BRDA:2,99,0,0
BRDA:2,99,1,0
BRDA:2,100,0,0
BRDA:2,100,1,0
BRDA:2,101,0,0
BRDA:2,101,1,0
BRDA:2,102,0,0
BRDA:2,102,1,0
BRDA:2,103,0,0
BRDA:2,103,1,0
BRDA:2,104,0,0
BRDA:2,104,1,0
BRDA:2,105,0,0
BRDA:2,105,1,0
BRDA:2,106,0,0
BRDA:2,106,1,0
BRDA:2,107,0,0
BRDA:2,107,1,0
BRDA:2,108,0,0
BRDA:2,108,1,0
BRDA:2,109,0,0
BRDA:2,109,1,0
BRDA:2,110,0,0
BRDA:2,110,1,0
BRDA:2,111,0,0
BRDA:2,111,1,0
BRDA:2,112,0,0
BRDA:2,112,1,0
BRDA:2,113,0,0
BRDA:2,113,1,0
BRDA:2,114,0,0
BRDA:2,114,1,0
BRDA:2,115,0,0
BRDA:2,115,1,0
BRDA:2,116,0,0
BRDA:2,116,1,0
BRDA:2,117,0,0
BRDA:2,117,1,0
BRDA:2,118,0,0
BRDA:2,118,1,0
BRDA:2,119,0,0
BRDA:2,119,1,0
BRDA:2,120,0,0
BRDA:2,120,1,0
BRDA:2,121,0,0
BRDA:2,121,1,0
BRDA:2,122,0,0
BRDA:2,122,1,0
BRDA:2,123,0,0
BRDA:2,123,1,0
BRDA:2,124,0,0
BRDA:2,124,1,0
BRDA:2,125,0,0
BRDA:2,125,1,0
BRDA:2,126,0,0
BRDA:2,126,1,0
BRDA:2,127,0,0
BRDA:2,127,1,0
BRDA:2,128,0,0
BRDA:2,128,1,0
BRDA:2,128,2,0
BRDA:2,129,0,0
BRDA:2,129,1,0
BRDA:2,130,0,0
BRDA:2,130,1,0
BRDA:2,131,0,0
BRDA:2,131,1,0
BRDA:2,131,2,0
BRDA:2,131,3,0
BRDA:2,131,4,0
BRDA:2,132,0,0
BRDA:2,132,1,0
BRDA:2,133,0,0
BRDA:2,133,1,0
BRDA:2,134,0,0
BRDA:2,134,1,0
BRDA:2,135,0,0
BRDA:2,135,1,0
BRDA:2,136,0,0
BRDA:2,136,1,0
BRDA:2,137,0,0
BRDA:2,137,1,0
BRDA:2,138,0,0
BRDA:2,138,1,0
BRF:286
BRH:0
end_of_record
TN:
SF:src/coverage/lcov-report/sorter.js
FN:2,(anonymous_0)
FN:11,getTable
FN:15,getTableHeader
FN:19,getTableBody
FN:23,getNthColumn
FN:27,onFilterInput
FN:59,addSearchBox
FN:67,loadColumns
FN:92,loadRowData
FN:111,loadData
FN:120,sortByIndex
FN:122,(anonymous_11)
FN:134,(anonymous_12)
FN:151,removeSortIndicators
FN:159,addSortIndicators
FN:165,enableUI
FN:168,ithSorter
FN:171,(anonymous_17)
FN:198,(anonymous_18)
FNF:19
FNH:0
FNDA:0,(anonymous_0)
FNDA:0,getTable
FNDA:0,getTableHeader
FNDA:0,getTableBody
FNDA:0,getNthColumn
FNDA:0,onFilterInput
FNDA:0,addSearchBox
FNDA:0,loadColumns
FNDA:0,loadRowData
FNDA:0,loadData
FNDA:0,sortByIndex
FNDA:0,(anonymous_11)
FNDA:0,(anonymous_12)
FNDA:0,removeSortIndicators
FNDA:0,addSortIndicators
FNDA:0,enableUI
FNDA:0,ithSorter
FNDA:0,(anonymous_17)
FNDA:0,(anonymous_18)
DA:2,0
DA:5,0
DA:12,0
DA:16,0
DA:20,0
DA:24,0
DA:28,0
DA:29,0
DA:34,0
DA:35,0
DA:37,0
DA:40,0
DA:41,0
DA:42,0
DA:44,0
DA:46,0
DA:49,0
DA:54,0
DA:60,0
DA:61,0
DA:62,0
DA:63,0
DA:68,0
DA:70,0
DA:74,0
DA:75,0
DA:76,0
DA:81,0
DA:82,0
DA:83,0
DA:84,0
DA:88,0
DA:93,0
DA:96,0
DA:99,0
DA:100,0
DA:101,0
DA:102,0
DA:103,0
DA:104,0
DA:106,0
DA:108,0
DA:112,0
DA:115,0
DA:116,0
DA:121,0
DA:122,0
DA:123,0
DA:124,0
DA:125,0
DA:127,0
DA:128,0
DA:129,0
DA:130,0
DA:133,0
DA:134,0
DA:135,0
DA:139,0
DA:140,0
DA:141,0
DA:144,0
DA:146,0
DA:147,0
DA:152,0
DA:153,0
DA:155,0
DA:156,0
DA:160,0
DA:168,0
DA:169,0
DA:171,0
DA:172,0
DA:174,0
DA:175,0
DA:177,0
DA:178,0
DA:179,0
DA:180,0
DA:181,0
DA:184,0
DA:185,0
DA:188,0
DA:189,0
DA:190,0
DA:192,0
DA:198,0
DA:199,0
DA:200,0
DA:202,0
DA:203,0
DA:204,0
DA:205,0
DA:206,0
DA:210,0
LF:94
LH:0
BRDA:44,0,0,0
BRDA:44,0,1,0
BRDA:54,1,0,0
BRDA:54,1,1,0
BRDA:79,2,0,0
BRDA:79,2,1,0
BRDA:82,3,0,0
BRDA:82,3,1,0
BRDA:103,4,0,0
BRDA:103,4,1,0
BRDA:125,5,0,0
BRDA:125,5,1,0
BRDA:125,6,0,0
BRDA:125,6,1,0
BRDA:133,7,0,0
BRDA:133,7,1,0
BRDA:160,8,0,0
BRDA:160,8,1,0
BRDA:174,9,0,0
BRDA:174,9,1,0
BRDA:185,10,0,0
BRDA:185,10,1,0
BRDA:189,11,0,0
BRDA:189,11,1,0
BRDA:199,12,0,0
BRDA:199,12,1,0
BRF:26
BRH:0
end_of_record
TN:
SF:src/performance-reviews/performance-reviews.module.ts
FNF:0
FNH:0
DA:1,0
DA:2,0
DA:5,0
DA:6,0
DA:7,0
DA:10,0
DA:11,0
DA:12,0
DA:13,0
DA:14,0
DA:15,0
DA:16,0
DA:17,0
DA:18,0
DA:21,0
DA:22,0
DA:23,0
DA:26,0
DA:27,0
DA:28,0
DA:31,0
DA:32,0
DA:33,0
DA:36,0
DA:37,0
DA:38,0
DA:41,0
DA:42,0
DA:43,0
DA:44,0
DA:47,0
DA:48,0
DA:49,0
DA:52,0
DA:53,0
DA:56,0
DA:57,0
DA:58,0
DA:59,0
DA:60,0
DA:61,0
DA:64,0
DA:164,0
LF:43
LH:0
BRF:0
BRH:0
end_of_record
TN:
SF:src/performance-reviews/application/use-cases/calibration/apply-calibration-adjustment.use-case.ts
FN:15,(anonymous_4)
FN:27,(anonymous_5)
FNF:2
FNH:0
FNDA:0,(anonymous_4)
FNDA:0,(anonymous_5)
DA:1,0
DA:6,0
DA:7,0
DA:8,0
DA:9,0
DA:10,0
DA:14,0
DA:17,0
DA:19,0
DA:21,0
DA:23,0
DA:24,0
DA:29,0
DA:30,0
DA:31,0
DA:32,0
DA:36,0
DA:37,0
DA:38,0
DA:42,0
DA:43,0
DA:47,0
DA:50,0
DA:53,0
DA:56,0
DA:57,0
DA:58,0
DA:62,0
DA:68,0
DA:71,0
DA:75,0
DA:77,0
DA:81,0
DA:82,0
LF:34
LH:0
BRDA:31,0,0,0
BRDA:37,1,0,0
BRDA:42,2,0,0
BRDA:42,3,0,0
BRDA:42,3,1,0
BRDA:57,4,0,0
BRDA:57,4,1,0
BRDA:75,5,0,0
BRF:8
BRH:0
end_of_record
TN:
SF:src/performance-reviews/application/use-cases/calibration/create-calibration-session.use-case.ts
FN:9,(anonymous_4)
FN:16,(anonymous_5)
FN:29,(anonymous_6)
FNF:3
FNH:0
FNDA:0,(anonymous_4)
FNDA:0,(anonymous_5)
FNDA:0,(anonymous_6)
DA:1,0
DA:4,0
DA:8,0
DA:11,0
DA:13,0
DA:18,0
DA:19,0
DA:20,0
DA:24,0
DA:29,0
DA:36,0
DA:39,0
LF:12
LH:0
BRDA:19,0,0,0
BRF:1
BRH:0
end_of_record
TN:
SF:src/performance-reviews/application/use-cases/calibration/get-calibration-dashboard.use-case.ts
FN:12,(anonymous_4)
FN:22,(anonymous_5)
FN:34,(anonymous_6)
FN:40,(anonymous_7)
FN:41,(anonymous_8)
FN:49,(anonymous_9)
FNF:6
FNH:0
FNDA:0,(anonymous_4)
FNDA:0,(anonymous_5)
FNDA:0,(anonymous_6)
FNDA:0,(anonymous_7)
FNDA:0,(anonymous_8)
FNDA:0,(anonymous_9)
DA:1,0
DA:5,0
DA:6,0
DA:7,0
DA:11,0
DA:14,0
DA:16,0
DA:18,0
DA:19,0
DA:24,0
DA:25,0
DA:26,0
DA:30,0
DA:33,0
DA:34,0
DA:35,0
DA:36,0
DA:38,0
DA:39,0
DA:40,0
DA:41,0
DA:45,0
DA:46,0
DA:48,0
DA:50,0
DA:51,0
DA:53,0
DA:54,0
DA:59,0
DA:62,0
DA:65,0
DA:66,0
DA:67,0
DA:69,0
DA:71,0
DA:73,0
DA:89,0
LF:37
LH:0
BRDA:25,0,0,0
BRDA:33,1,0,0
BRDA:53,2,0,0
BRDA:53,2,1,0
BRDA:65,3,0,0
BRDA:65,3,1,0
BRDA:66,4,0,0
BRDA:74,5,0,0
BRDA:74,5,1,0
BRDA:75,6,0,0
BRDA:75,6,1,0
BRDA:76,7,0,0
BRDA:76,7,1,0
BRDA:78,8,0,0
BRDA:78,8,1,0
BRDA:79,9,0,0
BRDA:79,9,1,0
BRDA:84,10,0,0
BRDA:84,10,1,0
BRF:19
BRH:0
end_of_record
TN:
SF:src/performance-reviews/application/use-cases/calibration/get-calibration-session.use-case.ts
FN:37,(anonymous_4)
FN:42,(anonymous_5)
FN:57,(anonymous_6)
FNF:3
FNH:0
FNDA:0,(anonymous_4)
FNDA:0,(anonymous_5)
FNDA:0,(anonymous_6)
DA:1,0
DA:36,0
DA:39,0
DA:43,0
DA:45,0
DA:46,0
DA:49,0
DA:57,0
LF:8
LH:0
BRDA:45,0,0,0
BRDA:52,1,0,0
BRDA:52,1,1,0
BRDA:54,2,0,0
BRDA:54,2,1,0
BRF:5
BRH:0
end_of_record
TN:
SF:src/performance-reviews/application/use-cases/calibration/lock-calibration.use-case.ts
FN:14,(anonymous_4)
FN:19,(anonymous_5)
FN:43,(anonymous_6)
FNF:3
FNH:0
FNDA:0,(anonymous_4)
FNDA:0,(anonymous_5)
FNDA:0,(anonymous_6)
DA:1,0
DA:13,0
DA:16,0
DA:20,0
DA:22,0
DA:23,0
DA:27,0
DA:33,0
DA:35,0
DA:43,0
LF:10
LH:0
BRDA:22,0,0,0
BRDA:38,1,0,0
BRDA:38,1,1,0
BRDA:40,2,0,0
BRDA:40,2,1,0
BRF:5
BRH:0
end_of_record
TN:
SF:src/performance-reviews/application/use-cases/calibration/lock-final-scores.use-case.ts
FN:9,(anonymous_4)
FN:16,(anonymous_5)
FN:28,(anonymous_6)
FNF:3
FNH:0
FNDA:0,(anonymous_4)
FNDA:0,(anonymous_5)
FNDA:0,(anonymous_6)
DA:1,0
DA:4,0
DA:8,0
DA:11,0
DA:13,0
DA:18,0
DA:19,0
DA:20,0
DA:24,0
DA:27,0
DA:28,0
DA:29,0
DA:30,0
DA:31,0
DA:33,0
DA:36,0
DA:39,0
LF:17
LH:0
BRDA:19,0,0,0
BRDA:29,1,0,0
BRF:2
BRH:0
end_of_record
TN:
SF:src/performance-reviews/application/use-cases/calibration/record-calibration-note.use-case.ts
FN:15,(anonymous_4)
FN:20,(anonymous_5)
FN:45,(anonymous_6)
FNF:3
FNH:0
FNDA:0,(anonymous_4)
FNDA:0,(anonymous_5)
FNDA:0,(anonymous_6)
DA:1,0
DA:14,0
DA:17,0
DA:21,0
DA:25,0
DA:26,0
DA:30,0
DA:35,0
DA:37,0
DA:45,0
LF:10
LH:0
BRDA:25,0,0,0
BRDA:40,1,0,0
BRDA:40,1,1,0
BRDA:42,2,0,0
BRDA:42,2,1,0
BRF:5
BRH:0
end_of_record
TN:
SF:src/performance-reviews/application/use-cases/final-scores/calculate-final-scores.use-case.ts
FN:9,(anonymous_4)
FN:17,(anonymous_5)
FNF:2
FNH:2
FNDA:42,(anonymous_4)
FNDA:44,(anonymous_5)
DA:1,1
DA:4,1
DA:5,1
DA:8,1
DA:11,42
DA:13,42
DA:14,42
DA:18,44
DA:22,44
DA:23,63
DA:26,63
LF:11
LH:11
BRF:0
BRH:0
end_of_record
TN:
SF:src/performance-reviews/application/use-cases/final-scores/deliver-feedback.use-case.ts
FN:27,(anonymous_4)
FN:32,(anonymous_5)
FNF:2
FNH:2
FNDA:38,(anonymous_4)
FNDA:40,(anonymous_5)
DA:1,1
DA:3,1
DA:4,1
DA:26,1
DA:29,38
DA:33,40
DA:37,40
DA:38,3
DA:41,37
DA:42,4
DA:45,33
DA:49,33
DA:51,33
LF:13
LH:13
BRDA:37,0,0,3
BRDA:41,1,0,4
BRDA:60,2,0,33
BRDA:60,2,1,0
BRF:4
BRH:3
end_of_record
TN:
SF:src/performance-reviews/application/use-cases/final-scores/get-final-score.use-case.ts
FN:30,(anonymous_4)
FN:35,(anonymous_5)
FNF:2
FNH:2
FNDA:53,(anonymous_4)
FNDA:60,(anonymous_5)
DA:1,1
DA:3,1
DA:4,1
DA:29,1
DA:32,53
DA:39,60
DA:44,57
DA:45,9
DA:48,48
LF:9
LH:9
BRDA:44,0,0,9
BRDA:60,1,0,48
BRDA:60,1,1,0
BRF:3
BRH:2
end_of_record
TN:
SF:src/performance-reviews/application/use-cases/final-scores/get-my-final-score.use-case.ts
FN:10,(anonymous_4)
FN:19,(anonymous_5)
FNF:2
FNH:2
FNDA:49,(anonymous_4)
FNDA:49,(anonymous_5)
DA:1,1
DA:5,1
DA:9,1
DA:12,49
DA:14,49
DA:16,49
DA:21,49
DA:22,47
DA:23,4
DA:27,43
DA:28,41
DA:29,2
DA:33,39
DA:37,37
DA:38,2
DA:42,35
DA:44,35
DA:45,35
DA:46,31
DA:47,31
DA:53,35
LF:21
LH:21
BRDA:22,0,0,4
BRDA:28,1,0,2
BRDA:37,2,0,2
BRDA:45,3,0,31
BRDA:45,4,0,35
BRDA:45,4,1,31
BRDA:57,5,0,35
BRDA:57,5,1,1
BRF:8
BRH:8
end_of_record
TN:
SF:src/performance-reviews/application/use-cases/final-scores/get-team-final-scores.use-case.ts
FN:10,(anonymous_4)
FN:19,(anonymous_5)
FN:31,(anonymous_6)
FNF:3
FNH:3
FNDA:46,(anonymous_4)
FNDA:47,(anonymous_5)
FNDA:237,(anonymous_6)
DA:1,1
DA:5,1
DA:9,1
DA:12,46
DA:14,46
DA:16,46
DA:21,47
DA:22,45
DA:23,4
DA:27,41
DA:30,40
DA:32,237
DA:37,236
DA:38,5
DA:49,231
DA:61,39
LF:16
LH:16
BRDA:22,0,0,4
BRDA:37,1,0,5
BRDA:41,2,0,5
BRDA:41,2,1,0
BRDA:52,3,0,231
BRDA:52,3,1,1
BRF:6
BRH:5
end_of_record
TN:
SF:src/performance-reviews/application/use-cases/final-scores/mark-feedback-delivered.use-case.ts
FN:10,(anonymous_4)
FN:19,(anonymous_5)
FNF:2
FNH:2
FNDA:35,(anonymous_4)
FNDA:40,(anonymous_5)
DA:1,1
DA:5,1
DA:9,1
DA:12,35
DA:14,35
DA:16,35
DA:21,40
DA:22,40
DA:23,1
DA:27,39
DA:28,39
DA:29,4
DA:32,35
DA:33,4
DA:37,31
DA:41,31
DA:42,5
DA:46,26
DA:49,26
DA:52,26
LF:20
LH:20
BRDA:22,0,0,1
BRDA:28,1,0,4
BRDA:32,2,0,4
BRDA:41,3,0,5
BRF:4
BRH:4
end_of_record
TN:
SF:src/performance-reviews/application/use-cases/manager-evaluations/get-employee-review.use-case.ts
FN:14,(anonymous_4)
FN:28,(anonymous_5)
FN:94,(anonymous_6)
FNF:3
FNH:3
FNDA:46,(anonymous_4)
FNDA:46,(anonymous_5)
FNDA:10,(anonymous_6)
DA:1,1
DA:7,1
DA:8,1
DA:9,1
DA:13,1
DA:16,46
DA:18,46
DA:20,46
DA:22,46
DA:24,46
DA:25,46
DA:30,46
DA:31,45
DA:32,4
DA:36,41
DA:37,40
DA:38,4
DA:42,36
DA:43,36
DA:44,2
DA:47,34
DA:48,2
DA:52,32
DA:58,32
DA:64,31
DA:70,30
DA:79,30
DA:87,30
DA:88,6
DA:89,6
DA:93,30
DA:95,10
DA:96,10
DA:97,10
DA:108,30
DA:120,30
LF:36
LH:36
BRDA:31,0,0,4
BRDA:37,1,0,4
BRDA:43,2,0,2
BRDA:47,3,0,2
BRDA:70,4,0,30
BRDA:70,4,1,24
BRDA:87,5,0,6
BRDA:99,6,0,10
BRDA:99,6,1,1
BRDA:108,7,0,4
BRDA:108,7,1,26
BRDA:125,8,0,30
BRDA:125,8,1,0
BRDA:126,9,0,30
BRDA:126,9,1,0
BRDA:130,10,0,30
BRDA:130,10,1,24
BRF:17
BRH:15
end_of_record
TN:
SF:src/performance-reviews/application/use-cases/manager-evaluations/get-manager-evaluation.use-case.ts
FN:34,(anonymous_4)
FN:39,(anonymous_5)
FNF:2
FNH:2
FNDA:40,(anonymous_4)
FNDA:41,(anonymous_5)
DA:1,1
DA:33,1
DA:36,40
DA:42,41
DA:47,36
DA:48,4
DA:51,32
LF:7
LH:7
BRDA:47,0,0,4
BRF:1
BRH:1
end_of_record
TN:
SF:src/performance-reviews/application/use-cases/manager-evaluations/get-team-reviews.use-case.ts
FN:21,(anonymous_4)
FN:34,(anonymous_5)
FN:46,(anonymous_6)
FNF:3
FNH:3
FNDA:44,(anonymous_4)
FNDA:45,(anonymous_5)
FNDA:247,(anonymous_6)
DA:1,1
DA:7,1
DA:20,1
DA:23,44
DA:25,44
DA:27,44
DA:29,44
DA:31,44
DA:36,45
DA:37,43
DA:38,4
DA:42,39
DA:45,38
DA:48,247
DA:54,246
DA:60,245
DA:65,244
DA:78,35
LF:18
LH:18
BRDA:37,0,0,4
BRDA:68,1,0,244
BRDA:68,1,1,1
BRDA:69,2,0,244
BRDA:69,2,1,1
BRDA:71,3,0,3
BRDA:71,3,1,241
BRDA:72,4,0,244
BRDA:72,4,1,1
BRDA:73,5,0,244
BRDA:73,5,1,231
BRF:11
BRH:11
end_of_record
TN:
SF:src/performance-reviews/application/use-cases/manager-evaluations/submit-manager-evaluation.use-case.ts
FN:12,(anonymous_4)
FN:21,(anonymous_5)
FNF:2
FNH:2
FNDA:30,(anonymous_4)
FNDA:32,(anonymous_5)
DA:1,1
DA:5,1
DA:6,1
DA:7,1
DA:11,1
DA:14,30
DA:16,30
DA:18,30
DA:23,32
DA:24,32
DA:25,4
DA:29,28
DA:30,4
DA:34,24
DA:35,24
DA:36,4
DA:39,20
DA:40,1
DA:44,19
DA:49,19
DA:51,19
DA:53,13
DA:65,6
DA:69,17
DA:72,17
DA:75,17
DA:76,17
LF:27
LH:27
BRDA:24,0,0,4
BRDA:29,1,0,4
BRDA:35,2,0,4
BRDA:39,3,0,1
BRDA:51,4,0,13
BRDA:51,4,1,6
BRF:6
BRH:6
end_of_record
TN:
SF:src/performance-reviews/application/use-cases/manager-evaluations/update-manager-evaluation.use-case.ts
FN:48,(anonymous_4)
FN:53,(anonymous_5)
FNF:2
FNH:2
FNDA:51,(anonymous_4)
FNDA:51,(anonymous_5)
DA:1,1
DA:3,1
DA:4,1
DA:5,1
DA:6,1
DA:47,1
DA:50,51
DA:56,51
DA:57,48
DA:60,3
DA:61,3
DA:67,51
DA:68,3
DA:71,48
DA:72,18
DA:73,18
DA:76,47
DA:77,9
DA:82,46
DA:83,6
DA:86,45
DA:87,11
DA:90,44
DA:91,5
DA:94,43
DA:96,43
LF:26
LH:26
BRDA:56,0,0,48
BRDA:56,0,1,3
BRDA:60,1,0,3
BRDA:60,2,0,3
BRDA:60,2,1,3
BRDA:67,3,0,3
BRDA:71,4,0,18
BRDA:76,5,0,9
BRDA:82,6,0,6
BRDA:86,7,0,11
BRDA:90,8,0,5
BRF:11
BRH:11
end_of_record
TN:
SF:src/performance-reviews/application/use-cases/peer-feedback/get-aggregated-peer-feedback.use-case.ts
FN:26,(anonymous_4)
FN:32,(anonymous_5)
FNF:2
FNH:0
FNDA:0,(anonymous_4)
FNDA:0,(anonymous_5)
DA:1,0
DA:3,0
DA:4,0
DA:5,0
DA:25,0
DA:28,0
DA:29,0
DA:36,0
DA:41,0
DA:43,0
LF:10
LH:0
BRF:0
BRH:0
end_of_record
TN:
SF:src/performance-reviews/application/use-cases/peer-feedback/get-peer-feedback.use-case.ts
FN:19,(anonymous_4)
FN:27,(anonymous_5)
FN:68,(anonymous_6)
FNF:3
FNH:0
FNDA:0,(anonymous_4)
FNDA:0,(anonymous_5)
FNDA:0,(anonymous_6)
DA:1,0
DA:4,0
DA:5,0
DA:18,0
DA:21,0
DA:23,0
DA:24,0
DA:29,0
DA:30,0
DA:31,0
DA:35,0
DA:40,0
DA:42,0
DA:56,0
DA:59,0
DA:65,0
DA:68,0
DA:73,0
DA:75,0
DA:76,0
DA:78,0
DA:79,0
DA:81,0
DA:82,0
DA:85,0
DA:86,0
DA:90,0
LF:27
LH:0
BRDA:30,0,0,0
BRDA:40,1,0,0
BRDA:75,2,0,0
BRDA:78,3,0,0
BRDA:81,4,0,0
BRDA:85,5,0,0
BRF:6
BRH:0
end_of_record
TN:
SF:src/performance-reviews/application/use-cases/peer-feedback/nominate-peers.use-case.ts
FN:21,(anonymous_4)
FN:30,(anonymous_5)
FN:73,(anonymous_6)
FN:93,(anonymous_7)
FN:98,(anonymous_8)
FNF:5
FNH:0
FNDA:0,(anonymous_4)
FNDA:0,(anonymous_5)
FNDA:0,(anonymous_6)
FNDA:0,(anonymous_7)
FNDA:0,(anonymous_8)
DA:1,0
DA:5,0
DA:20,0
DA:23,0
DA:25,0
DA:27,0
DA:32,0
DA:33,0
DA:34,0
DA:38,0
DA:39,0
DA:43,0
DA:44,0
DA:45,0
DA:49,0
DA:51,0
DA:53,0
DA:54,0
DA:58,0
DA:59,0
DA:60,0
DA:64,0
DA:65,0
DA:69,0
DA:73,0
DA:74,0
DA:75,0
DA:79,0
DA:88,0
DA:92,0
DA:93,0
DA:97,0
DA:99,0
DA:100,0
DA:110,0
LF:35
LH:0
BRDA:33,0,0,0
BRDA:38,1,0,0
BRDA:38,2,0,0
BRDA:38,2,1,0
BRDA:44,3,0,0
BRDA:53,4,0,0
BRDA:59,5,0,0
BRDA:64,6,0,0
BRDA:64,7,0,0
BRDA:64,7,1,0
BRDA:74,8,0,0
BRDA:103,9,0,0
BRDA:103,9,1,0
BRF:13
BRH:0
end_of_record
TN:
SF:src/performance-reviews/application/use-cases/peer-feedback/submit-peer-feedback.use-case.ts
FN:22,(anonymous_4)
FN:31,(anonymous_5)
FN:48,(anonymous_6)
FN:63,(anonymous_7)
FNF:4
FNH:0
FNDA:0,(anonymous_4)
FNDA:0,(anonymous_5)
FNDA:0,(anonymous_6)
FNDA:0,(anonymous_7)
DA:1,0
DA:5,0
DA:6,0
DA:7,0
DA:21,0
DA:24,0
DA:26,0
DA:28,0
DA:33,0
DA:34,0
DA:35,0
DA:39,0
DA:40,0
DA:44,0
DA:48,0
DA:50,0
DA:51,0
DA:54,0
DA:55,0
DA:59,0
DA:63,0
DA:64,0
DA:65,0
DA:69,0
DA:70,0
DA:81,0
DA:84,0
LF:27
LH:0
BRDA:34,0,0,0
BRDA:39,1,0,0
BRDA:50,2,0,0
BRDA:54,3,0,0
BRDA:54,4,0,0
BRDA:54,4,1,0
BRDA:64,5,0,0
BRF:7
BRH:0
end_of_record
TN:
SF:src/performance-reviews/application/use-cases/review-cycles/activate-review-cycle.use-case.ts
FN:14,(anonymous_4)
FN:19,(anonymous_5)
FNF:2
FNH:0
FNDA:0,(anonymous_4)
FNDA:0,(anonymous_5)
DA:1,0
DA:3,0
DA:13,0
DA:16,0
DA:20,0
DA:24,0
DA:25,0
DA:28,0
DA:29,0
DA:31,0
LF:10
LH:0
BRDA:24,0,0,0
BRF:1
BRH:0
end_of_record
TN:
SF:src/performance-reviews/application/use-cases/review-cycles/create-review-cycle.use-case.ts
FN:18,(anonymous_4)
FN:23,(anonymous_5)
FNF:2
FNH:0
FNDA:0,(anonymous_4)
FNDA:0,(anonymous_5)
DA:1,0
DA:3,0
DA:4,0
DA:17,0
DA:20,0
DA:25,0
DA:34,0
DA:42,0
DA:45,0
LF:9
LH:0
BRF:0
BRH:0
end_of_record
TN:
SF:src/performance-reviews/application/use-cases/review-cycles/get-active-cycle.use-case.ts
FN:14,(anonymous_4)
FN:19,(anonymous_5)
FNF:2
FNH:0
FNDA:0,(anonymous_4)
FNDA:0,(anonymous_5)
DA:1,0
DA:13,0
DA:16,0
DA:21,0
DA:23,0
DA:24,0
DA:28,0
LF:7
LH:0
BRDA:23,0,0,0
BRF:1
BRH:0
end_of_record
TN:
SF:src/performance-reviews/application/use-cases/review-cycles/get-review-cycle.use-case.ts
FN:8,(anonymous_4)
FN:13,(anonymous_5)
FNF:2
FNH:0
FNDA:0,(anonymous_4)
FNDA:0,(anonymous_5)
DA:1,0
DA:3,0
DA:7,0
DA:10,0
DA:14,0
DA:18,0
DA:19,0
DA:22,0
LF:8
LH:0
BRDA:18,0,0,0
BRF:1
BRH:0
end_of_record
TN:
SF:src/performance-reviews/application/use-cases/review-cycles/start-review-cycle.use-case.ts
FN:19,(anonymous_4)
FN:24,(anonymous_5)
FNF:2
FNH:0
FNDA:0,(anonymous_4)
FNDA:0,(anonymous_5)
DA:1,0
DA:3,0
DA:4,0
DA:18,0
DA:21,0
DA:26,0
DA:27,0
DA:29,0
DA:30,0
DA:34,0
DA:35,0
DA:36,0
DA:40,0
DA:43,0
DA:46,0
LF:15
LH:0
BRDA:29,0,0,0
BRDA:35,1,0,0
BRDA:35,2,0,0
BRDA:35,2,1,0
BRF:4
BRH:0
end_of_record
TN:
SF:src/performance-reviews/application/use-cases/score-adjustments/approve-score-adjustment.use-case.ts
FN:20,(anonymous_4)
FN:25,(anonymous_5)
FNF:2
FNH:0
FNDA:0,(anonymous_4)
FNDA:0,(anonymous_5)
DA:1,0
DA:19,0
DA:22,0
DA:26,0
DA:30,0
DA:31,0
DA:34,0
DA:35,0
DA:37,0
DA:40,0
DA:42,0
LF:11
LH:0
BRDA:30,0,0,0
BRDA:34,1,0,0
BRDA:34,1,1,0
BRF:3
BRH:0
end_of_record
TN:
SF:src/performance-reviews/application/use-cases/score-adjustments/request-score-adjustment.use-case.ts
FN:12,(anonymous_4)
FN:23,(anonymous_5)
FN:69,(anonymous_6)
FN:70,(anonymous_7)
FNF:4
FNH:0
FNDA:0,(anonymous_4)
FNDA:0,(anonymous_5)
FNDA:0,(anonymous_6)
FNDA:0,(anonymous_7)
DA:1,0
DA:6,0
DA:8,0
DA:11,0
DA:14,0
DA:16,0
DA:18,0
DA:20,0
DA:25,0
DA:26,0
DA:27,0
DA:31,0
DA:35,0
DA:36,0
DA:39,0
DA:40,0
DA:44,0
DA:45,0
DA:46,0
DA:49,0
DA:50,0
DA:54,0
DA:74,0
DA:77,0
LF:24
LH:0
BRDA:26,0,0,0
BRDA:35,1,0,0
BRDA:39,2,0,0
BRDA:45,3,0,0
BRDA:49,4,0,0
BRF:5
BRH:0
end_of_record
TN:
SF:src/performance-reviews/application/use-cases/score-adjustments/review-score-adjustment.use-case.ts
FN:11,(anonymous_4)
FN:20,(anonymous_5)
FNF:2
FNH:0
FNDA:0,(anonymous_4)
FNDA:0,(anonymous_5)
DA:1,0
DA:5,0
DA:6,0
DA:10,0
DA:13,0
DA:15,0
DA:17,0
DA:22,0
DA:23,0
DA:24,0
DA:28,0
DA:29,0
DA:33,0
DA:34,0
DA:35,0
DA:36,0
DA:38,0
DA:39,0
DA:40,0
DA:42,0
DA:46,0
DA:47,0
DA:51,0
DA:53,0
DA:57,0
DA:58,0
DA:59,0
DA:60,0
DA:64,0
DA:69,0
DA:72,0
LF:31
LH:0
BRDA:23,0,0,0
BRDA:28,1,0,0
BRDA:38,2,0,0
BRDA:39,3,0,0
BRDA:46,4,0,0
BRDA:51,5,0,0
BRDA:57,6,0,0
BRF:7
BRH:0
end_of_record
TN:
SF:src/performance-reviews/application/use-cases/self-reviews/get-my-self-review.use-case.ts
FN:20,(anonymous_4)
FN:27,(anonymous_5)
FNF:2
FNH:2
FNDA:31,(anonymous_4)
FNDA:31,(anonymous_5)
DA:1,1
DA:4,1
DA:5,1
DA:6,1
DA:7,1
DA:19,1
DA:22,31
DA:24,31
DA:29,31
DA:30,29
DA:31,4
DA:35,25
DA:37,23
DA:39,7
DA:52,7
DA:56,22
DA:57,22
LF:17
LH:17
BRDA:30,0,0,4
BRDA:37,1,0,7
BRF:2
BRH:2
end_of_record
TN:
SF:src/performance-reviews/application/use-cases/self-reviews/submit-self-review.use-case.ts
FN:20,(anonymous_4)
FN:27,(anonymous_5)
FNF:2
FNH:2
FNDA:23,(anonymous_4)
FNDA:26,(anonymous_5)
DA:1,1
DA:4,1
DA:19,1
DA:22,23
DA:24,23
DA:29,26
DA:30,26
DA:31,4
DA:35,22
DA:36,4
DA:40,18
DA:41,18
DA:42,4
DA:46,14
DA:47,3
DA:51,11
DA:54,8
DA:57,8
LF:18
LH:18
BRDA:30,0,0,4
BRDA:35,1,0,4
BRDA:41,2,0,4
BRDA:46,3,0,3
BRF:4
BRH:4
end_of_record
TN:
SF:src/performance-reviews/application/use-cases/self-reviews/update-self-review.use-case.ts
FN:20,(anonymous_4)
FN:27,(anonymous_5)
FNF:2
FNH:2
FNDA:31,(anonymous_4)
FNDA:31,(anonymous_5)
DA:1,1
DA:4,1
DA:5,1
DA:19,1
DA:22,31
DA:24,31
DA:29,31
DA:30,31
DA:31,2
DA:35,29
DA:36,2
DA:40,27
DA:41,27
DA:42,1
DA:46,26
DA:47,17
DA:48,17
DA:52,24
DA:53,9
DA:57,23
DA:60,23
DA:61,23
LF:22
LH:22
BRDA:30,0,0,2
BRDA:35,1,0,2
BRDA:41,2,0,1
BRDA:46,3,0,17
BRDA:52,4,0,9
BRF:5
BRH:5
end_of_record
TN:
SF:src/performance-reviews/domain/entities/final-score.entity.ts
FN:11,(anonymous_0)
FN:42,(anonymous_1)
FN:64,(anonymous_2)
FN:88,(anonymous_3)
FN:99,(anonymous_4)
FN:110,(anonymous_5)
FN:121,(anonymous_6)
FN:132,(anonymous_7)
FN:136,(anonymous_8)
FN:140,(anonymous_9)
FN:144,(anonymous_10)
FN:148,(anonymous_11)
FN:152,(anonymous_12)
FN:156,(anonymous_13)
FN:160,(anonymous_14)
FN:164,(anonymous_15)
FN:168,(anonymous_16)
FN:172,(anonymous_17)
FN:176,(anonymous_18)
FN:180,(anonymous_19)
FN:184,(anonymous_20)
FN:188,(anonymous_21)
FN:192,(anonymous_22)
FN:196,(anonymous_23)
FN:200,(anonymous_24)
FN:205,(anonymous_25)
FN:209,(anonymous_26)
FNF:27
FNH:27
FNDA:268,(anonymous_0)
FNDA:506,(anonymous_1)
FNDA:506,(anonymous_2)
FNDA:28,(anonymous_3)
FNDA:7,(anonymous_4)
FNDA:12,(anonymous_5)
FNDA:98,(anonymous_6)
FNDA:121,(anonymous_7)
FNDA:88,(anonymous_8)
FNDA:34,(anonymous_9)
FNDA:50,(anonymous_10)
FNDA:364,(anonymous_11)
FNDA:355,(anonymous_12)
FNDA:362,(anonymous_13)
FNDA:72,(anonymous_14)
FNDA:67,(anonymous_15)
FNDA:89,(anonymous_16)
FNDA:10,(anonymous_17)
FNDA:383,(anonymous_18)
FNDA:70,(anonymous_19)
FNDA:65,(anonymous_20)
FNDA:53,(anonymous_21)
FNDA:91,(anonymous_22)
FNDA:85,(anonymous_23)
FNDA:56,(anonymous_24)
FNDA:87,(anonymous_25)
FNDA:245,(anonymous_26)
DA:7,7
DA:8,7
DA:11,275
DA:41,7
DA:43,506
DA:44,506
DA:45,506
DA:46,506
DA:47,506
DA:48,506
DA:49,506
DA:50,506
DA:51,506
DA:52,506
DA:53,506
DA:54,506
DA:55,506
DA:56,506
DA:57,506
DA:58,506
DA:65,506
DA:89,28
DA:90,1
DA:92,27
DA:93,27
DA:100,7
DA:101,1
DA:103,6
DA:104,6
DA:111,12
DA:112,5
DA:114,7
DA:115,7
DA:122,98
DA:123,98
DA:124,98
DA:125,98
DA:126,98
DA:127,47
DA:133,121
DA:137,88
DA:141,34
DA:145,50
DA:149,364
DA:153,355
DA:157,362
DA:161,72
DA:165,67
DA:169,89
DA:173,10
DA:177,383
DA:181,70
DA:185,65
DA:189,53
DA:193,91
DA:197,85
DA:201,56
DA:206,87
DA:210,245
LF:59
LH:59
BRDA:53,0,0,0
BRDA:55,1,0,0
BRDA:66,2,0,506
BRDA:66,2,1,214
BRDA:72,3,0,506
BRDA:72,3,1,434
BRDA:73,4,0,506
BRDA:73,4,1,202
BRDA:78,5,0,506
BRDA:78,5,1,467
BRDA:89,6,0,1
BRDA:100,7,0,1
BRDA:111,8,0,5
BRDA:126,9,0,47
BRF:14
BRH:12
end_of_record
TN:
SF:src/performance-reviews/domain/entities/manager-evaluation.entity.ts
FN:11,(anonymous_0)
FN:43,(anonymous_1)
FN:66,(anonymous_2)
FN:91,(anonymous_3)
FN:102,(anonymous_4)
FN:114,(anonymous_5)
FN:126,(anonymous_6)
FN:138,(anonymous_7)
FN:149,(anonymous_8)
FN:160,(anonymous_9)
FN:169,(anonymous_10)
FN:173,(anonymous_11)
FN:177,(anonymous_12)
FN:181,(anonymous_13)
FN:185,(anonymous_14)
FN:189,(anonymous_15)
FN:193,(anonymous_16)
FN:197,(anonymous_17)
FN:201,(anonymous_18)
FN:205,(anonymous_19)
FN:209,(anonymous_20)
FN:213,(anonymous_21)
FN:217,(anonymous_22)
FN:221,(anonymous_23)
FN:225,(anonymous_24)
FN:229,(anonymous_25)
FN:233,(anonymous_26)
FN:237,(anonymous_27)
FN:241,(anonymous_28)
FNF:29
FNH:28
FNDA:0,(anonymous_0)
FNDA:475,(anonymous_1)
FNDA:475,(anonymous_2)
FNDA:34,(anonymous_3)
FNDA:83,(anonymous_4)
FNDA:13,(anonymous_5)
FNDA:6,(anonymous_6)
FNDA:19,(anonymous_7)
FNDA:11,(anonymous_8)
FNDA:19,(anonymous_9)
FNDA:159,(anonymous_10)
FNDA:79,(anonymous_11)
FNDA:155,(anonymous_12)
FNDA:79,(anonymous_13)
FNDA:128,(anonymous_14)
FNDA:85,(anonymous_15)
FNDA:8,(anonymous_16)
FNDA:48,(anonymous_17)
FNDA:8,(anonymous_18)
FNDA:348,(anonymous_19)
FNDA:97,(anonymous_20)
FNDA:7,(anonymous_21)
FNDA:9,(anonymous_22)
FNDA:63,(anonymous_23)
FNDA:438,(anonymous_24)
FNDA:10,(anonymous_25)
FNDA:11,(anonymous_26)
FNDA:55,(anonymous_27)
FNDA:46,(anonymous_28)
DA:4,7
DA:5,7
DA:8,7
DA:11,7
DA:42,7
DA:44,475
DA:45,475
DA:46,475
DA:47,475
DA:48,475
DA:49,475
DA:50,475
DA:51,475
DA:52,475
DA:53,475
DA:54,475
DA:55,475
DA:56,475
DA:57,475
DA:58,475
DA:59,475
DA:60,475
DA:67,475
DA:92,34
DA:93,7
DA:95,27
DA:96,27
DA:103,83
DA:104,1
DA:106,82
DA:107,82
DA:108,82
DA:115,13
DA:116,1
DA:118,12
DA:119,12
DA:120,12
DA:127,6
DA:128,1
DA:130,5
DA:131,5
DA:132,5
DA:139,19
DA:140,5
DA:142,14
DA:143,14
DA:150,11
DA:151,4
DA:153,7
DA:154,7
DA:161,19
DA:162,4
DA:164,15
DA:165,15
DA:170,159
DA:174,79
DA:178,155
DA:182,79
DA:186,128
DA:190,85
DA:194,8
DA:198,48
DA:202,8
DA:206,348
DA:210,97
DA:214,7
DA:218,9
DA:222,63
DA:226,438
DA:230,10
DA:234,11
DA:238,55
DA:242,46
LF:73
LH:73
BRDA:59,0,0,0
BRDA:60,1,0,0
BRDA:68,2,0,475
BRDA:68,2,1,421
BRDA:83,3,0,475
BRDA:83,3,1,474
BRDA:84,4,0,475
BRDA:84,4,1,474
BRDA:92,5,0,7
BRDA:103,6,0,1
BRDA:115,7,0,1
BRDA:127,8,0,1
BRDA:139,9,0,5
BRDA:150,10,0,4
BRDA:161,11,0,4
BRDA:226,12,0,438
BRDA:226,12,1,385
BRF:17
BRH:15
end_of_record
TN:
SF:src/performance-reviews/domain/entities/peer-feedback.entity.ts
FN:30,(anonymous_0)
FN:45,(anonymous_1)
FN:60,(anonymous_2)
FN:64,(anonymous_3)
FN:68,(anonymous_4)
FN:72,(anonymous_5)
FN:76,(anonymous_6)
FN:80,(anonymous_7)
FN:84,(anonymous_8)
FN:88,(anonymous_9)
FN:92,(anonymous_10)
FN:99,(anonymous_11)
FNF:12
FNH:12
FNDA:181,(anonymous_0)
FNDA:181,(anonymous_1)
FNDA:7,(anonymous_2)
FNDA:4,(anonymous_3)
FNDA:11,(anonymous_4)
FNDA:31,(anonymous_5)
FNDA:141,(anonymous_6)
FNDA:43,(anonymous_7)
FNDA:41,(anonymous_8)
FNDA:41,(anonymous_9)
FNDA:10,(anonymous_10)
FNDA:8,(anonymous_11)
DA:2,4
DA:29,4
DA:31,181
DA:32,181
DA:33,181
DA:34,181
DA:35,181
DA:36,181
DA:37,181
DA:38,181
DA:39,181
DA:46,181
DA:61,7
DA:65,4
DA:69,11
DA:73,31
DA:77,141
DA:81,43
DA:85,41
DA:89,41
DA:93,10
DA:100,8
LF:22
LH:22
BRDA:47,0,0,181
BRDA:47,0,1,179
BRF:2
BRH:2
end_of_record
TN:
SF:src/performance-reviews/domain/entities/review-cycle.entity.ts
FN:11,(anonymous_0)
FN:20,(anonymous_1)
FN:36,(anonymous_2)
FN:40,(anonymous_3)
FN:67,(anonymous_4)
FN:80,(anonymous_5)
FN:94,(anonymous_6)
FN:106,(anonymous_7)
FN:113,(anonymous_8)
FN:125,(anonymous_9)
FN:138,(anonymous_10)
FN:143,(anonymous_11)
FN:147,(anonymous_12)
FN:151,(anonymous_13)
FN:155,(anonymous_14)
FN:159,(anonymous_15)
FN:163,(anonymous_16)
FN:167,(anonymous_17)
FN:171,(anonymous_18)
FN:175,(anonymous_19)
FNF:20
FNH:20
FNDA:40,(anonymous_0)
FNDA:13,(anonymous_1)
FNDA:32,(anonymous_2)
FNDA:100,(anonymous_3)
FNDA:340,(anonymous_4)
FNDA:340,(anonymous_5)
FNDA:29,(anonymous_6)
FNDA:2,(anonymous_7)
FNDA:22,(anonymous_8)
FNDA:18,(anonymous_9)
FNDA:47,(anonymous_10)
FNDA:48,(anonymous_11)
FNDA:42,(anonymous_12)
FNDA:43,(anonymous_13)
FNDA:16,(anonymous_14)
FNDA:5,(anonymous_15)
FNDA:7,(anonymous_16)
FNDA:11,(anonymous_17)
FNDA:11,(anonymous_18)
FNDA:10,(anonymous_19)
DA:1,10
DA:3,10
DA:8,10
DA:12,40
DA:15,10
DA:16,10
DA:17,10
DA:18,10
DA:21,13
DA:22,13
DA:24,3
DA:26,3
DA:28,2
DA:30,2
DA:32,3
DA:37,32
DA:41,100
DA:42,98
DA:66,10
DA:68,340
DA:69,340
DA:70,340
DA:71,340
DA:72,340
DA:73,340
DA:74,340
DA:81,340
DA:95,29
DA:96,7
DA:100,22
DA:107,2
DA:114,22
DA:115,8
DA:119,14
DA:126,18
DA:127,9
DA:131,9
DA:132,9
DA:139,47
DA:144,48
DA:148,42
DA:152,43
DA:156,16
DA:160,5
DA:164,7
DA:168,11
DA:172,11
DA:176,10
LF:48
LH:48
BRDA:22,0,0,3
BRDA:22,0,1,3
BRDA:22,0,2,2
BRDA:22,0,3,2
BRDA:22,0,4,3
BRDA:41,1,0,2
BRDA:82,2,0,340
BRDA:82,2,1,151
BRDA:87,3,0,340
BRDA:87,3,1,71
BRDA:95,4,0,7
BRDA:114,5,0,8
BRDA:126,6,0,9
BRF:13
BRH:13
end_of_record
TN:
SF:src/performance-reviews/domain/entities/self-review.entity.ts
FN:30,(anonymous_0)
FN:43,(anonymous_1)
FN:57,(anonymous_2)
FN:67,(anonymous_3)
FN:77,(anonymous_4)
FN:86,(anonymous_5)
FN:90,(anonymous_6)
FN:94,(anonymous_7)
FN:98,(anonymous_8)
FN:102,(anonymous_9)
FN:106,(anonymous_10)
FN:110,(anonymous_11)
FN:114,(anonymous_12)
FNF:13
FNH:13
FNDA:352,(anonymous_0)
FNDA:352,(anonymous_1)
FNDA:26,(anonymous_2)
FNDA:16,(anonymous_3)
FNDA:56,(anonymous_4)
FNDA:70,(anonymous_5)
FNDA:49,(anonymous_6)
FNDA:49,(anonymous_7)
FNDA:75,(anonymous_8)
FNDA:133,(anonymous_9)
FNDA:308,(anonymous_10)
FNDA:68,(anonymous_11)
FNDA:107,(anonymous_12)
DA:2,6
DA:6,6
DA:7,6
DA:29,6
DA:31,352
DA:32,352
DA:33,352
DA:34,352
DA:35,352
DA:36,352
DA:37,352
DA:44,352
DA:58,26
DA:59,6
DA:61,20
DA:68,16
DA:69,4
DA:71,12
DA:78,56
DA:79,4
DA:81,52
DA:82,52
DA:87,70
DA:91,49
DA:95,49
DA:99,75
DA:103,133
DA:107,308
DA:111,68
DA:115,107
LF:30
LH:30
BRDA:45,0,0,352
BRDA:45,0,1,342
BRDA:58,1,0,6
BRDA:68,2,0,4
BRDA:78,3,0,4
BRDA:115,4,0,107
BRDA:115,4,1,89
BRF:7
BRH:7
end_of_record
TN:
SF:src/performance-reviews/domain/exceptions/calibration-already-locked.exception.ts
FN:2,(anonymous_0)
FNF:1
FNH:0
FNDA:0,(anonymous_0)
DA:1,0
DA:3,0
DA:4,0
LF:3
LH:0
BRDA:2,0,0,0
BRF:1
BRH:0
end_of_record
TN:
SF:src/performance-reviews/domain/exceptions/calibration-deadline-passed.exception.ts
FN:2,(anonymous_0)
FNF:1
FNH:0
FNDA:0,(anonymous_0)
DA:1,0
DA:3,0
DA:4,0
LF:3
LH:0
BRDA:2,0,0,0
BRF:1
BRH:0
end_of_record
TN:
SF:src/performance-reviews/domain/exceptions/calibration-session-not-found.exception.ts
FN:2,(anonymous_0)
FNF:1
FNH:0
FNDA:0,(anonymous_0)
DA:1,0
DA:3,0
DA:4,0
LF:3
LH:0
BRDA:2,0,0,0
BRF:1
BRH:0
end_of_record
TN:
SF:src/performance-reviews/domain/exceptions/final-score-locked.exception.ts
FN:9,(anonymous_0)
FNF:1
FNH:1
FNDA:5,(anonymous_0)
DA:1,12
DA:8,12
DA:10,5
DA:11,5
LF:4
LH:4
BRDA:9,0,0,0
BRDA:9,1,0,5
BRF:2
BRH:1
end_of_record
TN:
SF:src/performance-reviews/domain/exceptions/final-score-not-found.exception.ts
FN:2,(anonymous_0)
FNF:1
FNH:0
FNDA:0,(anonymous_0)
DA:1,0
DA:3,0
DA:4,0
LF:3
LH:0
BRDA:2,0,0,0
BRF:1
BRH:0
end_of_record
TN:
SF:src/performance-reviews/domain/exceptions/invalid-cycle-deadlines.exception.ts
FN:9,(anonymous_0)
FNF:1
FNH:0
FNDA:0,(anonymous_0)
DA:1,15
DA:8,15
DA:10,0
DA:11,0
LF:4
LH:2
BRDA:9,0,0,0
BRF:1
BRH:0
end_of_record
TN:
SF:src/performance-reviews/domain/exceptions/invalid-engineer-level.exception.ts
FN:9,(anonymous_0)
FNF:1
FNH:1
FNDA:7,(anonymous_0)
DA:1,15
DA:8,15
DA:10,7
DA:11,7
LF:4
LH:4
BRDA:9,0,0,7
BRF:1
BRH:1
end_of_record
TN:
SF:src/performance-reviews/domain/exceptions/invalid-pillar-score.exception.ts
FN:9,(anonymous_0)
FNF:1
FNH:1
FNDA:11,(anonymous_0)
DA:1,26
DA:8,26
DA:10,11
DA:11,11
LF:4
LH:4
BRDA:9,0,0,0
BRDA:9,1,0,11
BRF:2
BRH:1
end_of_record
TN:
SF:src/performance-reviews/domain/exceptions/invalid-review-cycle-id.exception.ts
FN:9,(anonymous_0)
FNF:1
FNH:1
FNDA:7,(anonymous_0)
DA:1,25
DA:8,25
DA:10,7
DA:11,7
LF:4
LH:4
BRDA:9,0,0,7
BRF:1
BRH:1
end_of_record
TN:
SF:src/performance-reviews/domain/exceptions/invalid-review-cycle-state.exception.ts
FN:9,(anonymous_0)
FNF:1
FNH:1
FNDA:24,(anonymous_0)
DA:1,15
DA:8,15
DA:10,24
DA:11,24
LF:4
LH:4
BRDA:9,0,0,24
BRF:1
BRH:1
end_of_record
TN:
SF:src/performance-reviews/domain/exceptions/invalid-review-cycle-status.exception.ts
FN:2,(anonymous_0)
FNF:1
FNH:0
FNDA:0,(anonymous_0)
DA:1,0
DA:3,0
DA:4,0
LF:3
LH:0
BRDA:2,0,0,0
BRF:1
BRH:0
end_of_record
TN:
SF:src/performance-reviews/domain/exceptions/invalid-review-status.exception.ts
FN:9,(anonymous_0)
FNF:1
FNH:0
FNDA:0,(anonymous_0)
DA:1,0
DA:8,0
DA:10,0
DA:11,0
LF:4
LH:0
BRDA:9,0,0,0
BRF:1
BRH:0
end_of_record
TN:
SF:src/performance-reviews/domain/exceptions/invalid-state-transition.exception.ts
FN:9,(anonymous_0)
FNF:1
FNH:0
FNDA:0,(anonymous_0)
DA:1,0
DA:8,0
DA:10,0
DA:11,0
LF:4
LH:0
BRDA:9,0,0,0
BRF:1
BRH:0
end_of_record
TN:
SF:src/performance-reviews/domain/exceptions/invalid-weighted-score.exception.ts
FN:9,(anonymous_0)
FNF:1
FNH:1
FNDA:7,(anonymous_0)
DA:1,13
DA:8,13
DA:10,7
DA:11,7
LF:4
LH:4
BRDA:9,0,0,0
BRDA:9,1,0,7
BRF:2
BRH:1
end_of_record
TN:
SF:src/performance-reviews/domain/exceptions/manager-eval-deadline-passed.exception.ts
FN:2,(anonymous_0)
FNF:1
FNH:0
FNDA:0,(anonymous_0)
DA:1,0
DA:3,0
DA:4,0
LF:3
LH:0
BRDA:2,0,0,0
BRF:1
BRH:0
end_of_record
TN:
SF:src/performance-reviews/domain/exceptions/manager-evaluation-already-submitted.exception.ts
FN:9,(anonymous_0)
FNF:1
FNH:1
FNDA:21,(anonymous_0)
DA:1,12
DA:8,12
DA:10,21
DA:11,21
LF:4
LH:4
BRDA:9,0,0,1
BRDA:9,1,0,21
BRF:2
BRH:2
end_of_record
TN:
SF:src/performance-reviews/domain/exceptions/manager-evaluation-not-found.exception.ts
FN:2,(anonymous_0)
FNF:1
FNH:0
FNDA:0,(anonymous_0)
DA:1,0
DA:3,0
DA:4,0
LF:3
LH:0
BRDA:2,0,0,0
BRF:1
BRH:0
end_of_record
TN:
SF:src/performance-reviews/domain/exceptions/narrative-exceeds-word-limit.exception.ts
FN:9,(anonymous_0)
FNF:1
FNH:1
FNDA:2,(anonymous_0)
DA:1,13
DA:8,13
DA:10,2
DA:11,2
LF:4
LH:4
BRDA:9,0,0,2
BRF:1
BRH:1
end_of_record
TN:
SF:src/performance-reviews/domain/exceptions/no-peer-feedback.exception.ts
FN:9,(anonymous_0)
FNF:1
FNH:1
FNDA:5,(anonymous_0)
DA:1,7
DA:8,7
DA:10,5
DA:11,5
LF:4
LH:4
BRDA:9,0,0,5
BRDA:9,1,0,5
BRF:2
BRH:2
end_of_record
TN:
SF:src/performance-reviews/domain/exceptions/peer-feedback-deadline-passed.exception.ts
FN:2,(anonymous_0)
FNF:1
FNH:0
FNDA:0,(anonymous_0)
DA:1,0
DA:3,0
DA:4,0
LF:3
LH:0
BRDA:2,0,0,0
BRF:1
BRH:0
end_of_record
TN:
SF:src/performance-reviews/domain/exceptions/peer-nomination-not-found.exception.ts
FN:2,(anonymous_0)
FNF:1
FNH:0
FNDA:0,(anonymous_0)
DA:1,0
DA:3,0
DA:4,0
LF:3
LH:0
BRDA:2,0,0,0
BRF:1
BRH:0
end_of_record
TN:
SF:src/performance-reviews/domain/exceptions/review-cycle-not-found.exception.ts
FN:2,(anonymous_0)
FNF:1
FNH:0
FNDA:0,(anonymous_0)
DA:1,0
DA:3,0
DA:4,0
LF:3
LH:0
BRDA:2,0,0,0
BRF:1
BRH:0
end_of_record
TN:
SF:src/performance-reviews/domain/exceptions/review-not-found.exception.ts
FN:9,(anonymous_0)
FNF:1
FNH:1
FNDA:64,(anonymous_0)
DA:1,14
DA:8,14
DA:10,64
DA:11,64
LF:4
LH:4
BRDA:9,0,0,0
BRDA:9,1,0,64
BRF:2
BRH:1
end_of_record
TN:
SF:src/performance-reviews/domain/exceptions/score-adjustment-request-not-found.exception.ts
FN:2,(anonymous_0)
FNF:1
FNH:0
FNDA:0,(anonymous_0)
DA:1,0
DA:3,0
DA:4,0
LF:3
LH:0
BRDA:2,0,0,0
BRF:1
BRH:0
end_of_record
TN:
SF:src/performance-reviews/domain/exceptions/self-review-already-submitted.exception.ts
FN:9,(anonymous_0)
FNF:1
FNH:1
FNDA:14,(anonymous_0)
DA:1,11
DA:8,11
DA:10,14
DA:11,14
LF:4
LH:4
BRDA:9,0,0,4
BRDA:9,1,0,14
BRF:2
BRH:2
end_of_record
TN:
SF:src/performance-reviews/domain/exceptions/self-review-deadline-passed.exception.ts
FN:2,(anonymous_0)
FNF:1
FNH:0
FNDA:0,(anonymous_0)
DA:1,0
DA:3,0
DA:4,0
LF:3
LH:0
BRDA:2,0,0,0
BRF:1
BRH:0
end_of_record
TN:
SF:src/performance-reviews/domain/exceptions/self-review-not-found.exception.ts
FN:2,(anonymous_0)
FNF:1
FNH:0
FNDA:0,(anonymous_0)
DA:1,0
DA:3,0
DA:4,0
LF:3
LH:0
BRDA:2,0,0,0
BRF:1
BRH:0
end_of_record
TN:
SF:src/performance-reviews/domain/exceptions/unauthorized-access.exception.ts
FN:2,(anonymous_0)
FNF:1
FNH:0
FNDA:0,(anonymous_0)
DA:1,0
DA:3,0
DA:4,0
LF:3
LH:0
BRDA:2,0,0,0
BRF:1
BRH:0
end_of_record
TN:
SF:src/performance-reviews/domain/exceptions/unauthorized-review-access.exception.ts
FN:9,(anonymous_0)
FNF:1
FNH:1
FNDA:4,(anonymous_0)
DA:1,6
DA:8,6
DA:10,4
DA:11,4
LF:4
LH:4
BRDA:9,0,0,0
BRDA:9,1,0,4
BRF:2
BRH:1
end_of_record
TN:
SF:src/performance-reviews/domain/services/final-score-calculation.service.ts
FN:17,(anonymous_2)
FN:19,(anonymous_3)
FNF:2
FNH:0
FNDA:0,(anonymous_2)
FNDA:0,(anonymous_3)
DA:1,1
DA:3,1
DA:4,1
DA:5,1
DA:16,1
DA:17,0
DA:21,0
DA:24,0
DA:30,0
LF:9
LH:5
BRDA:21,0,0,0
BRDA:21,0,1,0
BRDA:21,0,2,0
BRF:3
BRH:0
end_of_record
TN:
SF:src/performance-reviews/domain/services/peer-feedback-aggregation.service.ts
FN:42,(anonymous_0)
FN:56,(anonymous_1)
FN:83,(anonymous_2)
FN:95,(anonymous_3)
FN:109,(anonymous_4)
FN:110,(anonymous_5)
FN:111,(anonymous_6)
FN:138,(anonymous_7)
FNF:8
FNH:8
FNDA:17,(anonymous_0)
FNDA:123,(anonymous_1)
FNDA:10,(anonymous_2)
FNDA:13,(anonymous_3)
FNDA:7,(anonymous_4)
FNDA:5,(anonymous_5)
FNDA:5,(anonymous_6)
FNDA:1,(anonymous_7)
DA:2,2
DA:3,2
DA:35,2
DA:43,17
DA:44,3
DA:48,14
DA:56,14
DA:57,123
DA:58,123
DA:59,123
DA:60,123
DA:61,123
DA:62,123
DA:65,14
DA:68,14
DA:84,10
DA:85,2
DA:88,8
DA:91,8
DA:92,8
DA:93,8
DA:95,8
DA:96,13
DA:97,7
DA:99,13
DA:100,5
DA:102,13
DA:103,5
DA:108,8
DA:109,8
DA:110,8
DA:111,8
DA:113,8
DA:139,1
LF:34
LH:34
BRDA:43,0,0,3
BRDA:43,1,0,17
BRDA:43,1,1,15
BRDA:84,2,0,2
BRDA:84,3,0,10
BRDA:84,3,1,9
BRDA:96,4,0,7
BRDA:99,5,0,5
BRDA:102,6,0,5
BRF:9
BRH:9
end_of_record
TN:
SF:src/performance-reviews/domain/services/review-authorization.service.ts
FN:33,(anonymous_0)
FN:59,(anonymous_1)
FN:80,(anonymous_2)
FN:99,(anonymous_3)
FN:113,(anonymous_4)
FN:125,(anonymous_5)
FN:151,(anonymous_6)
FN:152,(anonymous_7)
FNF:8
FNH:0
FNDA:0,(anonymous_0)
FNDA:0,(anonymous_1)
FNDA:0,(anonymous_2)
FNDA:0,(anonymous_3)
FNDA:0,(anonymous_4)
FNDA:0,(anonymous_5)
FNDA:0,(anonymous_6)
FNDA:0,(anonymous_7)
DA:24,0
DA:35,0
DA:36,0
DA:40,0
DA:41,0
DA:49,0
DA:61,0
DA:62,0
DA:66,0
DA:67,0
DA:70,0
DA:82,0
DA:83,0
DA:87,0
DA:88,0
DA:91,0
DA:101,0
DA:102,0
DA:105,0
DA:114,0
DA:131,0
DA:132,0
DA:136,0
DA:137,0
DA:141,0
DA:142,0
DA:145,0
DA:152,0
LF:28
LH:0
BRDA:35,0,0,0
BRDA:40,1,0,0
BRDA:61,2,0,0
BRDA:66,3,0,0
BRDA:66,4,0,0
BRDA:66,4,1,0
BRDA:82,5,0,0
BRDA:87,6,0,0
BRDA:101,7,0,0
BRDA:101,8,0,0
BRDA:101,8,1,0
BRDA:128,9,0,0
BRDA:131,10,0,0
BRDA:136,11,0,0
BRDA:136,12,0,0
BRDA:136,12,1,0
BRDA:141,13,0,0
BRF:17
BRH:0
end_of_record
TN:
SF:src/performance-reviews/domain/services/score-calculation.service.ts
FN:74,(anonymous_0)
FN:95,(anonymous_1)
FN:107,(anonymous_2)
FNF:3
FNH:3
FNDA:30,(anonymous_0)
FNDA:30,(anonymous_1)
FNDA:9,(anonymous_2)
DA:3,2
DA:24,2
DA:30,2
DA:78,30
DA:81,29
DA:87,29
DA:96,30
DA:97,30
DA:98,1
DA:100,29
DA:108,9
LF:11
LH:11
BRDA:97,0,0,1
BRF:1
BRH:1
end_of_record
TN:
SF:src/performance-reviews/domain/value-objects/bonus-tier.vo.ts
FN:19,(anonymous_0)
FN:46,(anonymous_1)
FN:59,(anonymous_2)
FN:68,(anonymous_3)
FN:80,(anonymous_4)
FN:88,(anonymous_5)
FN:96,(anonymous_6)
FN:104,(anonymous_7)
FNF:8
FNH:8
FNDA:30,(anonymous_0)
FNDA:381,(anonymous_1)
FNDA:373,(anonymous_2)
FNDA:458,(anonymous_3)
FNDA:5,(anonymous_4)
FNDA:5,(anonymous_5)
FNDA:5,(anonymous_6)
FNDA:3,(anonymous_7)
DA:13,10
DA:14,10
DA:15,10
DA:20,30
DA:27,10
DA:33,10
DA:39,10
DA:47,381
DA:48,57
DA:50,324
DA:51,309
DA:53,15
DA:60,373
DA:69,458
DA:70,2
DA:73,456
DA:81,5
DA:89,5
DA:97,5
DA:105,3
LF:20
LH:20
BRDA:47,0,0,57
BRDA:50,1,0,309
BRDA:69,2,0,2
BRF:3
BRH:3
end_of_record
TN:
SF:src/performance-reviews/domain/value-objects/calibration-session-id.vo.ts
FN:9,(anonymous_0)
FN:15,(anonymous_1)
FN:19,(anonymous_2)
FN:23,(anonymous_3)
FN:27,(anonymous_4)
FN:31,(anonymous_5)
FNF:6
FNH:0
FNDA:0,(anonymous_0)
FNDA:0,(anonymous_1)
FNDA:0,(anonymous_2)
FNDA:0,(anonymous_3)
FNDA:0,(anonymous_4)
FNDA:0,(anonymous_5)
DA:1,0
DA:8,0
DA:9,0
DA:10,0
DA:11,0
DA:16,0
DA:20,0
DA:24,0
DA:28,0
DA:32,0
LF:10
LH:0
BRDA:10,0,0,0
BRDA:10,1,0,0
BRDA:10,1,1,0
BRDA:20,2,0,0
BRDA:20,2,1,0
BRF:5
BRH:0
end_of_record
TN:
SF:src/performance-reviews/domain/value-objects/cycle-deadlines.vo.ts
FN:16,(anonymous_0)
FN:32,(anonymous_1)
FN:52,(anonymous_2)
FN:75,(anonymous_3)
FN:82,(anonymous_4)
FN:89,(anonymous_5)
FN:96,(anonymous_6)
FN:103,(anonymous_7)
FN:112,(anonymous_8)
FN:122,(anonymous_9)
FNF:10
FNH:9
FNDA:335,(anonymous_0)
FNDA:335,(anonymous_1)
FNDA:335,(anonymous_2)
FNDA:35,(anonymous_3)
FNDA:2,(anonymous_4)
FNDA:6,(anonymous_5)
FNDA:2,(anonymous_6)
FNDA:2,(anonymous_7)
FNDA:47,(anonymous_8)
FNDA:0,(anonymous_9)
DA:1,10
DA:15,10
DA:17,335
DA:18,335
DA:19,335
DA:20,335
DA:21,335
DA:23,335
DA:39,335
DA:53,335
DA:61,335
DA:62,1340
DA:63,1340
DA:64,1340
DA:65,0
DA:76,35
DA:83,2
DA:90,6
DA:97,2
DA:104,2
DA:113,47
DA:114,47
DA:115,47
DA:129,0
LF:24
LH:22
BRDA:64,0,0,0
BRF:1
BRH:0
end_of_record
TN:
SF:src/performance-reviews/domain/value-objects/engineer-level.vo.ts
FN:19,(anonymous_0)
FN:59,(anonymous_1)
FN:82,(anonymous_2)
FN:91,(anonymous_3)
FN:98,(anonymous_4)
FN:107,(anonymous_5)
FN:119,(anonymous_6)
FN:127,(anonymous_7)
FN:135,(anonymous_8)
FN:143,(anonymous_9)
FN:151,(anonymous_10)
FN:159,(anonymous_11)
FNF:12
FNH:12
FNDA:235,(anonymous_0)
FNDA:187,(anonymous_1)
FNDA:143,(anonymous_2)
FNDA:184,(anonymous_3)
FNDA:97,(anonymous_4)
FNDA:4,(anonymous_5)
FNDA:2,(anonymous_6)
FNDA:2,(anonymous_7)
FNDA:2,(anonymous_8)
FNDA:2,(anonymous_9)
FNDA:2,(anonymous_10)
FNDA:1,(anonymous_11)
DA:1,11
DA:15,11
DA:16,11
DA:20,235
DA:27,11
DA:33,11
DA:39,11
DA:45,11
DA:51,11
DA:60,187
DA:61,3
DA:64,184
DA:66,184
DA:67,4
DA:68,4
DA:73,180
DA:83,143
DA:92,184
DA:99,97
DA:108,4
DA:109,2
DA:112,2
DA:120,2
DA:128,2
DA:136,2
DA:144,2
DA:152,2
DA:160,1
LF:28
LH:28
BRDA:60,0,0,3
BRDA:60,1,0,187
BRDA:60,1,1,184
BRDA:66,2,0,4
BRDA:108,3,0,2
BRF:5
BRH:5
end_of_record
TN:
SF:src/performance-reviews/domain/value-objects/final-score-id.vo.ts
FN:9,(anonymous_0)
FN:15,(anonymous_1)
FN:19,(anonymous_2)
FN:23,(anonymous_3)
FN:27,(anonymous_4)
FN:31,(anonymous_5)
FN:35,(anonymous_6)
FNF:7
FNH:4
FNDA:524,(anonymous_0)
FNDA:133,(anonymous_1)
FNDA:484,(anonymous_2)
FNDA:40,(anonymous_3)
FNDA:0,(anonymous_4)
FNDA:0,(anonymous_5)
FNDA:0,(anonymous_6)
DA:1,7
DA:8,7
DA:9,524
DA:10,524
DA:11,0
DA:16,133
DA:20,484
DA:24,40
DA:28,0
DA:32,0
DA:36,0
LF:11
LH:7
BRDA:10,0,0,0
BRDA:10,1,0,524
BRDA:10,1,1,524
BRDA:28,2,0,0
BRDA:28,2,1,0
BRF:5
BRH:2
end_of_record
TN:
SF:src/performance-reviews/domain/value-objects/manager-evaluation-id.vo.ts
FN:9,(anonymous_0)
FN:15,(anonymous_1)
FN:19,(anonymous_2)
FN:23,(anonymous_3)
FN:27,(anonymous_4)
FN:31,(anonymous_5)
FN:35,(anonymous_6)
FNF:7
FNH:4
FNDA:522,(anonymous_0)
FNDA:154,(anonymous_1)
FNDA:0,(anonymous_2)
FNDA:49,(anonymous_3)
FNDA:473,(anonymous_4)
FNDA:0,(anonymous_5)
FNDA:0,(anonymous_6)
DA:1,7
DA:8,7
DA:9,522
DA:10,522
DA:11,0
DA:16,154
DA:20,0
DA:24,49
DA:28,473
DA:32,0
DA:36,0
LF:11
LH:7
BRDA:10,0,0,0
BRDA:10,1,0,522
BRDA:10,1,1,522
BRDA:20,2,0,0
BRDA:20,2,1,0
BRF:5
BRH:2
end_of_record
TN:
SF:src/performance-reviews/domain/value-objects/narrative.vo.ts
FN:20,(anonymous_0)
FN:35,(anonymous_1)
FN:48,(anonymous_2)
FN:57,(anonymous_3)
FN:61,(anonymous_4)
FN:67,(anonymous_5)
FN:74,(anonymous_6)
FN:83,(anonymous_7)
FN:95,(anonymous_8)
FNF:9
FNH:9
FNDA:406,(anonymous_0)
FNDA:406,(anonymous_1)
FNDA:372,(anonymous_2)
FNDA:406,(anonymous_3)
FNDA:6301,(anonymous_4)
FNDA:94,(anonymous_5)
FNDA:54,(anonymous_6)
FNDA:4,(anonymous_7)
FNDA:1,(anonymous_8)
DA:1,9
DA:15,9
DA:16,9
DA:21,406
DA:22,406
DA:24,406
DA:25,2
DA:36,406
DA:37,18
DA:39,388
DA:49,372
DA:58,406
DA:59,20
DA:61,6301
DA:68,94
DA:75,54
DA:84,4
DA:85,2
DA:88,2
DA:96,1
LF:20
LH:20
BRDA:24,0,0,2
BRDA:36,1,0,18
BRDA:36,2,0,406
BRDA:36,2,1,388
BRDA:58,3,0,20
BRDA:58,4,0,406
BRDA:58,4,1,386
BRDA:84,5,0,2
BRF:8
BRH:8
end_of_record
TN:
SF:src/performance-reviews/domain/value-objects/peer-feedback-id.vo.ts
FN:12,(anonymous_0)
FN:19,(anonymous_1)
FN:26,(anonymous_2)
FN:33,(anonymous_3)
FN:40,(anonymous_4)
FNF:5
FNH:2
FNDA:181,(anonymous_0)
FNDA:181,(anonymous_1)
FNDA:0,(anonymous_2)
FNDA:0,(anonymous_3)
FNDA:0,(anonymous_4)
DA:1,4
DA:9,4
DA:13,181
DA:20,181
DA:27,0
DA:34,0
DA:41,0
DA:42,0
LF:8
LH:4
BRDA:41,0,0,0
BRF:1
BRH:0
end_of_record
TN:
SF:src/performance-reviews/domain/value-objects/peer-nomination-id.vo.ts
FN:9,(anonymous_0)
FN:15,(anonymous_1)
FN:19,(anonymous_2)
FN:23,(anonymous_3)
FN:27,(anonymous_4)
FN:31,(anonymous_5)
FN:35,(anonymous_6)
FNF:7
FNH:0
FNDA:0,(anonymous_0)
FNDA:0,(anonymous_1)
FNDA:0,(anonymous_2)
FNDA:0,(anonymous_3)
FNDA:0,(anonymous_4)
FNDA:0,(anonymous_5)
FNDA:0,(anonymous_6)
DA:1,0
DA:8,0
DA:9,0
DA:10,0
DA:11,0
DA:16,0
DA:20,0
DA:24,0
DA:28,0
DA:32,0
DA:36,0
LF:11
LH:0
BRDA:10,0,0,0
BRDA:10,1,0,0
BRDA:10,1,1,0
BRDA:28,2,0,0
BRDA:28,2,1,0
BRF:5
BRH:0
end_of_record
TN:
SF:src/performance-reviews/domain/value-objects/pillar-score.vo.ts
FN:18,(anonymous_0)
FN:34,(anonymous_1)
FN:41,(anonymous_2)
FN:50,(anonymous_3)
FN:62,(anonymous_4)
FNF:5
FNH:5
FNDA:8474,(anonymous_0)
FNDA:8474,(anonymous_1)
FNDA:2272,(anonymous_2)
FNDA:10,(anonymous_3)
FNDA:1,(anonymous_4)
DA:1,22
DA:15,22
DA:19,8474
DA:20,5
DA:22,8469
DA:23,6
DA:25,8463
DA:35,8474
DA:42,2272
DA:51,10
DA:52,2
DA:55,8
DA:63,1
LF:13
LH:13
BRDA:19,0,0,5
BRDA:22,1,0,6
BRDA:22,2,0,8469
BRDA:22,2,1,8466
BRDA:51,3,0,2
BRF:5
BRH:5
end_of_record
TN:
SF:src/performance-reviews/domain/value-objects/pillar-scores.vo.ts
FN:16,(anonymous_0)
FN:29,(anonymous_1)
FN:48,(anonymous_2)
FN:55,(anonymous_3)
FN:62,(anonymous_4)
FN:69,(anonymous_5)
FN:76,(anonymous_6)
FN:84,(anonymous_7)
FN:104,(anonymous_8)
FN:119,(anonymous_9)
FNF:10
FNH:10
FNDA:1690,(anonymous_0)
FNDA:1692,(anonymous_1)
FNDA:233,(anonymous_2)
FNDA:223,(anonymous_3)
FNDA:220,(anonymous_4)
FNDA:220,(anonymous_5)
FNDA:220,(anonymous_6)
FNDA:231,(anonymous_7)
FNDA:33,(anonymous_8)
FNDA:4,(anonymous_9)
DA:1,21
DA:15,21
DA:17,1690
DA:18,1690
DA:19,1690
DA:20,1690
DA:21,1690
DA:36,1692
DA:49,233
DA:56,223
DA:63,220
DA:70,220
DA:77,220
DA:91,231
DA:111,33
DA:120,4
DA:121,2
DA:124,2
LF:18
LH:18
BRDA:120,0,0,2
BRDA:125,1,0,2
BRDA:125,1,1,1
BRDA:125,1,2,1
BRDA:125,1,3,1
BRDA:125,1,4,1
BRF:6
BRH:6
end_of_record
TN:
SF:src/performance-reviews/domain/value-objects/review-cycle-id.vo.ts
FN:19,(anonymous_0)
FN:27,(anonymous_1)
FN:37,(anonymous_2)
FN:57,(anonymous_3)
FN:66,(anonymous_4)
FN:74,(anonymous_5)
FN:83,(anonymous_6)
FN:95,(anonymous_7)
FNF:8
FNH:8
FNDA:1141,(anonymous_0)
FNDA:984,(anonymous_1)
FNDA:164,(anonymous_2)
FNDA:150,(anonymous_3)
FNDA:161,(anonymous_4)
FNDA:404,(anonymous_5)
FNDA:4,(anonymous_6)
FNDA:1,(anonymous_7)
DA:1,21
DA:2,21
DA:16,21
DA:20,1141
DA:28,984
DA:38,164
DA:39,3
DA:42,161
DA:44,161
DA:45,4
DA:48,157
DA:58,150
DA:67,161
DA:68,161
DA:75,404
DA:84,4
DA:85,2
DA:88,2
DA:96,1
LF:19
LH:19
BRDA:38,0,0,3
BRDA:38,1,0,164
BRDA:38,1,1,161
BRDA:44,2,0,4
BRDA:84,3,0,2
BRF:5
BRH:5
end_of_record
TN:
[...]
FN:12,(anonymous_0)
FN:19,(anonymous_1)
FN:26,(anonymous_2)
FN:33,(anonymous_3)
FN:40,(anonymous_4)
FNF:5
FNH:3
FNDA:344,(anonymous_0)
FNDA:344,(anonymous_1)
FNDA:0,(anonymous_2)
FNDA:57,(anonymous_3)
FNDA:0,(anonymous_4)
DA:1,6
DA:9,6
DA:13,344
DA:20,344
DA:27,0
DA:34,57
DA:41,0
DA:42,0
LF:8
LH:5
BRDA:41,0,0,0
BRF:1
BRH:0
end_of_record
TN:
SF:src/performance-reviews/domain/value-objects/user-id.vo.ts
FN:2,(anonymous_0)
FNF:1
FNH:0
FNDA:0,(anonymous_0)
DA:2,0
LF:1
LH:0
BRF:0
BRH:0
end_of_record
TN:
SF:src/performance-reviews/domain/value-objects/weighted-score.vo.ts
FN:20,(anonymous_0)
FN:36,(anonymous_1)
FN:43,(anonymous_2)
FN:51,(anonymous_3)
FN:59,(anonymous_4)
FN:68,(anonymous_5)
FN:80,(anonymous_6)
FNF:7
FNH:7
FNDA:576,(anonymous_0)
FNDA:576,(anonymous_1)
FNDA:388,(anonymous_2)
FNDA:728,(anonymous_3)
FNDA:367,(anonymous_4)
FNDA:4,(anonymous_5)
FNDA:1,(anonymous_6)
DA:1,9
DA:2,9
DA:17,9
DA:21,576
DA:22,3
DA:24,573
DA:25,4
DA:27,569
DA:37,576
DA:44,388
DA:52,728
DA:60,367
DA:69,4
DA:70,2
DA:73,2
DA:81,1
LF:16
LH:16
BRDA:21,0,0,3
BRDA:21,1,0,576
BRDA:21,1,1,575
BRDA:21,1,2,574
BRDA:24,2,0,4
BRDA:24,3,0,573
BRDA:24,3,1,571
BRDA:69,4,0,2
BRF:8
BRH:8
end_of_record
TN:
SF:src/performance-reviews/infrastructure/persistence/mappers/final-score.mapper.ts
FN:28,(anonymous_0)
FN:87,(anonymous_1)
FNF:2
FNH:0
FNDA:0,(anonymous_0)
FNDA:0,(anonymous_1)
DA:2,0
DA:3,0
DA:4,0
DA:5,0
DA:6,0
DA:7,0
DA:22,0
DA:29,0
DA:37,0
DA:40,0
DA:41,0
DA:48,0
DA:57,0
DA:73,0
DA:74,0
DA:75,0
DA:76,0
DA:77,0
DA:79,0
DA:88,0
LF:20
LH:0
BRDA:41,0,0,0
BRDA:42,1,0,0
BRDA:42,1,1,0
BRDA:42,1,2,0
BRDA:42,1,3,0
BRDA:42,1,4,0
BRDA:63,2,0,0
BRDA:63,2,1,0
BRDA:65,3,0,0
BRDA:65,3,1,0
BRDA:66,4,0,0
BRDA:66,4,1,0
BRDA:67,5,0,0
BRDA:67,5,1,0
BRDA:68,6,0,0
BRDA:68,6,1,0
BRDA:69,7,0,0
BRDA:69,7,1,0
BRDA:75,8,0,0
BRDA:75,8,1,0
BRDA:77,9,0,0
BRDA:77,9,1,0
BRDA:102,10,0,0
BRDA:102,10,1,0
BRDA:103,11,0,0
BRDA:103,11,1,0
BRDA:104,12,0,0
BRDA:104,12,1,0
BRDA:105,13,0,0
BRDA:105,13,1,0
BRDA:106,14,0,0
BRDA:106,14,1,0
BRDA:109,15,0,0
BRDA:109,15,1,0
BRDA:111,16,0,0
BRDA:111,16,1,0
BRDA:112,17,0,0
BRDA:112,17,1,0
BRDA:113,18,0,0
BRDA:113,18,1,0
BRF:40
BRH:0
end_of_record
TN:
SF:src/performance-reviews/infrastructure/persistence/mappers/manager-evaluation.mapper.ts
FN:26,(anonymous_0)
FN:63,(anonymous_1)
FNF:2
FNH:0
FNDA:0,(anonymous_0)
FNDA:0,(anonymous_1)
DA:2,0
DA:3,0
DA:4,0
DA:5,0
DA:6,0
DA:20,0
DA:27,0
DA:35,0
DA:50,0
DA:51,0
DA:52,0
DA:53,0
DA:55,0
DA:64,0
LF:14
LH:0
BRDA:52,0,0,0
BRDA:52,0,1,0
BRDA:53,1,0,0
BRDA:53,1,1,0
BRDA:79,2,0,0
BRDA:79,2,1,0
BRDA:80,3,0,0
BRDA:80,3,1,0
BRF:8
BRH:0
end_of_record
TN:
SF:src/performance-reviews/infrastructure/persistence/mappers/peer-feedback.mapper.ts
FN:26,(anonymous_0)
FN:58,(anonymous_1)
FNF:2
FNH:0
FNDA:0,(anonymous_0)
FNDA:0,(anonymous_1)
DA:2,0
DA:3,0
DA:4,0
DA:5,0
DA:6,0
DA:20,0
DA:27,0
DA:35,0
DA:47,0
DA:48,0
DA:50,0
DA:59,0
LF:12
LH:0
BRDA:41,0,0,0
BRDA:41,0,1,0
BRDA:42,1,0,0
BRDA:42,1,1,0
BRDA:43,2,0,0
BRDA:43,2,1,0
BRDA:69,3,0,0
BRDA:69,3,1,0
BRDA:70,4,0,0
BRDA:70,4,1,0
BRDA:71,5,0,0
BRDA:71,5,1,0
BRDA:72,6,0,0
BRDA:72,6,1,0
BRF:14
BRH:0
end_of_record
TN:
SF:src/performance-reviews/infrastructure/persistence/mappers/review-cycle.mapper.ts
FN:23,(anonymous_0)
FN:53,(anonymous_1)
FNF:2
FNH:0
FNDA:0,(anonymous_0)
FNDA:0,(anonymous_1)
DA:2,0
DA:3,0
DA:4,0
DA:17,0
DA:24,0
DA:32,0
DA:41,0
DA:42,0
DA:43,0
DA:45,0
DA:54,0
LF:11
LH:0
BRDA:43,0,0,0
BRDA:43,0,1,0
BRDA:65,1,0,0
BRDA:65,1,1,0
BRF:4
BRH:0
end_of_record
TN:
SF:src/performance-reviews/infrastructure/persistence/mappers/self-review.mapper.ts
FN:28,(anonymous_0)
FN:60,(anonymous_1)
FNF:2
FNH:0
FNDA:0,(anonymous_0)
FNDA:0,(anonymous_1)
DA:2,0
DA:3,0
DA:4,0
DA:5,0
DA:6,0
DA:7,0
DA:8,0
DA:22,0
DA:29,0
DA:37,0
DA:39,0
DA:48,0
DA:49,0
DA:50,0
DA:52,0
DA:61,0
LF:16
LH:0
BRDA:50,0,0,0
BRDA:50,0,1,0
BRDA:72,1,0,0
BRDA:72,1,1,0
BRF:4
BRH:0
end_of_record
TN:
SF:src/performance-reviews/infrastructure/persistence/repositories/prisma-calibration-adjustment.repository.ts
FN:18,(anonymous_2)
FN:20,(anonymous_3)
FN:25,(anonymous_4)
FN:30,(anonymous_5)
FNF:4
FNH:0
FNDA:0,(anonymous_2)
FNDA:0,(anonymous_3)
FNDA:0,(anonymous_4)
FNDA:0,(anonymous_5)
DA:1,0
DA:2,0
DA:16,0
DA:18,0
DA:22,0
DA:27,0
DA:32,0
LF:7
LH:0
BRF:0
BRH:0
end_of_record
TN:
SF:src/performance-reviews/infrastructure/persistence/repositories/prisma-calibration-session.repository.ts
FN:23,(anonymous_2)
FN:30,(anonymous_3)
FN:43,(anonymous_4)
FN:49,(anonymous_5)
FN:58,(anonymous_6)
FN:67,(anonymous_7)
FN:75,(anonymous_8)
FN:108,(anonymous_9)
FN:119,(anonymous_10)
FNF:9
FNH:0
FNDA:0,(anonymous_2)
FNDA:0,(anonymous_3)
FNDA:0,(anonymous_4)
FNDA:0,(anonymous_5)
FNDA:0,(anonymous_6)
FNDA:0,(anonymous_7)
FNDA:0,(anonymous_8)
FNDA:0,(anonymous_9)
FNDA:0,(anonymous_10)
DA:1,0
DA:3,0
DA:4,0
DA:5,0
DA:22,0
DA:23,0
DA:31,0
DA:35,0
DA:44,0
DA:49,0
DA:59,0
DA:67,0
DA:76,0
DA:101,0
DA:109,0
DA:120,0
LF:16
LH:0
BRDA:35,0,0,0
BRDA:35,0,1,0
BRDA:82,1,0,0
BRDA:82,1,1,0
BRDA:86,2,0,0
BRDA:86,2,1,0
BRDA:88,3,0,0
BRDA:88,3,1,0
BRDA:92,4,0,0
BRDA:92,4,1,0
BRDA:95,5,0,0
BRDA:95,5,1,0
BRDA:97,6,0,0
BRDA:97,6,1,0
BRDA:124,7,0,0
BRDA:124,7,1,0
BRDA:128,8,0,0
BRDA:128,8,1,0
BRDA:130,9,0,0
BRDA:130,9,1,0
BRF:20
BRH:0
end_of_record
TN:
SF:src/performance-reviews/infrastructure/persistence/repositories/prisma-final-score.repository.ts
FN:25,(anonymous_2)
FN:32,(anonymous_3)
FN:46,(anonymous_4)
FN:66,(anonymous_5)
FN:75,(anonymous_6)
FN:81,(anonymous_7)
FN:90,(anonymous_8)
FN:100,(anonymous_9)
FN:108,(anonymous_10)
FN:124,(anonymous_11)
FNF:10
FNH:0
FNDA:0,(anonymous_2)
FNDA:0,(anonymous_3)
FNDA:0,(anonymous_4)
FNDA:0,(anonymous_5)
FNDA:0,(anonymous_6)
FNDA:0,(anonymous_7)
FNDA:0,(anonymous_8)
FNDA:0,(anonymous_9)
FNDA:0,(anonymous_10)
FNDA:0,(anonymous_11)
DA:1,0
DA:7,0
DA:8,0
DA:24,0
DA:25,0
DA:33,0
DA:37,0
DA:47,0
DA:57,0
DA:67,0
DA:76,0
DA:81,0
DA:91,0
DA:100,0
DA:109,0
DA:111,0
DA:117,0
DA:125,0
LF:18
LH:0
BRDA:37,0,0,0
BRDA:37,0,1,0
BRDA:57,1,0,0
BRDA:57,1,1,0
BRF:4
BRH:0
end_of_record
TN:
SF:src/performance-reviews/infrastructure/persistence/repositories/prisma-manager-evaluation.repository.ts
FN:24,(anonymous_2)
FN:31,(anonymous_3)
FN:45,(anonymous_4)
FN:65,(anonymous_5)
FN:75,(anonymous_6)
FN:83,(anonymous_7)
FN:89,(anonymous_8)
FN:97,(anonymous_9)
FN:113,(anonymous_10)
FNF:9
FNH:0
FNDA:0,(anonymous_2)
FNDA:0,(anonymous_3)
FNDA:0,(anonymous_4)
FNDA:0,(anonymous_5)
FNDA:0,(anonymous_6)
FNDA:0,(anonymous_7)
FNDA:0,(anonymous_8)
FNDA:0,(anonymous_9)
FNDA:0,(anonymous_10)
DA:1,0
DA:6,0
DA:7,0
DA:23,0
DA:24,0
DA:32,0
DA:36,0
DA:46,0
DA:56,0
DA:66,0
DA:75,0
DA:84,0
DA:89,0
DA:98,0
DA:100,0
DA:106,0
DA:114,0
LF:17
LH:0
BRDA:36,0,0,0
BRDA:36,0,1,0
BRDA:56,1,0,0
BRDA:56,1,1,0
BRF:4
BRH:0
end_of_record
TN:
SF:src/performance-reviews/infrastructure/persistence/repositories/prisma-peer-feedback.repository.ts
FN:25,(anonymous_2)
FN:32,(anonymous_3)
FN:46,(anonymous_4)
FN:56,(anonymous_5)
FN:65,(anonymous_6)
FN:75,(anonymous_7)
FN:85,(anonymous_8)
FN:93,(anonymous_9)
FN:109,(anonymous_10)
FNF:9
FNH:0
FNDA:0,(anonymous_2)
FNDA:0,(anonymous_3)
FNDA:0,(anonymous_4)
FNDA:0,(anonymous_5)
FNDA:0,(anonymous_6)
FNDA:0,(anonymous_7)
FNDA:0,(anonymous_8)
FNDA:0,(anonymous_9)
FNDA:0,(anonymous_10)
DA:1,0
DA:7,0
DA:8,0
DA:24,0
DA:25,0
DA:33,0
DA:37,0
DA:47,0
DA:56,0
DA:66,0
DA:76,0
DA:85,0
DA:94,0
DA:96,0
DA:102,0
DA:110,0
LF:16
LH:0
BRDA:37,0,0,0
BRDA:37,0,1,0
BRF:2
BRH:0
end_of_record
TN:
SF:src/performance-reviews/infrastructure/persistence/repositories/prisma-peer-nomination.repository.ts
FN:23,(anonymous_2)
FN:30,(anonymous_3)
FN:44,(anonymous_4)
FN:53,(anonymous_5)
FN:62,(anonymous_6)
FN:71,(anonymous_7)
FN:79,(anonymous_8)
FN:106,(anonymous_9)
FN:117,(anonymous_10)
FNF:9
FNH:0
FNDA:0,(anonymous_2)
FNDA:0,(anonymous_3)
FNDA:0,(anonymous_4)
FNDA:0,(anonymous_5)
FNDA:0,(anonymous_6)
FNDA:0,(anonymous_7)
FNDA:0,(anonymous_8)
FNDA:0,(anonymous_9)
FNDA:0,(anonymous_10)
DA:1,0
DA:3,0
DA:4,0
DA:5,0
DA:22,0
DA:23,0
DA:31,0
DA:35,0
DA:45,0
DA:53,0
DA:63,0
DA:71,0
DA:80,0
DA:99,0
DA:107,0
DA:118,0
LF:16
LH:0
BRDA:35,0,0,0
BRDA:35,0,1,0
BRDA:88,1,0,0
BRDA:88,1,1,0
BRDA:90,2,0,0
BRDA:90,2,1,0
BRDA:94,3,0,0
BRDA:94,3,1,0
BRDA:95,4,0,0
BRDA:95,4,1,0
BRDA:124,5,0,0
BRDA:124,5,1,0
BRDA:126,6,0,0
BRDA:126,6,1,0
BRF:14
BRH:0
end_of_record
TN:
SF:src/performance-reviews/infrastructure/persistence/repositories/prisma-review-cycle.repository.ts
FN:23,(anonymous_2)
FN:30,(anonymous_3)
FN:43,(anonymous_4)
FN:49,(anonymous_5)
FN:56,(anonymous_6)
FN:69,(anonymous_7)
FN:85,(anonymous_8)
FNF:7
FNH:0
FNDA:0,(anonymous_2)
FNDA:0,(anonymous_3)
FNDA:0,(anonymous_4)
FNDA:0,(anonymous_5)
FNDA:0,(anonymous_6)
FNDA:0,(anonymous_7)
FNDA:0,(anonymous_8)
DA:1,0
DA:5,0
DA:6,0
DA:22,0
DA:23,0
DA:31,0
DA:35,0
DA:44,0
DA:49,0
DA:57,0
DA:61,0
DA:70,0
DA:72,0
DA:78,0
DA:86,0
LF:15
LH:0
BRDA:35,0,0,0
BRDA:35,0,1,0
BRDA:61,1,0,0
BRDA:61,1,1,0
BRF:4
BRH:0
end_of_record
TN:
SF:src/performance-reviews/infrastructure/persistence/repositories/prisma-score-adjustment-request.repository.ts
FN:24,(anonymous_2)
FN:31,(anonymous_3)
FN:43,(anonymous_4)
FN:49,(anonymous_5)
FN:58,(anonymous_6)
FN:67,(anonymous_7)
FN:75,(anonymous_8)
FN:110,(anonymous_9)
FN:121,(anonymous_10)
FN:142,(anonymous_11)
FN:148,(anonymous_12)
FNF:11
FNH:0
FNDA:0,(anonymous_2)
FNDA:0,(anonymous_3)
FNDA:0,(anonymous_4)
FNDA:0,(anonymous_5)
FNDA:0,(anonymous_6)
FNDA:0,(anonymous_7)
FNDA:0,(anonymous_8)
FNDA:0,(anonymous_9)
FNDA:0,(anonymous_10)
FNDA:0,(anonymous_11)
FNDA:0,(anonymous_12)
DA:1,0
DA:3,0
DA:4,0
DA:5,0
DA:6,0
DA:23,0
DA:24,0
DA:32,0
DA:36,0
DA:44,0
DA:49,0
DA:59,0
DA:67,0
DA:76,0
DA:103,0
DA:111,0
DA:122,0
DA:130,0
DA:143,0
DA:144,0
DA:145,0
DA:146,0
DA:149,0
DA:150,0
DA:151,0
DA:152,0
DA:156,0
LF:27
LH:0
BRDA:36,0,0,0
BRDA:36,0,1,0
BRDA:83,1,0,0
BRDA:83,1,1,0
BRDA:92,2,0,0
BRDA:92,2,1,0
BRDA:93,3,0,0
BRDA:93,3,1,0
BRDA:96,4,0,0
BRDA:96,4,1,0
BRDA:98,5,0,0
BRDA:98,5,1,0
BRDA:99,6,0,0
BRDA:99,6,1,0
BRDA:135,7,0,0
BRDA:135,7,1,0
BRDA:140,8,0,0
BRDA:140,8,1,0
BRDA:141,9,0,0
BRDA:141,9,1,0
BRF:20
BRH:0
end_of_record
TN:
SF:src/performance-reviews/infrastructure/persistence/repositories/prisma-self-review.repository.ts
FN:25,(anonymous_2)
FN:32,(anonymous_3)
FN:46,(anonymous_4)
FN:65,(anonymous_5)
FN:71,(anonymous_6)
FN:79,(anonymous_7)
FN:95,(anonymous_8)
FNF:7
FNH:0
FNDA:0,(anonymous_2)
FNDA:0,(anonymous_3)
FNDA:0,(anonymous_4)
FNDA:0,(anonymous_5)
FNDA:0,(anonymous_6)
FNDA:0,(anonymous_7)
FNDA:0,(anonymous_8)
DA:1,0
DA:7,0
DA:8,0
DA:24,0
DA:25,0
DA:33,0
DA:37,0
DA:47,0
DA:57,0
DA:66,0
DA:71,0
DA:80,0
DA:82,0
DA:88,0
DA:96,0
LF:15
LH:0
BRDA:37,0,0,0
BRDA:37,0,1,0
BRDA:57,1,0,0
BRDA:57,1,1,0
BRF:4
BRH:0
end_of_record
TN:
SF:src/performance-reviews/presentation/controllers/calibration.controller.ts
FN:34,(anonymous_4)
FN:50,(anonymous_5)
FN:83,(anonymous_6)
FN:120,(anonymous_7)
FN:154,(anonymous_8)
FNF:5
FNH:0
FNDA:0,(anonymous_4)
FNDA:0,(anonymous_5)
FNDA:0,(anonymous_6)
FNDA:0,(anonymous_7)
FNDA:0,(anonymous_8)
DA:1,0
DA:10,0
DA:11,0
DA:12,0
DA:13,0
DA:14,0
DA:15,0
DA:16,0
DA:21,0
DA:22,0
DA:23,0
DA:24,0
DA:25,0
DA:26,0
DA:33,0
DA:35,0
DA:36,0
DA:37,0
DA:38,0
DA:50,0
DA:53,0
DA:57,0
DA:58,0
DA:61,0
DA:83,0
DA:88,0
DA:94,0
DA:95,0
DA:98,0
DA:120,0
DA:125,0
DA:138,0
DA:154,0
DA:158,0
DA:163,0
DA:164,0
DA:167,0
LF:37
LH:0
BRDA:57,0,0,0
BRDA:67,1,0,0
BRDA:67,1,1,0
BRDA:68,2,0,0
BRDA:68,2,1,0
BRDA:94,3,0,0
BRDA:104,4,0,0
BRDA:104,4,1,0
BRDA:105,5,0,0
BRDA:105,5,1,0
BRDA:163,6,0,0
BRDA:173,7,0,0
BRDA:173,7,1,0
BRDA:174,8,0,0
BRDA:174,8,1,0
BRF:15
BRH:0
end_of_record
TN:
SF:src/performance-reviews/presentation/controllers/final-scores.controller.ts
FN:35,(anonymous_4)
FN:51,(anonymous_5)
FN:84,(anonymous_6)
FN:119,(anonymous_7)
FN:163,(anonymous_8)
FN:201,(anonymous_9)
FNF:6
FNH:0
FNDA:0,(anonymous_4)
FNDA:0,(anonymous_5)
FNDA:0,(anonymous_6)
FNDA:0,(anonymous_7)
FNDA:0,(anonymous_8)
FNDA:0,(anonymous_9)
DA:1,0
DA:10,0
DA:11,0
DA:12,0
DA:13,0
DA:14,0
DA:15,0
DA:16,0
DA:22,0
DA:23,0
DA:24,0
DA:25,0
DA:26,0
DA:27,0
DA:34,0
DA:36,0
DA:37,0
DA:38,0
DA:39,0
DA:51,0
DA:55,0
DA:57,0
DA:58,0
DA:61,0
DA:84,0
DA:88,0
DA:90,0
DA:91,0
DA:94,0
DA:119,0
DA:126,0
DA:128,0
DA:129,0
DA:132,0
DA:138,0
DA:163,0
DA:169,0
DA:177,0
DA:201,0
DA:206,0
DA:213,0
LF:41
LH:0
BRDA:57,0,0,0
BRDA:69,1,0,0
BRDA:69,1,1,0
BRDA:70,2,0,0
BRDA:70,2,1,0
BRDA:90,3,0,0
BRDA:102,4,0,0
BRDA:102,4,1,0
BRDA:103,5,0,0
BRDA:103,5,1,0
BRDA:128,6,0,0
BRDA:146,7,0,0
BRDA:146,7,1,0
BRDA:147,8,0,0
BRDA:147,8,1,0
BRDA:221,9,0,0
BRDA:221,9,1,0
BRDA:222,10,0,0
BRDA:222,10,1,0
BRF:19
BRH:0
end_of_record
TN:
SF:src/performance-reviews/presentation/controllers/manager-evaluations.controller.ts
FN:36,(anonymous_4)
FN:52,(anonymous_5)
FN:95,(anonymous_6)
FN:147,(anonymous_7)
FNF:4
FNH:0
FNDA:0,(anonymous_4)
FNDA:0,(anonymous_5)
FNDA:0,(anonymous_6)
FNDA:0,(anonymous_7)
DA:1,0
DA:12,0
DA:13,0
DA:14,0
DA:15,0
DA:16,0
DA:17,0
DA:18,0
DA:23,0
DA:24,0
DA:25,0
DA:26,0
DA:27,0
DA:28,0
DA:35,0
DA:37,0
DA:38,0
DA:39,0
DA:52,0
DA:57,0
DA:63,0
DA:64,0
DA:67,0
DA:95,0
DA:101,0
DA:102,0
DA:103,0
DA:104,0
DA:105,0
DA:106,0
DA:108,0
DA:116,0
DA:117,0
DA:120,0
DA:147,0
DA:153,0
DA:170,0
DA:171,0
DA:174,0
LF:39
LH:0
BRDA:63,0,0,0
BRDA:79,1,0,0
BRDA:79,1,1,0
BRDA:102,2,0,0
BRDA:103,3,0,0
BRDA:104,4,0,0
BRDA:105,5,0,0
BRDA:106,6,0,0
BRDA:112,7,0,0
BRDA:112,7,1,0
BRDA:116,8,0,0
BRDA:132,9,0,0
BRDA:132,9,1,0
BRDA:170,10,0,0
BRF:14
BRH:0
end_of_record
TN:
SF:src/performance-reviews/presentation/controllers/peer-feedback.controller.ts
FN:33,(anonymous_4)
FN:47,(anonymous_5)
FN:55,(anonymous_6)
FN:58,(anonymous_7)
FN:78,(anonymous_8)
FN:112,(anonymous_9)
FN:128,(anonymous_10)
FNF:7
FNH:0
FNDA:0,(anonymous_4)
FNDA:0,(anonymous_5)
FNDA:0,(anonymous_6)
FNDA:0,(anonymous_7)
FNDA:0,(anonymous_8)
FNDA:0,(anonymous_9)
FNDA:0,(anonymous_10)
DA:1,0
DA:10,0
DA:11,0
DA:12,0
DA:13,0
DA:14,0
DA:15,0
DA:21,0
DA:22,0
DA:23,0
DA:24,0
DA:25,0
DA:32,0
DA:34,0
DA:35,0
DA:36,0
DA:47,0
DA:52,0
DA:55,0
DA:58,0
DA:78,0
DA:84,0
DA:98,0
DA:112,0
DA:116,0
DA:121,0
DA:129,0
LF:27
LH:0
BRF:0
BRH:0
end_of_record
TN:
SF:src/performance-reviews/presentation/controllers/review-cycles.controller.ts
FN:29,(anonymous_4)
FN:45,(anonymous_5)
FN:83,(anonymous_6)
FN:111,(anonymous_7)
FNF:4
FNH:0
FNDA:0,(anonymous_4)
FNDA:0,(anonymous_5)
FNDA:0,(anonymous_6)
FNDA:0,(anonymous_7)
DA:1,0
DA:10,0
DA:11,0
DA:12,0
DA:13,0
DA:14,0
DA:15,0
DA:19,0
DA:20,0
DA:21,0
DA:28,0
DA:30,0
DA:31,0
DA:32,0
DA:45,0
DA:48,0
DA:60,0
DA:83,0
DA:84,0
DA:86,0
DA:111,0
DA:112,0
DA:115,0
DA:117,0
LF:24
LH:0
BRF:0
BRH:0
end_of_record
TN:
SF:src/performance-reviews/presentation/controllers/score-adjustments.controller.ts
FN:32,(anonymous_4)
FN:50,(anonymous_5)
FN:98,(anonymous_6)
FNF:3
FNH:0
FNDA:0,(anonymous_4)
FNDA:0,(anonymous_5)
FNDA:0,(anonymous_6)
DA:1,0
DA:11,0
DA:12,0
DA:13,0
DA:14,0
DA:15,0
DA:16,0
DA:17,0
DA:21,0
DA:22,0
DA:23,0
DA:24,0
DA:31,0
DA:33,0
DA:34,0
DA:50,0
DA:56,0
DA:70,0
DA:98,0
DA:103,0
DA:110,0
LF:21
LH:0
BRDA:120,0,0,0
BRDA:120,0,1,0
BRF:2
BRH:0
end_of_record
TN:
SF:src/performance-reviews/presentation/controllers/self-reviews.controller.ts
FN:34,(anonymous_4)
FN:48,(anonymous_5)
FN:83,(anonymous_6)
FN:127,(anonymous_7)
FNF:4
FNH:0
FNDA:0,(anonymous_4)
FNDA:0,(anonymous_5)
FNDA:0,(anonymous_6)
FNDA:0,(anonymous_7)
DA:1,0
DA:11,0
DA:12,0
DA:13,0
DA:14,0
DA:15,0
DA:16,0
DA:20,0
DA:21,0
DA:22,0
DA:23,0
DA:24,0
DA:25,0
DA:26,0
DA:33,0
DA:35,0
DA:36,0
DA:37,0
DA:48,0
DA:52,0
DA:57,0
DA:83,0
DA:88,0
DA:89,0
DA:90,0
DA:91,0
DA:92,0
DA:93,0
DA:95,0
DA:102,0
DA:127,0
DA:131,0
DA:136,0
LF:33
LH:0
BRDA:68,0,0,0
BRDA:68,0,1,0
BRDA:89,1,0,0
BRDA:90,2,0,0
BRDA:91,3,0,0
BRDA:92,4,0,0
BRDA:93,5,0,0
BRDA:98,6,0,0
BRDA:98,6,1,0
BRDA:99,7,0,0
BRDA:99,7,1,0
BRDA:113,8,0,0
BRDA:113,8,1,0
BRF:13
BRH:0
end_of_record
TN:
SF:src/performance-reviews/presentation/decorators/current-user.decorator.ts
FN:14,(anonymous_0)
FNF:1
FNH:0
FNDA:0,(anonymous_0)
DA:1,0
DA:13,0
DA:15,0
DA:16,0
LF:4
LH:0
BRF:0
BRH:0
end_of_record
TN:
SF:src/performance-reviews/presentation/decorators/roles.decorator.ts
FN:4,(anonymous_0)
FNF:1
FNH:0
FNDA:0,(anonymous_0)
DA:1,0
DA:3,0
DA:4,0
LF:3
LH:0
BRF:0
BRH:0
end_of_record
TN:
SF:src/performance-reviews/presentation/dto/calibration.dto.ts
FN:4,(anonymous_2)
FNF:1
FNH:0
FNDA:0,(anonymous_2)
DA:1,0
DA:2,0
DA:4,0
DA:5,0
DA:6,0
DA:7,0
DA:8,0
DA:11,0
DA:18,0
DA:21,0
DA:26,0
DA:32,0
DA:38,0
DA:44,0
DA:50,0
DA:58,0
DA:61,0
DA:63,0
DA:66,0
DA:69,0
DA:72,0
DA:75,0
DA:78,0
DA:81,0
DA:84,0
DA:87,0
DA:90,0
DA:92,0
DA:95,0
DA:98,0
DA:101,0
DA:104,0
DA:107,0
DA:110,0
DA:113,0
DA:116,0
DA:119,0
LF:37
LH:0
BRDA:4,0,0,0
BRDA:4,0,1,0
BRF:2
BRH:0
end_of_record
TN:
SF:src/performance-reviews/presentation/dto/final-score.dto.ts
FNF:0
FNH:0
DA:1,0
DA:2,0
DA:4,0
DA:11,0
DA:14,0
DA:16,0
DA:19,0
DA:22,0
DA:25,0
DA:28,0
DA:31,0
DA:34,0
DA:37,0
DA:40,0
DA:43,0
DA:46,0
DA:49,0
DA:51,0
DA:59,0
DA:70,0
DA:79,0
DA:81,0
DA:84,0
DA:87,0
DA:90,0
DA:93,0
DA:96,0
DA:99,0
DA:102,0
DA:105,0
DA:108,0
DA:111,0
LF:32
LH:0
BRF:0
BRH:0
end_of_record
TN:
SF:src/performance-reviews/presentation/dto/manager-evaluation.dto.ts
FNF:0
FNH:0
DA:1,0
DA:2,0
DA:4,0
DA:10,0
DA:17,0
DA:24,0
DA:31,0
DA:38,0
DA:47,0
DA:50,0
DA:55,0
DA:61,0
DA:67,0
DA:73,0
DA:79,0
DA:87,0
DA:95,0
DA:103,0
DA:111,0
DA:114,0
DA:116,0
DA:119,0
DA:122,0
DA:125,0
DA:128,0
DA:131,0
DA:134,0
DA:137,0
DA:140,0
DA:143,0
DA:146,0
DA:149,0
DA:152,0
DA:155,0
LF:34
LH:0
BRF:0
BRH:0
end_of_record
TN:
SF:src/performance-reviews/presentation/dto/peer-feedback.dto.ts
FNF:0
FNH:0
DA:1,0
DA:2,0
DA:4,0
DA:13,0
DA:16,0
DA:21,0
DA:27,0
DA:33,0
DA:39,0
DA:45,0
DA:53,0
DA:56,0
DA:58,0
DA:61,0
DA:64,0
DA:67,0
DA:70,0
DA:73,0
DA:76,0
DA:79,0
DA:82,0
DA:84,0
DA:87,0
DA:90,0
DA:93,0
DA:96,0
DA:99,0
DA:102,0
DA:105,0
DA:108,0
DA:111,0
DA:114,0
DA:116,0
DA:119,0
DA:122,0
DA:125,0
DA:128,0
DA:131,0
DA:139,0
LF:39
LH:0
BRF:0
BRH:0
end_of_record
TN:
SF:src/performance-reviews/presentation/dto/review-cycle.dto.ts
FN:4,(anonymous_2)
FNF:1
FNH:0
FNDA:0,(anonymous_2)
DA:1,0
DA:2,0
DA:4,0
DA:5,0
DA:6,0
DA:7,0
DA:8,0
DA:9,0
DA:12,0
DA:15,0
DA:21,0
DA:25,0
DA:29,0
DA:33,0
DA:37,0
DA:41,0
DA:44,0
DA:47,0
DA:51,0
DA:55,0
DA:59,0
DA:63,0
DA:67,0
DA:70,0
DA:72,0
DA:75,0
DA:78,0
DA:81,0
DA:84,0
DA:87,0
DA:90,0
DA:93,0
DA:96,0
DA:99,0
DA:102,0
LF:35
LH:0
BRDA:4,0,0,0
BRDA:4,0,1,0
BRF:2
BRH:0
end_of_record
TN:
SF:src/performance-reviews/presentation/dto/self-review.dto.ts
FNF:0
FNH:0
DA:1,0
DA:2,0
DA:4,0
DA:10,0
DA:17,0
DA:24,0
DA:31,0
DA:38,0
DA:47,0
DA:50,0
DA:52,0
DA:55,0
DA:58,0
DA:61,0
DA:64,0
DA:67,0
DA:70,0
DA:73,0
DA:76,0
DA:79,0
DA:82,0
DA:85,0
DA:88,0
LF:23
LH:0
BRF:0
BRH:0
end_of_record
TN:
SF:src/performance-reviews/presentation/filters/review-exception.filter.ts
FN:40,(anonymous_1)
FNF:1
FNH:0
FNDA:0,(anonymous_1)
DA:1,0
DA:8,0
DA:9,0
DA:10,0
DA:11,0
DA:12,0
DA:13,0
DA:14,0
DA:15,0
DA:16,0
DA:17,0
DA:18,0
DA:19,0
DA:20,0
DA:21,0
DA:39,0
DA:41,0
DA:42,0
DA:45,0
DA:46,0
DA:48,0
DA:57,0
DA:58,0
DA:59,0
DA:65,0
DA:66,0
DA:67,0
DA:72,0
DA:73,0
DA:76,0
LF:30
LH:0
BRDA:48,0,0,0
BRDA:48,0,1,0
BRDA:49,1,0,0
BRDA:49,1,1,0
BRDA:49,1,2,0
BRDA:49,1,3,0
BRDA:49,1,4,0
BRDA:49,1,5,0
BRDA:49,1,6,0
BRDA:59,2,0,0
BRDA:59,2,1,0
BRDA:60,3,0,0
BRDA:60,3,1,0
BRDA:60,3,2,0
BRDA:60,3,3,0
BRDA:67,4,0,0
BRDA:68,5,0,0
BRDA:68,5,1,0
BRDA:68,5,2,0
BRF:19
BRH:0
end_of_record
TN:
SF:src/performance-reviews/presentation/guards/review-authorization.guard.ts
FN:7,(anonymous_2)
FN:9,(anonymous_3)
FN:27,(anonymous_4)
FNF:3
FNH:0
FNDA:0,(anonymous_2)
FNDA:0,(anonymous_3)
FNDA:0,(anonymous_4)
DA:1,0
DA:2,0
DA:3,0
DA:6,0
DA:7,0
DA:10,0
DA:15,0
DA:16,0
DA:19,0
DA:20,0
DA:22,0
DA:23,0
DA:27,0
DA:29,0
DA:30,0
DA:33,0
LF:16
LH:0
BRDA:15,0,0,0
BRDA:22,1,0,0
BRDA:29,2,0,0
BRF:3
BRH:0
end_of_record
TN:
SF:src/performance-reviews/presentation/validators/max-words.validator.ts
FN:7,MaxWords
FN:8,(anonymous_1)
FN:16,(anonymous_2)
FN:20,(anonymous_3)
FN:23,(anonymous_4)
FNF:5
FNH:0
FNDA:0,MaxWords
FNDA:0,(anonymous_1)
FNDA:0,(anonymous_2)
FNDA:0,(anonymous_3)
FNDA:0,(anonymous_4)
DA:1,0
DA:7,0
DA:8,0
DA:9,0
DA:17,0
DA:18,0
DA:20,0
DA:21,0
DA:24,0
LF:9
LH:0
BRDA:17,0,0,0
BRF:1
BRH:0
end_of_record
